ARM GAS  C:\Users\ADMINI~1\AppData\Local\Temp\ccCqjFDL.s 			page 1


   1              		.syntax unified
   2              		.cpu cortex-m3
   3              		.fpu softvfp
   4              		.eabi_attribute 20, 1
   5              		.eabi_attribute 21, 1
   6              		.eabi_attribute 23, 3
   7              		.eabi_attribute 24, 1
   8              		.eabi_attribute 25, 1
   9              		.eabi_attribute 26, 1
  10              		.eabi_attribute 30, 1
  11              		.eabi_attribute 34, 1
  12              		.eabi_attribute 18, 4
  13              		.thumb
  14              		.syntax unified
  15              		.file	"gpio.c"
  16              		.text
  17              	.Ltext0:
  18              		.cfi_sections	.debug_frame
  19              		.section	.text.MX_GPIO_Init,"ax",%progbits
  20              		.align	2
  21              		.global	MX_GPIO_Init
  22              		.thumb
  23              		.thumb_func
  25              	MX_GPIO_Init:
  26              	.LFB65:
  27              		.file 1 "Core/Src/gpio.c"
   1:Core/Src/gpio.c **** /**
   2:Core/Src/gpio.c ****   ******************************************************************************
   3:Core/Src/gpio.c ****   * File Name          : gpio.c
   4:Core/Src/gpio.c ****   * Description        : This file provides code for the configuration
   5:Core/Src/gpio.c ****   *                      of all used GPIO pins.
   6:Core/Src/gpio.c ****   ******************************************************************************
   7:Core/Src/gpio.c ****   * @attention
   8:Core/Src/gpio.c ****   *
   9:Core/Src/gpio.c ****   * <h2><center>&copy; Copyright (c) 2020 STMicroelectronics.
  10:Core/Src/gpio.c ****   * All rights reserved.</center></h2>
  11:Core/Src/gpio.c ****   *
  12:Core/Src/gpio.c ****   * This software component is licensed by ST under Ultimate Liberty license
  13:Core/Src/gpio.c ****   * SLA0044, the "License"; You may not use this file except in compliance with
  14:Core/Src/gpio.c ****   * the License. You may obtain a copy of the License at:
  15:Core/Src/gpio.c ****   *                             www.st.com/SLA0044
  16:Core/Src/gpio.c ****   *
  17:Core/Src/gpio.c ****   ******************************************************************************
  18:Core/Src/gpio.c ****   */
  19:Core/Src/gpio.c **** 
  20:Core/Src/gpio.c **** /* Includes ------------------------------------------------------------------*/
  21:Core/Src/gpio.c **** #include "gpio.h"
  22:Core/Src/gpio.c **** /* USER CODE BEGIN 0 */
  23:Core/Src/gpio.c **** 
  24:Core/Src/gpio.c **** /* USER CODE END 0 */
  25:Core/Src/gpio.c **** 
  26:Core/Src/gpio.c **** /*----------------------------------------------------------------------------*/
  27:Core/Src/gpio.c **** /* Configure GPIO                                                             */
  28:Core/Src/gpio.c **** /*----------------------------------------------------------------------------*/
  29:Core/Src/gpio.c **** /* USER CODE BEGIN 1 */
  30:Core/Src/gpio.c **** 
  31:Core/Src/gpio.c **** /* USER CODE END 1 */
ARM GAS  C:\Users\ADMINI~1\AppData\Local\Temp\ccCqjFDL.s 			page 2


  32:Core/Src/gpio.c **** 
  33:Core/Src/gpio.c **** /** Configure pins as
  34:Core/Src/gpio.c ****         * Analog
  35:Core/Src/gpio.c ****         * Input
  36:Core/Src/gpio.c ****         * Output
  37:Core/Src/gpio.c ****         * EVENT_OUT
  38:Core/Src/gpio.c ****         * EXTI
  39:Core/Src/gpio.c **** */
  40:Core/Src/gpio.c **** void MX_GPIO_Init(void)
  41:Core/Src/gpio.c **** {
  28              		.loc 1 41 0
  29              		.cfi_startproc
  30              		@ args = 0, pretend = 0, frame = 32
  31              		@ frame_needed = 0, uses_anonymous_args = 0
  32 0000 2DE9F041 		push	{r4, r5, r6, r7, r8, lr}
  33              	.LCFI0:
  34              		.cfi_def_cfa_offset 24
  35              		.cfi_offset 4, -24
  36              		.cfi_offset 5, -20
  37              		.cfi_offset 6, -16
  38              		.cfi_offset 7, -12
  39              		.cfi_offset 8, -8
  40              		.cfi_offset 14, -4
  41 0004 88B0     		sub	sp, sp, #32
  42              	.LCFI1:
  43              		.cfi_def_cfa_offset 56
  42:Core/Src/gpio.c **** 
  43:Core/Src/gpio.c ****   GPIO_InitTypeDef GPIO_InitStruct = {0};
  44              		.loc 1 43 0
  45 0006 0024     		movs	r4, #0
  46 0008 0494     		str	r4, [sp, #16]
  47 000a 0594     		str	r4, [sp, #20]
  48 000c 0694     		str	r4, [sp, #24]
  49 000e 0794     		str	r4, [sp, #28]
  50              	.LBB2:
  44:Core/Src/gpio.c **** 
  45:Core/Src/gpio.c ****   /* GPIO Ports Clock Enable */
  46:Core/Src/gpio.c ****   __HAL_RCC_GPIOC_CLK_ENABLE();
  51              		.loc 1 46 0
  52 0010 2C4B     		ldr	r3, .L3
  53 0012 9A69     		ldr	r2, [r3, #24]
  54 0014 42F01002 		orr	r2, r2, #16
  55 0018 9A61     		str	r2, [r3, #24]
  56 001a 9A69     		ldr	r2, [r3, #24]
  57 001c 02F01002 		and	r2, r2, #16
  58 0020 0092     		str	r2, [sp]
  59 0022 009A     		ldr	r2, [sp]
  60              	.LBE2:
  61              	.LBB3:
  47:Core/Src/gpio.c ****   __HAL_RCC_GPIOD_CLK_ENABLE();
  62              		.loc 1 47 0
  63 0024 9A69     		ldr	r2, [r3, #24]
  64 0026 42F02002 		orr	r2, r2, #32
  65 002a 9A61     		str	r2, [r3, #24]
  66 002c 9A69     		ldr	r2, [r3, #24]
  67 002e 02F02002 		and	r2, r2, #32
  68 0032 0192     		str	r2, [sp, #4]
ARM GAS  C:\Users\ADMINI~1\AppData\Local\Temp\ccCqjFDL.s 			page 3


  69 0034 019A     		ldr	r2, [sp, #4]
  70              	.LBE3:
  71              	.LBB4:
  48:Core/Src/gpio.c ****   __HAL_RCC_GPIOA_CLK_ENABLE();
  72              		.loc 1 48 0
  73 0036 9A69     		ldr	r2, [r3, #24]
  74 0038 42F00402 		orr	r2, r2, #4
  75 003c 9A61     		str	r2, [r3, #24]
  76 003e 9A69     		ldr	r2, [r3, #24]
  77 0040 02F00402 		and	r2, r2, #4
  78 0044 0292     		str	r2, [sp, #8]
  79 0046 029A     		ldr	r2, [sp, #8]
  80              	.LBE4:
  81              	.LBB5:
  49:Core/Src/gpio.c ****   __HAL_RCC_GPIOB_CLK_ENABLE();
  82              		.loc 1 49 0
  83 0048 9A69     		ldr	r2, [r3, #24]
  84 004a 42F00802 		orr	r2, r2, #8
  85 004e 9A61     		str	r2, [r3, #24]
  86 0050 9B69     		ldr	r3, [r3, #24]
  87 0052 03F00803 		and	r3, r3, #8
  88 0056 0393     		str	r3, [sp, #12]
  89 0058 039B     		ldr	r3, [sp, #12]
  90              	.LBE5:
  50:Core/Src/gpio.c **** 
  51:Core/Src/gpio.c ****   /*Configure GPIO pin Output Level */
  52:Core/Src/gpio.c ****   HAL_GPIO_WritePin(GPIOA, SEG1_CLK_Pin|SEG1_DIO_Pin, GPIO_PIN_RESET);
  91              		.loc 1 52 0
  92 005a DFF87480 		ldr	r8, .L3+12
  93 005e 2246     		mov	r2, r4
  94 0060 C021     		movs	r1, #192
  95 0062 4046     		mov	r0, r8
  96 0064 FFF7FEFF 		bl	HAL_GPIO_WritePin
  97              	.LVL0:
  53:Core/Src/gpio.c **** 
  54:Core/Src/gpio.c ****   /*Configure GPIO pin Output Level */
  55:Core/Src/gpio.c ****   HAL_GPIO_WritePin(GPIOC, SEG4_CLK_Pin|SEG4_DIO_Pin, GPIO_PIN_RESET);
  98              		.loc 1 55 0
  99 0068 174F     		ldr	r7, .L3+4
 100 006a 2246     		mov	r2, r4
 101 006c 3021     		movs	r1, #48
 102 006e 3846     		mov	r0, r7
 103 0070 FFF7FEFF 		bl	HAL_GPIO_WritePin
 104              	.LVL1:
  56:Core/Src/gpio.c **** 
  57:Core/Src/gpio.c ****   /*Configure GPIO pin Output Level */
  58:Core/Src/gpio.c ****   HAL_GPIO_WritePin(GPIOB, SEG2_CLK_Pin|SEG2_DIO_Pin|SEG3_CLK_Pin|SEG3_DIO_Pin, GPIO_PIN_RESET);
 105              		.loc 1 58 0
 106 0074 154E     		ldr	r6, .L3+8
 107 0076 2246     		mov	r2, r4
 108 0078 40F60341 		movw	r1, #3075
 109 007c 3046     		mov	r0, r6
 110 007e FFF7FEFF 		bl	HAL_GPIO_WritePin
 111              	.LVL2:
  59:Core/Src/gpio.c **** 
  60:Core/Src/gpio.c ****   /*Configure GPIO pins : PAPin PAPin */
  61:Core/Src/gpio.c ****   GPIO_InitStruct.Pin = SEG1_CLK_Pin|SEG1_DIO_Pin;
ARM GAS  C:\Users\ADMINI~1\AppData\Local\Temp\ccCqjFDL.s 			page 4


 112              		.loc 1 61 0
 113 0082 C023     		movs	r3, #192
 114 0084 0493     		str	r3, [sp, #16]
  62:Core/Src/gpio.c ****   GPIO_InitStruct.Mode = GPIO_MODE_OUTPUT_PP;
 115              		.loc 1 62 0
 116 0086 0124     		movs	r4, #1
 117 0088 0594     		str	r4, [sp, #20]
  63:Core/Src/gpio.c ****   GPIO_InitStruct.Pull = GPIO_PULLUP;
 118              		.loc 1 63 0
 119 008a 0694     		str	r4, [sp, #24]
  64:Core/Src/gpio.c ****   GPIO_InitStruct.Speed = GPIO_SPEED_FREQ_HIGH;
 120              		.loc 1 64 0
 121 008c 0325     		movs	r5, #3
 122 008e 0795     		str	r5, [sp, #28]
  65:Core/Src/gpio.c ****   HAL_GPIO_Init(GPIOA, &GPIO_InitStruct);
 123              		.loc 1 65 0
 124 0090 04A9     		add	r1, sp, #16
 125 0092 4046     		mov	r0, r8
 126 0094 FFF7FEFF 		bl	HAL_GPIO_Init
 127              	.LVL3:
  66:Core/Src/gpio.c **** 
  67:Core/Src/gpio.c ****   /*Configure GPIO pins : PCPin PCPin */
  68:Core/Src/gpio.c ****   GPIO_InitStruct.Pin = SEG4_CLK_Pin|SEG4_DIO_Pin;
 128              		.loc 1 68 0
 129 0098 3023     		movs	r3, #48
 130 009a 0493     		str	r3, [sp, #16]
  69:Core/Src/gpio.c ****   GPIO_InitStruct.Mode = GPIO_MODE_OUTPUT_PP;
 131              		.loc 1 69 0
 132 009c 0594     		str	r4, [sp, #20]
  70:Core/Src/gpio.c ****   GPIO_InitStruct.Pull = GPIO_PULLUP;
 133              		.loc 1 70 0
 134 009e 0694     		str	r4, [sp, #24]
  71:Core/Src/gpio.c ****   GPIO_InitStruct.Speed = GPIO_SPEED_FREQ_HIGH;
 135              		.loc 1 71 0
 136 00a0 0795     		str	r5, [sp, #28]
  72:Core/Src/gpio.c ****   HAL_GPIO_Init(GPIOC, &GPIO_InitStruct);
 137              		.loc 1 72 0
 138 00a2 04A9     		add	r1, sp, #16
 139 00a4 3846     		mov	r0, r7
 140 00a6 FFF7FEFF 		bl	HAL_GPIO_Init
 141              	.LVL4:
  73:Core/Src/gpio.c **** 
  74:Core/Src/gpio.c ****   /*Configure GPIO pins : PBPin PBPin PBPin PBPin */
  75:Core/Src/gpio.c ****   GPIO_InitStruct.Pin = SEG2_CLK_Pin|SEG2_DIO_Pin|SEG3_CLK_Pin|SEG3_DIO_Pin;
 142              		.loc 1 75 0
 143 00aa 40F60343 		movw	r3, #3075
 144 00ae 0493     		str	r3, [sp, #16]
  76:Core/Src/gpio.c ****   GPIO_InitStruct.Mode = GPIO_MODE_OUTPUT_PP;
 145              		.loc 1 76 0
 146 00b0 0594     		str	r4, [sp, #20]
  77:Core/Src/gpio.c ****   GPIO_InitStruct.Pull = GPIO_PULLUP;
 147              		.loc 1 77 0
 148 00b2 0694     		str	r4, [sp, #24]
  78:Core/Src/gpio.c ****   GPIO_InitStruct.Speed = GPIO_SPEED_FREQ_HIGH;
 149              		.loc 1 78 0
 150 00b4 0795     		str	r5, [sp, #28]
  79:Core/Src/gpio.c ****   HAL_GPIO_Init(GPIOB, &GPIO_InitStruct);
ARM GAS  C:\Users\ADMINI~1\AppData\Local\Temp\ccCqjFDL.s 			page 5


 151              		.loc 1 79 0
 152 00b6 04A9     		add	r1, sp, #16
 153 00b8 3046     		mov	r0, r6
 154 00ba FFF7FEFF 		bl	HAL_GPIO_Init
 155              	.LVL5:
  80:Core/Src/gpio.c **** 
  81:Core/Src/gpio.c **** }
 156              		.loc 1 81 0
 157 00be 08B0     		add	sp, sp, #32
 158              	.LCFI2:
 159              		.cfi_def_cfa_offset 24
 160              		@ sp needed
 161 00c0 BDE8F081 		pop	{r4, r5, r6, r7, r8, pc}
 162              	.L4:
 163              		.align	2
 164              	.L3:
 165 00c4 00100240 		.word	1073876992
 166 00c8 00100140 		.word	1073811456
 167 00cc 000C0140 		.word	1073810432
 168 00d0 00080140 		.word	1073809408
 169              		.cfi_endproc
 170              	.LFE65:
 172              		.text
 173              	.Letext0:
 174              		.file 2 "d:\\devtools\\gcc-arm\\arm-none-eabi\\include\\machine\\_default_types.h"
 175              		.file 3 "d:\\devtools\\gcc-arm\\arm-none-eabi\\include\\sys\\_stdint.h"
 176              		.file 4 "Drivers/CMSIS/Device/ST/STM32F1xx/Include/stm32f103xe.h"
 177              		.file 5 "Drivers/STM32F1xx_HAL_Driver/Inc/stm32f1xx_hal_gpio.h"
 178              		.file 6 "Drivers/CMSIS/Include/core_cm3.h"
ARM GAS  C:\Users\ADMINI~1\AppData\Local\Temp\ccCqjFDL.s 			page 6


DEFINED SYMBOLS
                            *ABS*:00000000 gpio.c
C:\Users\ADMINI~1\AppData\Local\Temp\ccCqjFDL.s:20     .text.MX_GPIO_Init:00000000 $t
C:\Users\ADMINI~1\AppData\Local\Temp\ccCqjFDL.s:25     .text.MX_GPIO_Init:00000000 MX_GPIO_Init
C:\Users\ADMINI~1\AppData\Local\Temp\ccCqjFDL.s:165    .text.MX_GPIO_Init:000000c4 $d
                     .debug_frame:00000010 $d

UNDEFINED SYMBOLS
HAL_GPIO_WritePin
HAL_GPIO_Init
