ARM GAS  C:\Users\ADMINI~1\AppData\Local\Temp\ccLf9um7.s 			page 1


   1              		.syntax unified
   2              		.cpu cortex-m3
   3              		.fpu softvfp
   4              		.eabi_attribute 20, 1
   5              		.eabi_attribute 21, 1
   6              		.eabi_attribute 23, 3
   7              		.eabi_attribute 24, 1
   8              		.eabi_attribute 25, 1
   9              		.eabi_attribute 26, 1
  10              		.eabi_attribute 30, 1
  11              		.eabi_attribute 34, 1
  12              		.eabi_attribute 18, 4
  13              		.thumb
  14              		.syntax unified
  15              		.file	"stm32f1xx_hal_pcd_ex.c"
  16              		.text
  17              	.Ltext0:
  18              		.cfi_sections	.debug_frame
  19              		.section	.text.HAL_PCDEx_PMAConfig,"ax",%progbits
  20              		.align	2
  21              		.global	HAL_PCDEx_PMAConfig
  22              		.thumb
  23              		.thumb_func
  25              	HAL_PCDEx_PMAConfig:
  26              	.LFB65:
  27              		.file 1 "Drivers/STM32F1xx_HAL_Driver/Src/stm32f1xx_hal_pcd_ex.c"
   1:Drivers/STM32F1xx_HAL_Driver/Src/stm32f1xx_hal_pcd_ex.c **** /**
   2:Drivers/STM32F1xx_HAL_Driver/Src/stm32f1xx_hal_pcd_ex.c ****   ******************************************************************************
   3:Drivers/STM32F1xx_HAL_Driver/Src/stm32f1xx_hal_pcd_ex.c ****   * @file    stm32f1xx_hal_pcd_ex.c
   4:Drivers/STM32F1xx_HAL_Driver/Src/stm32f1xx_hal_pcd_ex.c ****   * @author  MCD Application Team
   5:Drivers/STM32F1xx_HAL_Driver/Src/stm32f1xx_hal_pcd_ex.c ****   * @brief   PCD Extended HAL module driver.
   6:Drivers/STM32F1xx_HAL_Driver/Src/stm32f1xx_hal_pcd_ex.c ****   *          This file provides firmware functions to manage the following
   7:Drivers/STM32F1xx_HAL_Driver/Src/stm32f1xx_hal_pcd_ex.c ****   *          functionalities of the USB Peripheral Controller:
   8:Drivers/STM32F1xx_HAL_Driver/Src/stm32f1xx_hal_pcd_ex.c ****   *           + Extended features functions
   9:Drivers/STM32F1xx_HAL_Driver/Src/stm32f1xx_hal_pcd_ex.c ****   *
  10:Drivers/STM32F1xx_HAL_Driver/Src/stm32f1xx_hal_pcd_ex.c ****   ******************************************************************************
  11:Drivers/STM32F1xx_HAL_Driver/Src/stm32f1xx_hal_pcd_ex.c ****   * @attention
  12:Drivers/STM32F1xx_HAL_Driver/Src/stm32f1xx_hal_pcd_ex.c ****   *
  13:Drivers/STM32F1xx_HAL_Driver/Src/stm32f1xx_hal_pcd_ex.c ****   * <h2><center>&copy; Copyright (c) 2016 STMicroelectronics.
  14:Drivers/STM32F1xx_HAL_Driver/Src/stm32f1xx_hal_pcd_ex.c ****   * All rights reserved.</center></h2>
  15:Drivers/STM32F1xx_HAL_Driver/Src/stm32f1xx_hal_pcd_ex.c ****   *
  16:Drivers/STM32F1xx_HAL_Driver/Src/stm32f1xx_hal_pcd_ex.c ****   * This software component is licensed by ST under BSD 3-Clause license,
  17:Drivers/STM32F1xx_HAL_Driver/Src/stm32f1xx_hal_pcd_ex.c ****   * the "License"; You may not use this file except in compliance with the
  18:Drivers/STM32F1xx_HAL_Driver/Src/stm32f1xx_hal_pcd_ex.c ****   * License. You may obtain a copy of the License at:
  19:Drivers/STM32F1xx_HAL_Driver/Src/stm32f1xx_hal_pcd_ex.c ****   *                        opensource.org/licenses/BSD-3-Clause
  20:Drivers/STM32F1xx_HAL_Driver/Src/stm32f1xx_hal_pcd_ex.c ****   *
  21:Drivers/STM32F1xx_HAL_Driver/Src/stm32f1xx_hal_pcd_ex.c ****   ******************************************************************************
  22:Drivers/STM32F1xx_HAL_Driver/Src/stm32f1xx_hal_pcd_ex.c ****   */
  23:Drivers/STM32F1xx_HAL_Driver/Src/stm32f1xx_hal_pcd_ex.c **** 
  24:Drivers/STM32F1xx_HAL_Driver/Src/stm32f1xx_hal_pcd_ex.c **** /* Includes ------------------------------------------------------------------*/
  25:Drivers/STM32F1xx_HAL_Driver/Src/stm32f1xx_hal_pcd_ex.c **** #include "stm32f1xx_hal.h"
  26:Drivers/STM32F1xx_HAL_Driver/Src/stm32f1xx_hal_pcd_ex.c **** 
  27:Drivers/STM32F1xx_HAL_Driver/Src/stm32f1xx_hal_pcd_ex.c **** /** @addtogroup STM32F1xx_HAL_Driver
  28:Drivers/STM32F1xx_HAL_Driver/Src/stm32f1xx_hal_pcd_ex.c ****   * @{
  29:Drivers/STM32F1xx_HAL_Driver/Src/stm32f1xx_hal_pcd_ex.c ****   */
  30:Drivers/STM32F1xx_HAL_Driver/Src/stm32f1xx_hal_pcd_ex.c **** 
  31:Drivers/STM32F1xx_HAL_Driver/Src/stm32f1xx_hal_pcd_ex.c **** /** @defgroup PCDEx PCDEx
ARM GAS  C:\Users\ADMINI~1\AppData\Local\Temp\ccLf9um7.s 			page 2


  32:Drivers/STM32F1xx_HAL_Driver/Src/stm32f1xx_hal_pcd_ex.c ****   * @brief PCD Extended HAL module driver
  33:Drivers/STM32F1xx_HAL_Driver/Src/stm32f1xx_hal_pcd_ex.c ****   * @{
  34:Drivers/STM32F1xx_HAL_Driver/Src/stm32f1xx_hal_pcd_ex.c ****   */
  35:Drivers/STM32F1xx_HAL_Driver/Src/stm32f1xx_hal_pcd_ex.c **** 
  36:Drivers/STM32F1xx_HAL_Driver/Src/stm32f1xx_hal_pcd_ex.c **** #ifdef HAL_PCD_MODULE_ENABLED
  37:Drivers/STM32F1xx_HAL_Driver/Src/stm32f1xx_hal_pcd_ex.c **** 
  38:Drivers/STM32F1xx_HAL_Driver/Src/stm32f1xx_hal_pcd_ex.c **** #if defined (USB) || defined (USB_OTG_FS)
  39:Drivers/STM32F1xx_HAL_Driver/Src/stm32f1xx_hal_pcd_ex.c **** /* Private types -------------------------------------------------------------*/
  40:Drivers/STM32F1xx_HAL_Driver/Src/stm32f1xx_hal_pcd_ex.c **** /* Private variables ---------------------------------------------------------*/
  41:Drivers/STM32F1xx_HAL_Driver/Src/stm32f1xx_hal_pcd_ex.c **** /* Private constants ---------------------------------------------------------*/
  42:Drivers/STM32F1xx_HAL_Driver/Src/stm32f1xx_hal_pcd_ex.c **** /* Private macros ------------------------------------------------------------*/
  43:Drivers/STM32F1xx_HAL_Driver/Src/stm32f1xx_hal_pcd_ex.c **** /* Private functions ---------------------------------------------------------*/
  44:Drivers/STM32F1xx_HAL_Driver/Src/stm32f1xx_hal_pcd_ex.c **** /* Exported functions --------------------------------------------------------*/
  45:Drivers/STM32F1xx_HAL_Driver/Src/stm32f1xx_hal_pcd_ex.c **** 
  46:Drivers/STM32F1xx_HAL_Driver/Src/stm32f1xx_hal_pcd_ex.c **** /** @defgroup PCDEx_Exported_Functions PCDEx Exported Functions
  47:Drivers/STM32F1xx_HAL_Driver/Src/stm32f1xx_hal_pcd_ex.c ****   * @{
  48:Drivers/STM32F1xx_HAL_Driver/Src/stm32f1xx_hal_pcd_ex.c ****   */
  49:Drivers/STM32F1xx_HAL_Driver/Src/stm32f1xx_hal_pcd_ex.c **** 
  50:Drivers/STM32F1xx_HAL_Driver/Src/stm32f1xx_hal_pcd_ex.c **** /** @defgroup PCDEx_Exported_Functions_Group1 Peripheral Control functions
  51:Drivers/STM32F1xx_HAL_Driver/Src/stm32f1xx_hal_pcd_ex.c ****   * @brief    PCDEx control functions
  52:Drivers/STM32F1xx_HAL_Driver/Src/stm32f1xx_hal_pcd_ex.c ****   *
  53:Drivers/STM32F1xx_HAL_Driver/Src/stm32f1xx_hal_pcd_ex.c **** @verbatim
  54:Drivers/STM32F1xx_HAL_Driver/Src/stm32f1xx_hal_pcd_ex.c ****  ===============================================================================
  55:Drivers/STM32F1xx_HAL_Driver/Src/stm32f1xx_hal_pcd_ex.c ****                  ##### Extended features functions #####
  56:Drivers/STM32F1xx_HAL_Driver/Src/stm32f1xx_hal_pcd_ex.c ****  ===============================================================================
  57:Drivers/STM32F1xx_HAL_Driver/Src/stm32f1xx_hal_pcd_ex.c ****     [..]  This section provides functions allowing to:
  58:Drivers/STM32F1xx_HAL_Driver/Src/stm32f1xx_hal_pcd_ex.c ****       (+) Update FIFO configuration
  59:Drivers/STM32F1xx_HAL_Driver/Src/stm32f1xx_hal_pcd_ex.c **** 
  60:Drivers/STM32F1xx_HAL_Driver/Src/stm32f1xx_hal_pcd_ex.c **** @endverbatim
  61:Drivers/STM32F1xx_HAL_Driver/Src/stm32f1xx_hal_pcd_ex.c ****   * @{
  62:Drivers/STM32F1xx_HAL_Driver/Src/stm32f1xx_hal_pcd_ex.c ****   */
  63:Drivers/STM32F1xx_HAL_Driver/Src/stm32f1xx_hal_pcd_ex.c **** #if defined (USB_OTG_FS)
  64:Drivers/STM32F1xx_HAL_Driver/Src/stm32f1xx_hal_pcd_ex.c **** /**
  65:Drivers/STM32F1xx_HAL_Driver/Src/stm32f1xx_hal_pcd_ex.c ****   * @brief  Set Tx FIFO
  66:Drivers/STM32F1xx_HAL_Driver/Src/stm32f1xx_hal_pcd_ex.c ****   * @param  hpcd PCD handle
  67:Drivers/STM32F1xx_HAL_Driver/Src/stm32f1xx_hal_pcd_ex.c ****   * @param  fifo The number of Tx fifo
  68:Drivers/STM32F1xx_HAL_Driver/Src/stm32f1xx_hal_pcd_ex.c ****   * @param  size Fifo size
  69:Drivers/STM32F1xx_HAL_Driver/Src/stm32f1xx_hal_pcd_ex.c ****   * @retval HAL status
  70:Drivers/STM32F1xx_HAL_Driver/Src/stm32f1xx_hal_pcd_ex.c ****   */
  71:Drivers/STM32F1xx_HAL_Driver/Src/stm32f1xx_hal_pcd_ex.c **** HAL_StatusTypeDef HAL_PCDEx_SetTxFiFo(PCD_HandleTypeDef *hpcd, uint8_t fifo, uint16_t size)
  72:Drivers/STM32F1xx_HAL_Driver/Src/stm32f1xx_hal_pcd_ex.c **** {
  73:Drivers/STM32F1xx_HAL_Driver/Src/stm32f1xx_hal_pcd_ex.c ****   uint8_t i;
  74:Drivers/STM32F1xx_HAL_Driver/Src/stm32f1xx_hal_pcd_ex.c ****   uint32_t Tx_Offset;
  75:Drivers/STM32F1xx_HAL_Driver/Src/stm32f1xx_hal_pcd_ex.c **** 
  76:Drivers/STM32F1xx_HAL_Driver/Src/stm32f1xx_hal_pcd_ex.c ****   /*  TXn min size = 16 words. (n  : Transmit FIFO index)
  77:Drivers/STM32F1xx_HAL_Driver/Src/stm32f1xx_hal_pcd_ex.c ****       When a TxFIFO is not used, the Configuration should be as follows:
  78:Drivers/STM32F1xx_HAL_Driver/Src/stm32f1xx_hal_pcd_ex.c ****           case 1 :  n > m    and Txn is not used    (n,m  : Transmit FIFO indexes)
  79:Drivers/STM32F1xx_HAL_Driver/Src/stm32f1xx_hal_pcd_ex.c ****          --> Txm can use the space allocated for Txn.
  80:Drivers/STM32F1xx_HAL_Driver/Src/stm32f1xx_hal_pcd_ex.c ****          case2  :  n < m    and Txn is not used    (n,m  : Transmit FIFO indexes)
  81:Drivers/STM32F1xx_HAL_Driver/Src/stm32f1xx_hal_pcd_ex.c ****          --> Txn should be configured with the minimum space of 16 words
  82:Drivers/STM32F1xx_HAL_Driver/Src/stm32f1xx_hal_pcd_ex.c ****      The FIFO is used optimally when used TxFIFOs are allocated in the top
  83:Drivers/STM32F1xx_HAL_Driver/Src/stm32f1xx_hal_pcd_ex.c ****          of the FIFO.Ex: use EP1 and EP2 as IN instead of EP1 and EP3 as IN ones.
  84:Drivers/STM32F1xx_HAL_Driver/Src/stm32f1xx_hal_pcd_ex.c ****      When DMA is used 3n * FIFO locations should be reserved for internal DMA registers */
  85:Drivers/STM32F1xx_HAL_Driver/Src/stm32f1xx_hal_pcd_ex.c **** 
  86:Drivers/STM32F1xx_HAL_Driver/Src/stm32f1xx_hal_pcd_ex.c ****   Tx_Offset = hpcd->Instance->GRXFSIZ;
  87:Drivers/STM32F1xx_HAL_Driver/Src/stm32f1xx_hal_pcd_ex.c **** 
  88:Drivers/STM32F1xx_HAL_Driver/Src/stm32f1xx_hal_pcd_ex.c ****   if (fifo == 0U)
ARM GAS  C:\Users\ADMINI~1\AppData\Local\Temp\ccLf9um7.s 			page 3


  89:Drivers/STM32F1xx_HAL_Driver/Src/stm32f1xx_hal_pcd_ex.c ****   {
  90:Drivers/STM32F1xx_HAL_Driver/Src/stm32f1xx_hal_pcd_ex.c ****     hpcd->Instance->DIEPTXF0_HNPTXFSIZ = ((uint32_t)size << 16) | Tx_Offset;
  91:Drivers/STM32F1xx_HAL_Driver/Src/stm32f1xx_hal_pcd_ex.c ****   }
  92:Drivers/STM32F1xx_HAL_Driver/Src/stm32f1xx_hal_pcd_ex.c ****   else
  93:Drivers/STM32F1xx_HAL_Driver/Src/stm32f1xx_hal_pcd_ex.c ****   {
  94:Drivers/STM32F1xx_HAL_Driver/Src/stm32f1xx_hal_pcd_ex.c ****     Tx_Offset += (hpcd->Instance->DIEPTXF0_HNPTXFSIZ) >> 16;
  95:Drivers/STM32F1xx_HAL_Driver/Src/stm32f1xx_hal_pcd_ex.c ****     for (i = 0U; i < (fifo - 1U); i++)
  96:Drivers/STM32F1xx_HAL_Driver/Src/stm32f1xx_hal_pcd_ex.c ****     {
  97:Drivers/STM32F1xx_HAL_Driver/Src/stm32f1xx_hal_pcd_ex.c ****       Tx_Offset += (hpcd->Instance->DIEPTXF[i] >> 16);
  98:Drivers/STM32F1xx_HAL_Driver/Src/stm32f1xx_hal_pcd_ex.c ****     }
  99:Drivers/STM32F1xx_HAL_Driver/Src/stm32f1xx_hal_pcd_ex.c **** 
 100:Drivers/STM32F1xx_HAL_Driver/Src/stm32f1xx_hal_pcd_ex.c ****     /* Multiply Tx_Size by 2 to get higher performance */
 101:Drivers/STM32F1xx_HAL_Driver/Src/stm32f1xx_hal_pcd_ex.c ****     hpcd->Instance->DIEPTXF[fifo - 1U] = ((uint32_t)size << 16) | Tx_Offset;
 102:Drivers/STM32F1xx_HAL_Driver/Src/stm32f1xx_hal_pcd_ex.c ****   }
 103:Drivers/STM32F1xx_HAL_Driver/Src/stm32f1xx_hal_pcd_ex.c **** 
 104:Drivers/STM32F1xx_HAL_Driver/Src/stm32f1xx_hal_pcd_ex.c ****   return HAL_OK;
 105:Drivers/STM32F1xx_HAL_Driver/Src/stm32f1xx_hal_pcd_ex.c **** }
 106:Drivers/STM32F1xx_HAL_Driver/Src/stm32f1xx_hal_pcd_ex.c **** 
 107:Drivers/STM32F1xx_HAL_Driver/Src/stm32f1xx_hal_pcd_ex.c **** /**
 108:Drivers/STM32F1xx_HAL_Driver/Src/stm32f1xx_hal_pcd_ex.c ****   * @brief  Set Rx FIFO
 109:Drivers/STM32F1xx_HAL_Driver/Src/stm32f1xx_hal_pcd_ex.c ****   * @param  hpcd PCD handle
 110:Drivers/STM32F1xx_HAL_Driver/Src/stm32f1xx_hal_pcd_ex.c ****   * @param  size Size of Rx fifo
 111:Drivers/STM32F1xx_HAL_Driver/Src/stm32f1xx_hal_pcd_ex.c ****   * @retval HAL status
 112:Drivers/STM32F1xx_HAL_Driver/Src/stm32f1xx_hal_pcd_ex.c ****   */
 113:Drivers/STM32F1xx_HAL_Driver/Src/stm32f1xx_hal_pcd_ex.c **** HAL_StatusTypeDef HAL_PCDEx_SetRxFiFo(PCD_HandleTypeDef *hpcd, uint16_t size)
 114:Drivers/STM32F1xx_HAL_Driver/Src/stm32f1xx_hal_pcd_ex.c **** {
 115:Drivers/STM32F1xx_HAL_Driver/Src/stm32f1xx_hal_pcd_ex.c ****   hpcd->Instance->GRXFSIZ = size;
 116:Drivers/STM32F1xx_HAL_Driver/Src/stm32f1xx_hal_pcd_ex.c **** 
 117:Drivers/STM32F1xx_HAL_Driver/Src/stm32f1xx_hal_pcd_ex.c ****   return HAL_OK;
 118:Drivers/STM32F1xx_HAL_Driver/Src/stm32f1xx_hal_pcd_ex.c **** }
 119:Drivers/STM32F1xx_HAL_Driver/Src/stm32f1xx_hal_pcd_ex.c **** #endif /* defined (USB_OTG_FS) */
 120:Drivers/STM32F1xx_HAL_Driver/Src/stm32f1xx_hal_pcd_ex.c **** #if defined (USB)
 121:Drivers/STM32F1xx_HAL_Driver/Src/stm32f1xx_hal_pcd_ex.c **** /**
 122:Drivers/STM32F1xx_HAL_Driver/Src/stm32f1xx_hal_pcd_ex.c ****   * @brief  Configure PMA for EP
 123:Drivers/STM32F1xx_HAL_Driver/Src/stm32f1xx_hal_pcd_ex.c ****   * @param  hpcd  Device instance
 124:Drivers/STM32F1xx_HAL_Driver/Src/stm32f1xx_hal_pcd_ex.c ****   * @param  ep_addr endpoint address
 125:Drivers/STM32F1xx_HAL_Driver/Src/stm32f1xx_hal_pcd_ex.c ****   * @param  ep_kind endpoint Kind
 126:Drivers/STM32F1xx_HAL_Driver/Src/stm32f1xx_hal_pcd_ex.c ****   *                  USB_SNG_BUF: Single Buffer used
 127:Drivers/STM32F1xx_HAL_Driver/Src/stm32f1xx_hal_pcd_ex.c ****   *                  USB_DBL_BUF: Double Buffer used
 128:Drivers/STM32F1xx_HAL_Driver/Src/stm32f1xx_hal_pcd_ex.c ****   * @param  pmaadress: EP address in The PMA: In case of single buffer endpoint
 129:Drivers/STM32F1xx_HAL_Driver/Src/stm32f1xx_hal_pcd_ex.c ****   *                   this parameter is 16-bit value providing the address
 130:Drivers/STM32F1xx_HAL_Driver/Src/stm32f1xx_hal_pcd_ex.c ****   *                   in PMA allocated to endpoint.
 131:Drivers/STM32F1xx_HAL_Driver/Src/stm32f1xx_hal_pcd_ex.c ****   *                   In case of double buffer endpoint this parameter
 132:Drivers/STM32F1xx_HAL_Driver/Src/stm32f1xx_hal_pcd_ex.c ****   *                   is a 32-bit value providing the endpoint buffer 0 address
 133:Drivers/STM32F1xx_HAL_Driver/Src/stm32f1xx_hal_pcd_ex.c ****   *                   in the LSB part of 32-bit value and endpoint buffer 1 address
 134:Drivers/STM32F1xx_HAL_Driver/Src/stm32f1xx_hal_pcd_ex.c ****   *                   in the MSB part of 32-bit value.
 135:Drivers/STM32F1xx_HAL_Driver/Src/stm32f1xx_hal_pcd_ex.c ****   * @retval HAL status
 136:Drivers/STM32F1xx_HAL_Driver/Src/stm32f1xx_hal_pcd_ex.c ****   */
 137:Drivers/STM32F1xx_HAL_Driver/Src/stm32f1xx_hal_pcd_ex.c **** 
 138:Drivers/STM32F1xx_HAL_Driver/Src/stm32f1xx_hal_pcd_ex.c **** HAL_StatusTypeDef  HAL_PCDEx_PMAConfig(PCD_HandleTypeDef *hpcd, uint16_t ep_addr,
 139:Drivers/STM32F1xx_HAL_Driver/Src/stm32f1xx_hal_pcd_ex.c ****                                        uint16_t ep_kind, uint32_t pmaadress)
 140:Drivers/STM32F1xx_HAL_Driver/Src/stm32f1xx_hal_pcd_ex.c **** {
  28              		.loc 1 140 0
  29              		.cfi_startproc
  30              		@ args = 0, pretend = 0, frame = 0
  31              		@ frame_needed = 0, uses_anonymous_args = 0
  32              		@ link register save eliminated.
ARM GAS  C:\Users\ADMINI~1\AppData\Local\Temp\ccLf9um7.s 			page 4


  33              	.LVL0:
  34 0000 10B4     		push	{r4}
  35              	.LCFI0:
  36              		.cfi_def_cfa_offset 4
  37              		.cfi_offset 4, -4
 141:Drivers/STM32F1xx_HAL_Driver/Src/stm32f1xx_hal_pcd_ex.c ****   PCD_EPTypeDef *ep;
 142:Drivers/STM32F1xx_HAL_Driver/Src/stm32f1xx_hal_pcd_ex.c **** 
 143:Drivers/STM32F1xx_HAL_Driver/Src/stm32f1xx_hal_pcd_ex.c ****   /* initialize ep structure*/
 144:Drivers/STM32F1xx_HAL_Driver/Src/stm32f1xx_hal_pcd_ex.c ****   if ((0x80U & ep_addr) == 0x80U)
  38              		.loc 1 144 0
  39 0002 01F08004 		and	r4, r1, #128
  40 0006 A4B2     		uxth	r4, r4
  41 0008 3CB1     		cbz	r4, .L2
 145:Drivers/STM32F1xx_HAL_Driver/Src/stm32f1xx_hal_pcd_ex.c ****   {
 146:Drivers/STM32F1xx_HAL_Driver/Src/stm32f1xx_hal_pcd_ex.c ****     ep = &hpcd->IN_ep[ep_addr & EP_ADDR_MSK];
  42              		.loc 1 146 0
  43 000a 01F00701 		and	r1, r1, #7
  44              	.LVL1:
  45 000e 0131     		adds	r1, r1, #1
  46 0010 01EB8101 		add	r1, r1, r1, lsl #2
  47 0014 CC00     		lsls	r4, r1, #3
  48 0016 2044     		add	r0, r0, r4
  49              	.LVL2:
  50 0018 05E0     		b	.L3
  51              	.LVL3:
  52              	.L2:
 147:Drivers/STM32F1xx_HAL_Driver/Src/stm32f1xx_hal_pcd_ex.c ****   }
 148:Drivers/STM32F1xx_HAL_Driver/Src/stm32f1xx_hal_pcd_ex.c ****   else
 149:Drivers/STM32F1xx_HAL_Driver/Src/stm32f1xx_hal_pcd_ex.c ****   {
 150:Drivers/STM32F1xx_HAL_Driver/Src/stm32f1xx_hal_pcd_ex.c ****     ep = &hpcd->OUT_ep[ep_addr];
  53              		.loc 1 150 0
  54 001a 01EB8101 		add	r1, r1, r1, lsl #2
  55              	.LVL4:
  56 001e CC00     		lsls	r4, r1, #3
  57 0020 04F5B474 		add	r4, r4, #360
  58 0024 2044     		add	r0, r0, r4
  59              	.LVL5:
  60              	.L3:
 151:Drivers/STM32F1xx_HAL_Driver/Src/stm32f1xx_hal_pcd_ex.c ****   }
 152:Drivers/STM32F1xx_HAL_Driver/Src/stm32f1xx_hal_pcd_ex.c **** 
 153:Drivers/STM32F1xx_HAL_Driver/Src/stm32f1xx_hal_pcd_ex.c ****   /* Here we check if the endpoint is single or double Buffer*/
 154:Drivers/STM32F1xx_HAL_Driver/Src/stm32f1xx_hal_pcd_ex.c ****   if (ep_kind == PCD_SNG_BUF)
  61              		.loc 1 154 0
  62 0026 12B9     		cbnz	r2, .L4
 155:Drivers/STM32F1xx_HAL_Driver/Src/stm32f1xx_hal_pcd_ex.c ****   {
 156:Drivers/STM32F1xx_HAL_Driver/Src/stm32f1xx_hal_pcd_ex.c ****     /* Single Buffer */
 157:Drivers/STM32F1xx_HAL_Driver/Src/stm32f1xx_hal_pcd_ex.c ****     ep->doublebuffer = 0U;
  63              		.loc 1 157 0
  64 0028 0273     		strb	r2, [r0, #12]
 158:Drivers/STM32F1xx_HAL_Driver/Src/stm32f1xx_hal_pcd_ex.c ****     /* Configure the PMA */
 159:Drivers/STM32F1xx_HAL_Driver/Src/stm32f1xx_hal_pcd_ex.c ****     ep->pmaadress = (uint16_t)pmaadress;
  65              		.loc 1 159 0
  66 002a C380     		strh	r3, [r0, #6]	@ movhi
  67 002c 04E0     		b	.L5
  68              	.L4:
 160:Drivers/STM32F1xx_HAL_Driver/Src/stm32f1xx_hal_pcd_ex.c ****   }
 161:Drivers/STM32F1xx_HAL_Driver/Src/stm32f1xx_hal_pcd_ex.c ****   else /* USB_DBL_BUF */
ARM GAS  C:\Users\ADMINI~1\AppData\Local\Temp\ccLf9um7.s 			page 5


 162:Drivers/STM32F1xx_HAL_Driver/Src/stm32f1xx_hal_pcd_ex.c ****   {
 163:Drivers/STM32F1xx_HAL_Driver/Src/stm32f1xx_hal_pcd_ex.c ****     /* Double Buffer Endpoint */
 164:Drivers/STM32F1xx_HAL_Driver/Src/stm32f1xx_hal_pcd_ex.c ****     ep->doublebuffer = 1U;
  69              		.loc 1 164 0
  70 002e 0122     		movs	r2, #1
  71              	.LVL6:
  72 0030 0273     		strb	r2, [r0, #12]
 165:Drivers/STM32F1xx_HAL_Driver/Src/stm32f1xx_hal_pcd_ex.c ****     /* Configure the PMA */
 166:Drivers/STM32F1xx_HAL_Driver/Src/stm32f1xx_hal_pcd_ex.c ****     ep->pmaaddr0 = (uint16_t)(pmaadress & 0xFFFFU);
  73              		.loc 1 166 0
  74 0032 0381     		strh	r3, [r0, #8]	@ movhi
 167:Drivers/STM32F1xx_HAL_Driver/Src/stm32f1xx_hal_pcd_ex.c ****     ep->pmaaddr1 = (uint16_t)((pmaadress & 0xFFFF0000U) >> 16);
  75              		.loc 1 167 0
  76 0034 1B0C     		lsrs	r3, r3, #16
  77              	.LVL7:
  78 0036 4381     		strh	r3, [r0, #10]	@ movhi
  79              	.L5:
 168:Drivers/STM32F1xx_HAL_Driver/Src/stm32f1xx_hal_pcd_ex.c ****   }
 169:Drivers/STM32F1xx_HAL_Driver/Src/stm32f1xx_hal_pcd_ex.c **** 
 170:Drivers/STM32F1xx_HAL_Driver/Src/stm32f1xx_hal_pcd_ex.c ****   return HAL_OK;
 171:Drivers/STM32F1xx_HAL_Driver/Src/stm32f1xx_hal_pcd_ex.c **** }
  80              		.loc 1 171 0
  81 0038 0020     		movs	r0, #0
  82              	.LVL8:
  83 003a 10BC     		pop	{r4}
  84              	.LCFI1:
  85              		.cfi_restore 4
  86              		.cfi_def_cfa_offset 0
  87 003c 7047     		bx	lr
  88              		.cfi_endproc
  89              	.LFE65:
  91 003e 00BF     		.section	.text.HAL_PCDEx_SetConnectionState,"ax",%progbits
  92              		.align	2
  93              		.weak	HAL_PCDEx_SetConnectionState
  94              		.thumb
  95              		.thumb_func
  97              	HAL_PCDEx_SetConnectionState:
  98              	.LFB66:
 172:Drivers/STM32F1xx_HAL_Driver/Src/stm32f1xx_hal_pcd_ex.c **** 
 173:Drivers/STM32F1xx_HAL_Driver/Src/stm32f1xx_hal_pcd_ex.c **** /**
 174:Drivers/STM32F1xx_HAL_Driver/Src/stm32f1xx_hal_pcd_ex.c ****   * @brief  Software Device Connection,
 175:Drivers/STM32F1xx_HAL_Driver/Src/stm32f1xx_hal_pcd_ex.c ****   *         this function is not required by USB OTG FS peripheral, it is used
 176:Drivers/STM32F1xx_HAL_Driver/Src/stm32f1xx_hal_pcd_ex.c ****   *         only by USB Device FS peripheral.
 177:Drivers/STM32F1xx_HAL_Driver/Src/stm32f1xx_hal_pcd_ex.c ****   * @param  hpcd PCD handle
 178:Drivers/STM32F1xx_HAL_Driver/Src/stm32f1xx_hal_pcd_ex.c ****   * @param  state connection state (0 : disconnected / 1: connected)
 179:Drivers/STM32F1xx_HAL_Driver/Src/stm32f1xx_hal_pcd_ex.c ****   * @retval None
 180:Drivers/STM32F1xx_HAL_Driver/Src/stm32f1xx_hal_pcd_ex.c ****   */
 181:Drivers/STM32F1xx_HAL_Driver/Src/stm32f1xx_hal_pcd_ex.c **** __weak void HAL_PCDEx_SetConnectionState(PCD_HandleTypeDef *hpcd, uint8_t state)
 182:Drivers/STM32F1xx_HAL_Driver/Src/stm32f1xx_hal_pcd_ex.c **** {
  99              		.loc 1 182 0
 100              		.cfi_startproc
 101              		@ args = 0, pretend = 0, frame = 0
 102              		@ frame_needed = 0, uses_anonymous_args = 0
 103              		@ link register save eliminated.
 104              	.LVL9:
 105 0000 7047     		bx	lr
 106              		.cfi_endproc
ARM GAS  C:\Users\ADMINI~1\AppData\Local\Temp\ccLf9um7.s 			page 6


 107              	.LFE66:
 109 0002 00BF     		.section	.text.HAL_PCDEx_LPM_Callback,"ax",%progbits
 110              		.align	2
 111              		.weak	HAL_PCDEx_LPM_Callback
 112              		.thumb
 113              		.thumb_func
 115              	HAL_PCDEx_LPM_Callback:
 116              	.LFB67:
 183:Drivers/STM32F1xx_HAL_Driver/Src/stm32f1xx_hal_pcd_ex.c ****   /* Prevent unused argument(s) compilation warning */
 184:Drivers/STM32F1xx_HAL_Driver/Src/stm32f1xx_hal_pcd_ex.c ****   UNUSED(hpcd);
 185:Drivers/STM32F1xx_HAL_Driver/Src/stm32f1xx_hal_pcd_ex.c ****   UNUSED(state);
 186:Drivers/STM32F1xx_HAL_Driver/Src/stm32f1xx_hal_pcd_ex.c ****   /* NOTE : This function Should not be modified, when the callback is needed,
 187:Drivers/STM32F1xx_HAL_Driver/Src/stm32f1xx_hal_pcd_ex.c ****             the HAL_PCDEx_SetConnectionState could be implemented in the user file
 188:Drivers/STM32F1xx_HAL_Driver/Src/stm32f1xx_hal_pcd_ex.c ****    */
 189:Drivers/STM32F1xx_HAL_Driver/Src/stm32f1xx_hal_pcd_ex.c **** }
 190:Drivers/STM32F1xx_HAL_Driver/Src/stm32f1xx_hal_pcd_ex.c **** #endif /* defined (USB) */
 191:Drivers/STM32F1xx_HAL_Driver/Src/stm32f1xx_hal_pcd_ex.c **** 
 192:Drivers/STM32F1xx_HAL_Driver/Src/stm32f1xx_hal_pcd_ex.c **** /**
 193:Drivers/STM32F1xx_HAL_Driver/Src/stm32f1xx_hal_pcd_ex.c ****   * @brief  Send LPM message to user layer callback.
 194:Drivers/STM32F1xx_HAL_Driver/Src/stm32f1xx_hal_pcd_ex.c ****   * @param  hpcd PCD handle
 195:Drivers/STM32F1xx_HAL_Driver/Src/stm32f1xx_hal_pcd_ex.c ****   * @param  msg LPM message
 196:Drivers/STM32F1xx_HAL_Driver/Src/stm32f1xx_hal_pcd_ex.c ****   * @retval HAL status
 197:Drivers/STM32F1xx_HAL_Driver/Src/stm32f1xx_hal_pcd_ex.c ****   */
 198:Drivers/STM32F1xx_HAL_Driver/Src/stm32f1xx_hal_pcd_ex.c **** __weak void HAL_PCDEx_LPM_Callback(PCD_HandleTypeDef *hpcd, PCD_LPM_MsgTypeDef msg)
 199:Drivers/STM32F1xx_HAL_Driver/Src/stm32f1xx_hal_pcd_ex.c **** {
 117              		.loc 1 199 0
 118              		.cfi_startproc
 119              		@ args = 0, pretend = 0, frame = 0
 120              		@ frame_needed = 0, uses_anonymous_args = 0
 121              		@ link register save eliminated.
 122              	.LVL10:
 123 0000 7047     		bx	lr
 124              		.cfi_endproc
 125              	.LFE67:
 127 0002 00BF     		.section	.text.HAL_PCDEx_BCD_Callback,"ax",%progbits
 128              		.align	2
 129              		.weak	HAL_PCDEx_BCD_Callback
 130              		.thumb
 131              		.thumb_func
 133              	HAL_PCDEx_BCD_Callback:
 134              	.LFB68:
 200:Drivers/STM32F1xx_HAL_Driver/Src/stm32f1xx_hal_pcd_ex.c ****   /* Prevent unused argument(s) compilation warning */
 201:Drivers/STM32F1xx_HAL_Driver/Src/stm32f1xx_hal_pcd_ex.c ****   UNUSED(hpcd);
 202:Drivers/STM32F1xx_HAL_Driver/Src/stm32f1xx_hal_pcd_ex.c ****   UNUSED(msg);
 203:Drivers/STM32F1xx_HAL_Driver/Src/stm32f1xx_hal_pcd_ex.c **** 
 204:Drivers/STM32F1xx_HAL_Driver/Src/stm32f1xx_hal_pcd_ex.c ****   /* NOTE : This function should not be modified, when the callback is needed,
 205:Drivers/STM32F1xx_HAL_Driver/Src/stm32f1xx_hal_pcd_ex.c ****             the HAL_PCDEx_LPM_Callback could be implemented in the user file
 206:Drivers/STM32F1xx_HAL_Driver/Src/stm32f1xx_hal_pcd_ex.c ****    */
 207:Drivers/STM32F1xx_HAL_Driver/Src/stm32f1xx_hal_pcd_ex.c **** }
 208:Drivers/STM32F1xx_HAL_Driver/Src/stm32f1xx_hal_pcd_ex.c **** 
 209:Drivers/STM32F1xx_HAL_Driver/Src/stm32f1xx_hal_pcd_ex.c **** /**
 210:Drivers/STM32F1xx_HAL_Driver/Src/stm32f1xx_hal_pcd_ex.c ****   * @brief  Send BatteryCharging message to user layer callback.
 211:Drivers/STM32F1xx_HAL_Driver/Src/stm32f1xx_hal_pcd_ex.c ****   * @param  hpcd PCD handle
 212:Drivers/STM32F1xx_HAL_Driver/Src/stm32f1xx_hal_pcd_ex.c ****   * @param  msg LPM message
 213:Drivers/STM32F1xx_HAL_Driver/Src/stm32f1xx_hal_pcd_ex.c ****   * @retval HAL status
 214:Drivers/STM32F1xx_HAL_Driver/Src/stm32f1xx_hal_pcd_ex.c ****   */
 215:Drivers/STM32F1xx_HAL_Driver/Src/stm32f1xx_hal_pcd_ex.c **** __weak void HAL_PCDEx_BCD_Callback(PCD_HandleTypeDef *hpcd, PCD_BCD_MsgTypeDef msg)
ARM GAS  C:\Users\ADMINI~1\AppData\Local\Temp\ccLf9um7.s 			page 7


 216:Drivers/STM32F1xx_HAL_Driver/Src/stm32f1xx_hal_pcd_ex.c **** {
 135              		.loc 1 216 0
 136              		.cfi_startproc
 137              		@ args = 0, pretend = 0, frame = 0
 138              		@ frame_needed = 0, uses_anonymous_args = 0
 139              		@ link register save eliminated.
 140              	.LVL11:
 141 0000 7047     		bx	lr
 142              		.cfi_endproc
 143              	.LFE68:
 145 0002 00BF     		.text
 146              	.Letext0:
 147              		.file 2 "d:\\devtools\\gcc-arm\\arm-none-eabi\\include\\machine\\_default_types.h"
 148              		.file 3 "d:\\devtools\\gcc-arm\\arm-none-eabi\\include\\sys\\_stdint.h"
 149              		.file 4 "Drivers/CMSIS/Device/ST/STM32F1xx/Include/stm32f103xe.h"
 150              		.file 5 "Drivers/STM32F1xx_HAL_Driver/Inc/stm32f1xx_hal_def.h"
 151              		.file 6 "Drivers/STM32F1xx_HAL_Driver/Inc/stm32f1xx_ll_usb.h"
 152              		.file 7 "Drivers/STM32F1xx_HAL_Driver/Inc/stm32f1xx_hal_pcd.h"
 153              		.file 8 "Drivers/CMSIS/Include/core_cm3.h"
ARM GAS  C:\Users\ADMINI~1\AppData\Local\Temp\ccLf9um7.s 			page 8


DEFINED SYMBOLS
                            *ABS*:00000000 stm32f1xx_hal_pcd_ex.c
C:\Users\ADMINI~1\AppData\Local\Temp\ccLf9um7.s:20     .text.HAL_PCDEx_PMAConfig:00000000 $t
C:\Users\ADMINI~1\AppData\Local\Temp\ccLf9um7.s:25     .text.HAL_PCDEx_PMAConfig:00000000 HAL_PCDEx_PMAConfig
C:\Users\ADMINI~1\AppData\Local\Temp\ccLf9um7.s:92     .text.HAL_PCDEx_SetConnectionState:00000000 $t
C:\Users\ADMINI~1\AppData\Local\Temp\ccLf9um7.s:97     .text.HAL_PCDEx_SetConnectionState:00000000 HAL_PCDEx_SetConnectionState
C:\Users\ADMINI~1\AppData\Local\Temp\ccLf9um7.s:110    .text.HAL_PCDEx_LPM_Callback:00000000 $t
C:\Users\ADMINI~1\AppData\Local\Temp\ccLf9um7.s:115    .text.HAL_PCDEx_LPM_Callback:00000000 HAL_PCDEx_LPM_Callback
C:\Users\ADMINI~1\AppData\Local\Temp\ccLf9um7.s:128    .text.HAL_PCDEx_BCD_Callback:00000000 $t
C:\Users\ADMINI~1\AppData\Local\Temp\ccLf9um7.s:133    .text.HAL_PCDEx_BCD_Callback:00000000 HAL_PCDEx_BCD_Callback
                     .debug_frame:00000010 $d

NO UNDEFINED SYMBOLS
