ARM GAS  C:\Users\ADMINI~1\AppData\Local\Temp\cc6PPs8u.s 			page 1


   1              		.syntax unified
   2              		.cpu cortex-m3
   3              		.fpu softvfp
   4              		.eabi_attribute 20, 1
   5              		.eabi_attribute 21, 1
   6              		.eabi_attribute 23, 3
   7              		.eabi_attribute 24, 1
   8              		.eabi_attribute 25, 1
   9              		.eabi_attribute 26, 1
  10              		.eabi_attribute 30, 1
  11              		.eabi_attribute 34, 1
  12              		.eabi_attribute 18, 4
  13              		.thumb
  14              		.syntax unified
  15              		.file	"usbd_core.c"
  16              		.text
  17              	.Ltext0:
  18              		.cfi_sections	.debug_frame
  19              		.section	.text.USBD_Init,"ax",%progbits
  20              		.align	2
  21              		.global	USBD_Init
  22              		.thumb
  23              		.thumb_func
  25              	USBD_Init:
  26              	.LFB66:
  27              		.file 1 "Middlewares/ST/STM32_USB_Device_Library/Core/Src/usbd_core.c"
   1:Middlewares/ST/STM32_USB_Device_Library/Core/Src/usbd_core.c **** /**
   2:Middlewares/ST/STM32_USB_Device_Library/Core/Src/usbd_core.c ****   ******************************************************************************
   3:Middlewares/ST/STM32_USB_Device_Library/Core/Src/usbd_core.c ****   * @file    usbd_core.c
   4:Middlewares/ST/STM32_USB_Device_Library/Core/Src/usbd_core.c ****   * @author  MCD Application Team
   5:Middlewares/ST/STM32_USB_Device_Library/Core/Src/usbd_core.c ****   * @brief   This file provides all the USBD core functions.
   6:Middlewares/ST/STM32_USB_Device_Library/Core/Src/usbd_core.c ****   ******************************************************************************
   7:Middlewares/ST/STM32_USB_Device_Library/Core/Src/usbd_core.c ****   * @attention
   8:Middlewares/ST/STM32_USB_Device_Library/Core/Src/usbd_core.c ****   *
   9:Middlewares/ST/STM32_USB_Device_Library/Core/Src/usbd_core.c ****   * <h2><center>&copy; Copyright (c) 2015 STMicroelectronics.
  10:Middlewares/ST/STM32_USB_Device_Library/Core/Src/usbd_core.c ****   * All rights reserved.</center></h2>
  11:Middlewares/ST/STM32_USB_Device_Library/Core/Src/usbd_core.c ****   *
  12:Middlewares/ST/STM32_USB_Device_Library/Core/Src/usbd_core.c ****   * This software component is licensed by ST under Ultimate Liberty license
  13:Middlewares/ST/STM32_USB_Device_Library/Core/Src/usbd_core.c ****   * SLA0044, the "License"; You may not use this file except in compliance with
  14:Middlewares/ST/STM32_USB_Device_Library/Core/Src/usbd_core.c ****   * the License. You may obtain a copy of the License at:
  15:Middlewares/ST/STM32_USB_Device_Library/Core/Src/usbd_core.c ****   *                      www.st.com/SLA0044
  16:Middlewares/ST/STM32_USB_Device_Library/Core/Src/usbd_core.c ****   *
  17:Middlewares/ST/STM32_USB_Device_Library/Core/Src/usbd_core.c ****   ******************************************************************************
  18:Middlewares/ST/STM32_USB_Device_Library/Core/Src/usbd_core.c ****   */
  19:Middlewares/ST/STM32_USB_Device_Library/Core/Src/usbd_core.c **** 
  20:Middlewares/ST/STM32_USB_Device_Library/Core/Src/usbd_core.c **** /* Includes ------------------------------------------------------------------*/
  21:Middlewares/ST/STM32_USB_Device_Library/Core/Src/usbd_core.c **** #include "usbd_core.h"
  22:Middlewares/ST/STM32_USB_Device_Library/Core/Src/usbd_core.c **** 
  23:Middlewares/ST/STM32_USB_Device_Library/Core/Src/usbd_core.c **** /** @addtogroup STM32_USBD_DEVICE_LIBRARY
  24:Middlewares/ST/STM32_USB_Device_Library/Core/Src/usbd_core.c **** * @{
  25:Middlewares/ST/STM32_USB_Device_Library/Core/Src/usbd_core.c **** */
  26:Middlewares/ST/STM32_USB_Device_Library/Core/Src/usbd_core.c **** 
  27:Middlewares/ST/STM32_USB_Device_Library/Core/Src/usbd_core.c **** 
  28:Middlewares/ST/STM32_USB_Device_Library/Core/Src/usbd_core.c **** /** @defgroup USBD_CORE
  29:Middlewares/ST/STM32_USB_Device_Library/Core/Src/usbd_core.c **** * @brief usbd core module
  30:Middlewares/ST/STM32_USB_Device_Library/Core/Src/usbd_core.c **** * @{
  31:Middlewares/ST/STM32_USB_Device_Library/Core/Src/usbd_core.c **** */
ARM GAS  C:\Users\ADMINI~1\AppData\Local\Temp\cc6PPs8u.s 			page 2


  32:Middlewares/ST/STM32_USB_Device_Library/Core/Src/usbd_core.c **** 
  33:Middlewares/ST/STM32_USB_Device_Library/Core/Src/usbd_core.c **** /** @defgroup USBD_CORE_Private_TypesDefinitions
  34:Middlewares/ST/STM32_USB_Device_Library/Core/Src/usbd_core.c **** * @{
  35:Middlewares/ST/STM32_USB_Device_Library/Core/Src/usbd_core.c **** */
  36:Middlewares/ST/STM32_USB_Device_Library/Core/Src/usbd_core.c **** 
  37:Middlewares/ST/STM32_USB_Device_Library/Core/Src/usbd_core.c **** /**
  38:Middlewares/ST/STM32_USB_Device_Library/Core/Src/usbd_core.c **** * @}
  39:Middlewares/ST/STM32_USB_Device_Library/Core/Src/usbd_core.c **** */
  40:Middlewares/ST/STM32_USB_Device_Library/Core/Src/usbd_core.c **** 
  41:Middlewares/ST/STM32_USB_Device_Library/Core/Src/usbd_core.c **** 
  42:Middlewares/ST/STM32_USB_Device_Library/Core/Src/usbd_core.c **** /** @defgroup USBD_CORE_Private_Defines
  43:Middlewares/ST/STM32_USB_Device_Library/Core/Src/usbd_core.c **** * @{
  44:Middlewares/ST/STM32_USB_Device_Library/Core/Src/usbd_core.c **** */
  45:Middlewares/ST/STM32_USB_Device_Library/Core/Src/usbd_core.c **** 
  46:Middlewares/ST/STM32_USB_Device_Library/Core/Src/usbd_core.c **** /**
  47:Middlewares/ST/STM32_USB_Device_Library/Core/Src/usbd_core.c **** * @}
  48:Middlewares/ST/STM32_USB_Device_Library/Core/Src/usbd_core.c **** */
  49:Middlewares/ST/STM32_USB_Device_Library/Core/Src/usbd_core.c **** 
  50:Middlewares/ST/STM32_USB_Device_Library/Core/Src/usbd_core.c **** 
  51:Middlewares/ST/STM32_USB_Device_Library/Core/Src/usbd_core.c **** /** @defgroup USBD_CORE_Private_Macros
  52:Middlewares/ST/STM32_USB_Device_Library/Core/Src/usbd_core.c **** * @{
  53:Middlewares/ST/STM32_USB_Device_Library/Core/Src/usbd_core.c **** */
  54:Middlewares/ST/STM32_USB_Device_Library/Core/Src/usbd_core.c **** 
  55:Middlewares/ST/STM32_USB_Device_Library/Core/Src/usbd_core.c **** /**
  56:Middlewares/ST/STM32_USB_Device_Library/Core/Src/usbd_core.c **** * @}
  57:Middlewares/ST/STM32_USB_Device_Library/Core/Src/usbd_core.c **** */
  58:Middlewares/ST/STM32_USB_Device_Library/Core/Src/usbd_core.c **** 
  59:Middlewares/ST/STM32_USB_Device_Library/Core/Src/usbd_core.c **** 
  60:Middlewares/ST/STM32_USB_Device_Library/Core/Src/usbd_core.c **** /** @defgroup USBD_CORE_Private_FunctionPrototypes
  61:Middlewares/ST/STM32_USB_Device_Library/Core/Src/usbd_core.c **** * @{
  62:Middlewares/ST/STM32_USB_Device_Library/Core/Src/usbd_core.c **** */
  63:Middlewares/ST/STM32_USB_Device_Library/Core/Src/usbd_core.c **** 
  64:Middlewares/ST/STM32_USB_Device_Library/Core/Src/usbd_core.c **** /**
  65:Middlewares/ST/STM32_USB_Device_Library/Core/Src/usbd_core.c **** * @}
  66:Middlewares/ST/STM32_USB_Device_Library/Core/Src/usbd_core.c **** */
  67:Middlewares/ST/STM32_USB_Device_Library/Core/Src/usbd_core.c **** 
  68:Middlewares/ST/STM32_USB_Device_Library/Core/Src/usbd_core.c **** /** @defgroup USBD_CORE_Private_Variables
  69:Middlewares/ST/STM32_USB_Device_Library/Core/Src/usbd_core.c **** * @{
  70:Middlewares/ST/STM32_USB_Device_Library/Core/Src/usbd_core.c **** */
  71:Middlewares/ST/STM32_USB_Device_Library/Core/Src/usbd_core.c **** 
  72:Middlewares/ST/STM32_USB_Device_Library/Core/Src/usbd_core.c **** /**
  73:Middlewares/ST/STM32_USB_Device_Library/Core/Src/usbd_core.c **** * @}
  74:Middlewares/ST/STM32_USB_Device_Library/Core/Src/usbd_core.c **** */
  75:Middlewares/ST/STM32_USB_Device_Library/Core/Src/usbd_core.c **** 
  76:Middlewares/ST/STM32_USB_Device_Library/Core/Src/usbd_core.c **** 
  77:Middlewares/ST/STM32_USB_Device_Library/Core/Src/usbd_core.c **** /** @defgroup USBD_CORE_Private_Functions
  78:Middlewares/ST/STM32_USB_Device_Library/Core/Src/usbd_core.c **** * @{
  79:Middlewares/ST/STM32_USB_Device_Library/Core/Src/usbd_core.c **** */
  80:Middlewares/ST/STM32_USB_Device_Library/Core/Src/usbd_core.c **** 
  81:Middlewares/ST/STM32_USB_Device_Library/Core/Src/usbd_core.c **** /**
  82:Middlewares/ST/STM32_USB_Device_Library/Core/Src/usbd_core.c **** * @brief  USBD_Init
  83:Middlewares/ST/STM32_USB_Device_Library/Core/Src/usbd_core.c **** *         Initializes the device stack and load the class driver
  84:Middlewares/ST/STM32_USB_Device_Library/Core/Src/usbd_core.c **** * @param  pdev: device instance
  85:Middlewares/ST/STM32_USB_Device_Library/Core/Src/usbd_core.c **** * @param  pdesc: Descriptor structure address
  86:Middlewares/ST/STM32_USB_Device_Library/Core/Src/usbd_core.c **** * @param  id: Low level core index
  87:Middlewares/ST/STM32_USB_Device_Library/Core/Src/usbd_core.c **** * @retval None
  88:Middlewares/ST/STM32_USB_Device_Library/Core/Src/usbd_core.c **** */
ARM GAS  C:\Users\ADMINI~1\AppData\Local\Temp\cc6PPs8u.s 			page 3


  89:Middlewares/ST/STM32_USB_Device_Library/Core/Src/usbd_core.c **** USBD_StatusTypeDef USBD_Init(USBD_HandleTypeDef *pdev,
  90:Middlewares/ST/STM32_USB_Device_Library/Core/Src/usbd_core.c ****                              USBD_DescriptorsTypeDef *pdesc, uint8_t id)
  91:Middlewares/ST/STM32_USB_Device_Library/Core/Src/usbd_core.c **** {
  28              		.loc 1 91 0
  29              		.cfi_startproc
  30              		@ args = 0, pretend = 0, frame = 0
  31              		@ frame_needed = 0, uses_anonymous_args = 0
  32              	.LVL0:
  33 0000 08B5     		push	{r3, lr}
  34              	.LCFI0:
  35              		.cfi_def_cfa_offset 8
  36              		.cfi_offset 3, -8
  37              		.cfi_offset 14, -4
  92:Middlewares/ST/STM32_USB_Device_Library/Core/Src/usbd_core.c ****   /* Check whether the USB Host handle is valid */
  93:Middlewares/ST/STM32_USB_Device_Library/Core/Src/usbd_core.c ****   if (pdev == NULL)
  38              		.loc 1 93 0
  39 0002 50B9     		cbnz	r0, .L2
  94:Middlewares/ST/STM32_USB_Device_Library/Core/Src/usbd_core.c ****   {
  95:Middlewares/ST/STM32_USB_Device_Library/Core/Src/usbd_core.c **** #if (USBD_DEBUG_LEVEL > 1U)
  96:Middlewares/ST/STM32_USB_Device_Library/Core/Src/usbd_core.c ****     USBD_ErrLog("Invalid Device handle");
  40              		.loc 1 96 0
  41 0004 0E48     		ldr	r0, .L7
  42              	.LVL1:
  43 0006 FFF7FEFF 		bl	printf
  44              	.LVL2:
  45 000a 0E48     		ldr	r0, .L7+4
  46 000c FFF7FEFF 		bl	printf
  47              	.LVL3:
  48 0010 0A20     		movs	r0, #10
  49 0012 FFF7FEFF 		bl	putchar
  50              	.LVL4:
  97:Middlewares/ST/STM32_USB_Device_Library/Core/Src/usbd_core.c **** #endif
  98:Middlewares/ST/STM32_USB_Device_Library/Core/Src/usbd_core.c ****     return USBD_FAIL;
  51              		.loc 1 98 0
  52 0016 0220     		movs	r0, #2
  53 0018 08BD     		pop	{r3, pc}
  54              	.LVL5:
  55              	.L2:
  56 001a 0346     		mov	r3, r0
  99:Middlewares/ST/STM32_USB_Device_Library/Core/Src/usbd_core.c ****   }
 100:Middlewares/ST/STM32_USB_Device_Library/Core/Src/usbd_core.c **** 
 101:Middlewares/ST/STM32_USB_Device_Library/Core/Src/usbd_core.c ****   /* Unlink previous class*/
 102:Middlewares/ST/STM32_USB_Device_Library/Core/Src/usbd_core.c ****   if (pdev->pClass != NULL)
  57              		.loc 1 102 0
  58 001c D0F8B402 		ldr	r0, [r0, #692]
  59              	.LVL6:
  60 0020 10B1     		cbz	r0, .L4
 103:Middlewares/ST/STM32_USB_Device_Library/Core/Src/usbd_core.c ****   {
 104:Middlewares/ST/STM32_USB_Device_Library/Core/Src/usbd_core.c ****     pdev->pClass = NULL;
  61              		.loc 1 104 0
  62 0022 0020     		movs	r0, #0
  63 0024 C3F8B402 		str	r0, [r3, #692]
  64              	.L4:
 105:Middlewares/ST/STM32_USB_Device_Library/Core/Src/usbd_core.c ****   }
 106:Middlewares/ST/STM32_USB_Device_Library/Core/Src/usbd_core.c **** 
 107:Middlewares/ST/STM32_USB_Device_Library/Core/Src/usbd_core.c ****   /* Assign USBD Descriptors */
 108:Middlewares/ST/STM32_USB_Device_Library/Core/Src/usbd_core.c ****   if (pdesc != NULL)
ARM GAS  C:\Users\ADMINI~1\AppData\Local\Temp\cc6PPs8u.s 			page 4


  65              		.loc 1 108 0
  66 0028 09B1     		cbz	r1, .L5
 109:Middlewares/ST/STM32_USB_Device_Library/Core/Src/usbd_core.c ****   {
 110:Middlewares/ST/STM32_USB_Device_Library/Core/Src/usbd_core.c ****     pdev->pDesc = pdesc;
  67              		.loc 1 110 0
  68 002a C3F8B012 		str	r1, [r3, #688]
  69              	.L5:
 111:Middlewares/ST/STM32_USB_Device_Library/Core/Src/usbd_core.c ****   }
 112:Middlewares/ST/STM32_USB_Device_Library/Core/Src/usbd_core.c **** 
 113:Middlewares/ST/STM32_USB_Device_Library/Core/Src/usbd_core.c ****   /* Set Device initial State */
 114:Middlewares/ST/STM32_USB_Device_Library/Core/Src/usbd_core.c ****   pdev->dev_state = USBD_STATE_DEFAULT;
  70              		.loc 1 114 0
  71 002e 0121     		movs	r1, #1
  72              	.LVL7:
  73 0030 83F89C12 		strb	r1, [r3, #668]
 115:Middlewares/ST/STM32_USB_Device_Library/Core/Src/usbd_core.c ****   pdev->id = id;
  74              		.loc 1 115 0
  75 0034 1A70     		strb	r2, [r3]
 116:Middlewares/ST/STM32_USB_Device_Library/Core/Src/usbd_core.c ****   /* Initialize low level driver */
 117:Middlewares/ST/STM32_USB_Device_Library/Core/Src/usbd_core.c ****   USBD_LL_Init(pdev);
  76              		.loc 1 117 0
  77 0036 1846     		mov	r0, r3
  78 0038 FFF7FEFF 		bl	USBD_LL_Init
  79              	.LVL8:
 118:Middlewares/ST/STM32_USB_Device_Library/Core/Src/usbd_core.c **** 
 119:Middlewares/ST/STM32_USB_Device_Library/Core/Src/usbd_core.c ****   return USBD_OK;
  80              		.loc 1 119 0
  81 003c 0020     		movs	r0, #0
 120:Middlewares/ST/STM32_USB_Device_Library/Core/Src/usbd_core.c **** }
  82              		.loc 1 120 0
  83 003e 08BD     		pop	{r3, pc}
  84              	.L8:
  85              		.align	2
  86              	.L7:
  87 0040 00000000 		.word	.LC0
  88 0044 08000000 		.word	.LC1
  89              		.cfi_endproc
  90              	.LFE66:
  92              		.section	.text.USBD_DeInit,"ax",%progbits
  93              		.align	2
  94              		.global	USBD_DeInit
  95              		.thumb
  96              		.thumb_func
  98              	USBD_DeInit:
  99              	.LFB67:
 121:Middlewares/ST/STM32_USB_Device_Library/Core/Src/usbd_core.c **** 
 122:Middlewares/ST/STM32_USB_Device_Library/Core/Src/usbd_core.c **** /**
 123:Middlewares/ST/STM32_USB_Device_Library/Core/Src/usbd_core.c **** * @brief  USBD_DeInit
 124:Middlewares/ST/STM32_USB_Device_Library/Core/Src/usbd_core.c **** *         Re-Initialize th device library
 125:Middlewares/ST/STM32_USB_Device_Library/Core/Src/usbd_core.c **** * @param  pdev: device instance
 126:Middlewares/ST/STM32_USB_Device_Library/Core/Src/usbd_core.c **** * @retval status: status
 127:Middlewares/ST/STM32_USB_Device_Library/Core/Src/usbd_core.c **** */
 128:Middlewares/ST/STM32_USB_Device_Library/Core/Src/usbd_core.c **** USBD_StatusTypeDef USBD_DeInit(USBD_HandleTypeDef *pdev)
 129:Middlewares/ST/STM32_USB_Device_Library/Core/Src/usbd_core.c **** {
 100              		.loc 1 129 0
 101              		.cfi_startproc
 102              		@ args = 0, pretend = 0, frame = 0
ARM GAS  C:\Users\ADMINI~1\AppData\Local\Temp\cc6PPs8u.s 			page 5


 103              		@ frame_needed = 0, uses_anonymous_args = 0
 104              	.LVL9:
 105 0000 10B5     		push	{r4, lr}
 106              	.LCFI1:
 107              		.cfi_def_cfa_offset 8
 108              		.cfi_offset 4, -8
 109              		.cfi_offset 14, -4
 110 0002 0446     		mov	r4, r0
 130:Middlewares/ST/STM32_USB_Device_Library/Core/Src/usbd_core.c ****   /* Set Default State */
 131:Middlewares/ST/STM32_USB_Device_Library/Core/Src/usbd_core.c ****   pdev->dev_state = USBD_STATE_DEFAULT;
 111              		.loc 1 131 0
 112 0004 0123     		movs	r3, #1
 113 0006 80F89C32 		strb	r3, [r0, #668]
 132:Middlewares/ST/STM32_USB_Device_Library/Core/Src/usbd_core.c **** 
 133:Middlewares/ST/STM32_USB_Device_Library/Core/Src/usbd_core.c ****   /* Free Class Resources */
 134:Middlewares/ST/STM32_USB_Device_Library/Core/Src/usbd_core.c ****   pdev->pClass->DeInit(pdev, (uint8_t)pdev->dev_config);
 114              		.loc 1 134 0
 115 000a D0F8B432 		ldr	r3, [r0, #692]
 116 000e 5B68     		ldr	r3, [r3, #4]
 117 0010 0179     		ldrb	r1, [r0, #4]	@ zero_extendqisi2
 118 0012 9847     		blx	r3
 119              	.LVL10:
 135:Middlewares/ST/STM32_USB_Device_Library/Core/Src/usbd_core.c **** 
 136:Middlewares/ST/STM32_USB_Device_Library/Core/Src/usbd_core.c ****   /* Stop the low level driver  */
 137:Middlewares/ST/STM32_USB_Device_Library/Core/Src/usbd_core.c ****   USBD_LL_Stop(pdev);
 120              		.loc 1 137 0
 121 0014 2046     		mov	r0, r4
 122 0016 FFF7FEFF 		bl	USBD_LL_Stop
 123              	.LVL11:
 138:Middlewares/ST/STM32_USB_Device_Library/Core/Src/usbd_core.c **** 
 139:Middlewares/ST/STM32_USB_Device_Library/Core/Src/usbd_core.c ****   /* Initialize low level driver */
 140:Middlewares/ST/STM32_USB_Device_Library/Core/Src/usbd_core.c ****   USBD_LL_DeInit(pdev);
 124              		.loc 1 140 0
 125 001a 2046     		mov	r0, r4
 126 001c FFF7FEFF 		bl	USBD_LL_DeInit
 127              	.LVL12:
 141:Middlewares/ST/STM32_USB_Device_Library/Core/Src/usbd_core.c **** 
 142:Middlewares/ST/STM32_USB_Device_Library/Core/Src/usbd_core.c ****   return USBD_OK;
 143:Middlewares/ST/STM32_USB_Device_Library/Core/Src/usbd_core.c **** }
 128              		.loc 1 143 0
 129 0020 0020     		movs	r0, #0
 130 0022 10BD     		pop	{r4, pc}
 131              		.cfi_endproc
 132              	.LFE67:
 134              		.section	.text.USBD_RegisterClass,"ax",%progbits
 135              		.align	2
 136              		.global	USBD_RegisterClass
 137              		.thumb
 138              		.thumb_func
 140              	USBD_RegisterClass:
 141              	.LFB68:
 144:Middlewares/ST/STM32_USB_Device_Library/Core/Src/usbd_core.c **** 
 145:Middlewares/ST/STM32_USB_Device_Library/Core/Src/usbd_core.c **** /**
 146:Middlewares/ST/STM32_USB_Device_Library/Core/Src/usbd_core.c ****   * @brief  USBD_RegisterClass
 147:Middlewares/ST/STM32_USB_Device_Library/Core/Src/usbd_core.c ****   *         Link class driver to Device Core.
 148:Middlewares/ST/STM32_USB_Device_Library/Core/Src/usbd_core.c ****   * @param  pDevice : Device Handle
 149:Middlewares/ST/STM32_USB_Device_Library/Core/Src/usbd_core.c ****   * @param  pclass: Class handle
ARM GAS  C:\Users\ADMINI~1\AppData\Local\Temp\cc6PPs8u.s 			page 6


 150:Middlewares/ST/STM32_USB_Device_Library/Core/Src/usbd_core.c ****   * @retval USBD Status
 151:Middlewares/ST/STM32_USB_Device_Library/Core/Src/usbd_core.c ****   */
 152:Middlewares/ST/STM32_USB_Device_Library/Core/Src/usbd_core.c **** USBD_StatusTypeDef  USBD_RegisterClass(USBD_HandleTypeDef *pdev, USBD_ClassTypeDef *pclass)
 153:Middlewares/ST/STM32_USB_Device_Library/Core/Src/usbd_core.c **** {
 142              		.loc 1 153 0
 143              		.cfi_startproc
 144              		@ args = 0, pretend = 0, frame = 0
 145              		@ frame_needed = 0, uses_anonymous_args = 0
 146              	.LVL13:
 147 0000 08B5     		push	{r3, lr}
 148              	.LCFI2:
 149              		.cfi_def_cfa_offset 8
 150              		.cfi_offset 3, -8
 151              		.cfi_offset 14, -4
 152              	.LVL14:
 154:Middlewares/ST/STM32_USB_Device_Library/Core/Src/usbd_core.c ****   USBD_StatusTypeDef status = USBD_OK;
 155:Middlewares/ST/STM32_USB_Device_Library/Core/Src/usbd_core.c ****   if (pclass != NULL)
 153              		.loc 1 155 0
 154 0002 19B1     		cbz	r1, .L12
 156:Middlewares/ST/STM32_USB_Device_Library/Core/Src/usbd_core.c ****   {
 157:Middlewares/ST/STM32_USB_Device_Library/Core/Src/usbd_core.c ****     /* link the class to the USB Device handle */
 158:Middlewares/ST/STM32_USB_Device_Library/Core/Src/usbd_core.c ****     pdev->pClass = pclass;
 155              		.loc 1 158 0
 156 0004 C0F8B412 		str	r1, [r0, #692]
 159:Middlewares/ST/STM32_USB_Device_Library/Core/Src/usbd_core.c ****     status = USBD_OK;
 157              		.loc 1 159 0
 158 0008 0020     		movs	r0, #0
 159              	.LVL15:
 160 000a 08BD     		pop	{r3, pc}
 161              	.LVL16:
 162              	.L12:
 160:Middlewares/ST/STM32_USB_Device_Library/Core/Src/usbd_core.c ****   }
 161:Middlewares/ST/STM32_USB_Device_Library/Core/Src/usbd_core.c ****   else
 162:Middlewares/ST/STM32_USB_Device_Library/Core/Src/usbd_core.c ****   {
 163:Middlewares/ST/STM32_USB_Device_Library/Core/Src/usbd_core.c **** #if (USBD_DEBUG_LEVEL > 1U)
 164:Middlewares/ST/STM32_USB_Device_Library/Core/Src/usbd_core.c ****     USBD_ErrLog("Invalid Class handle");
 163              		.loc 1 164 0
 164 000c 0548     		ldr	r0, .L15
 165              	.LVL17:
 166 000e FFF7FEFF 		bl	printf
 167              	.LVL18:
 168 0012 0548     		ldr	r0, .L15+4
 169 0014 FFF7FEFF 		bl	printf
 170              	.LVL19:
 171 0018 0A20     		movs	r0, #10
 172 001a FFF7FEFF 		bl	putchar
 173              	.LVL20:
 165:Middlewares/ST/STM32_USB_Device_Library/Core/Src/usbd_core.c **** #endif
 166:Middlewares/ST/STM32_USB_Device_Library/Core/Src/usbd_core.c ****     status = USBD_FAIL;
 174              		.loc 1 166 0
 175 001e 0220     		movs	r0, #2
 176              	.LVL21:
 167:Middlewares/ST/STM32_USB_Device_Library/Core/Src/usbd_core.c ****   }
 168:Middlewares/ST/STM32_USB_Device_Library/Core/Src/usbd_core.c **** 
 169:Middlewares/ST/STM32_USB_Device_Library/Core/Src/usbd_core.c ****   return status;
 170:Middlewares/ST/STM32_USB_Device_Library/Core/Src/usbd_core.c **** }
 177              		.loc 1 170 0
ARM GAS  C:\Users\ADMINI~1\AppData\Local\Temp\cc6PPs8u.s 			page 7


 178 0020 08BD     		pop	{r3, pc}
 179              	.L16:
 180 0022 00BF     		.align	2
 181              	.L15:
 182 0024 00000000 		.word	.LC0
 183 0028 20000000 		.word	.LC2
 184              		.cfi_endproc
 185              	.LFE68:
 187              		.section	.text.USBD_Start,"ax",%progbits
 188              		.align	2
 189              		.global	USBD_Start
 190              		.thumb
 191              		.thumb_func
 193              	USBD_Start:
 194              	.LFB69:
 171:Middlewares/ST/STM32_USB_Device_Library/Core/Src/usbd_core.c **** 
 172:Middlewares/ST/STM32_USB_Device_Library/Core/Src/usbd_core.c **** /**
 173:Middlewares/ST/STM32_USB_Device_Library/Core/Src/usbd_core.c ****   * @brief  USBD_Start
 174:Middlewares/ST/STM32_USB_Device_Library/Core/Src/usbd_core.c ****   *         Start the USB Device Core.
 175:Middlewares/ST/STM32_USB_Device_Library/Core/Src/usbd_core.c ****   * @param  pdev: Device Handle
 176:Middlewares/ST/STM32_USB_Device_Library/Core/Src/usbd_core.c ****   * @retval USBD Status
 177:Middlewares/ST/STM32_USB_Device_Library/Core/Src/usbd_core.c ****   */
 178:Middlewares/ST/STM32_USB_Device_Library/Core/Src/usbd_core.c **** USBD_StatusTypeDef  USBD_Start(USBD_HandleTypeDef *pdev)
 179:Middlewares/ST/STM32_USB_Device_Library/Core/Src/usbd_core.c **** {
 195              		.loc 1 179 0
 196              		.cfi_startproc
 197              		@ args = 0, pretend = 0, frame = 0
 198              		@ frame_needed = 0, uses_anonymous_args = 0
 199              	.LVL22:
 200 0000 08B5     		push	{r3, lr}
 201              	.LCFI3:
 202              		.cfi_def_cfa_offset 8
 203              		.cfi_offset 3, -8
 204              		.cfi_offset 14, -4
 180:Middlewares/ST/STM32_USB_Device_Library/Core/Src/usbd_core.c ****   /* Start the low level driver  */
 181:Middlewares/ST/STM32_USB_Device_Library/Core/Src/usbd_core.c ****   USBD_LL_Start(pdev);
 205              		.loc 1 181 0
 206 0002 FFF7FEFF 		bl	USBD_LL_Start
 207              	.LVL23:
 182:Middlewares/ST/STM32_USB_Device_Library/Core/Src/usbd_core.c **** 
 183:Middlewares/ST/STM32_USB_Device_Library/Core/Src/usbd_core.c ****   return USBD_OK;
 184:Middlewares/ST/STM32_USB_Device_Library/Core/Src/usbd_core.c **** }
 208              		.loc 1 184 0
 209 0006 0020     		movs	r0, #0
 210 0008 08BD     		pop	{r3, pc}
 211              		.cfi_endproc
 212              	.LFE69:
 214 000a 00BF     		.section	.text.USBD_Stop,"ax",%progbits
 215              		.align	2
 216              		.global	USBD_Stop
 217              		.thumb
 218              		.thumb_func
 220              	USBD_Stop:
 221              	.LFB70:
 185:Middlewares/ST/STM32_USB_Device_Library/Core/Src/usbd_core.c **** 
 186:Middlewares/ST/STM32_USB_Device_Library/Core/Src/usbd_core.c **** /**
 187:Middlewares/ST/STM32_USB_Device_Library/Core/Src/usbd_core.c ****   * @brief  USBD_Stop
ARM GAS  C:\Users\ADMINI~1\AppData\Local\Temp\cc6PPs8u.s 			page 8


 188:Middlewares/ST/STM32_USB_Device_Library/Core/Src/usbd_core.c ****   *         Stop the USB Device Core.
 189:Middlewares/ST/STM32_USB_Device_Library/Core/Src/usbd_core.c ****   * @param  pdev: Device Handle
 190:Middlewares/ST/STM32_USB_Device_Library/Core/Src/usbd_core.c ****   * @retval USBD Status
 191:Middlewares/ST/STM32_USB_Device_Library/Core/Src/usbd_core.c ****   */
 192:Middlewares/ST/STM32_USB_Device_Library/Core/Src/usbd_core.c **** USBD_StatusTypeDef  USBD_Stop(USBD_HandleTypeDef *pdev)
 193:Middlewares/ST/STM32_USB_Device_Library/Core/Src/usbd_core.c **** {
 222              		.loc 1 193 0
 223              		.cfi_startproc
 224              		@ args = 0, pretend = 0, frame = 0
 225              		@ frame_needed = 0, uses_anonymous_args = 0
 226              	.LVL24:
 227 0000 10B5     		push	{r4, lr}
 228              	.LCFI4:
 229              		.cfi_def_cfa_offset 8
 230              		.cfi_offset 4, -8
 231              		.cfi_offset 14, -4
 232 0002 0446     		mov	r4, r0
 194:Middlewares/ST/STM32_USB_Device_Library/Core/Src/usbd_core.c ****   /* Free Class Resources */
 195:Middlewares/ST/STM32_USB_Device_Library/Core/Src/usbd_core.c ****   pdev->pClass->DeInit(pdev, (uint8_t)pdev->dev_config);
 233              		.loc 1 195 0
 234 0004 D0F8B432 		ldr	r3, [r0, #692]
 235 0008 5B68     		ldr	r3, [r3, #4]
 236 000a 0179     		ldrb	r1, [r0, #4]	@ zero_extendqisi2
 237 000c 9847     		blx	r3
 238              	.LVL25:
 196:Middlewares/ST/STM32_USB_Device_Library/Core/Src/usbd_core.c **** 
 197:Middlewares/ST/STM32_USB_Device_Library/Core/Src/usbd_core.c ****   /* Stop the low level driver */
 198:Middlewares/ST/STM32_USB_Device_Library/Core/Src/usbd_core.c ****   USBD_LL_Stop(pdev);
 239              		.loc 1 198 0
 240 000e 2046     		mov	r0, r4
 241 0010 FFF7FEFF 		bl	USBD_LL_Stop
 242              	.LVL26:
 199:Middlewares/ST/STM32_USB_Device_Library/Core/Src/usbd_core.c **** 
 200:Middlewares/ST/STM32_USB_Device_Library/Core/Src/usbd_core.c ****   return USBD_OK;
 201:Middlewares/ST/STM32_USB_Device_Library/Core/Src/usbd_core.c **** }
 243              		.loc 1 201 0
 244 0014 0020     		movs	r0, #0
 245 0016 10BD     		pop	{r4, pc}
 246              		.cfi_endproc
 247              	.LFE70:
 249              		.section	.text.USBD_RunTestMode,"ax",%progbits
 250              		.align	2
 251              		.global	USBD_RunTestMode
 252              		.thumb
 253              		.thumb_func
 255              	USBD_RunTestMode:
 256              	.LFB71:
 202:Middlewares/ST/STM32_USB_Device_Library/Core/Src/usbd_core.c **** 
 203:Middlewares/ST/STM32_USB_Device_Library/Core/Src/usbd_core.c **** /**
 204:Middlewares/ST/STM32_USB_Device_Library/Core/Src/usbd_core.c **** * @brief  USBD_RunTestMode
 205:Middlewares/ST/STM32_USB_Device_Library/Core/Src/usbd_core.c **** *         Launch test mode process
 206:Middlewares/ST/STM32_USB_Device_Library/Core/Src/usbd_core.c **** * @param  pdev: device instance
 207:Middlewares/ST/STM32_USB_Device_Library/Core/Src/usbd_core.c **** * @retval status
 208:Middlewares/ST/STM32_USB_Device_Library/Core/Src/usbd_core.c **** */
 209:Middlewares/ST/STM32_USB_Device_Library/Core/Src/usbd_core.c **** USBD_StatusTypeDef  USBD_RunTestMode(USBD_HandleTypeDef  *pdev)
 210:Middlewares/ST/STM32_USB_Device_Library/Core/Src/usbd_core.c **** {
 257              		.loc 1 210 0
ARM GAS  C:\Users\ADMINI~1\AppData\Local\Temp\cc6PPs8u.s 			page 9


 258              		.cfi_startproc
 259              		@ args = 0, pretend = 0, frame = 0
 260              		@ frame_needed = 0, uses_anonymous_args = 0
 261              		@ link register save eliminated.
 262              	.LVL27:
 211:Middlewares/ST/STM32_USB_Device_Library/Core/Src/usbd_core.c ****   /* Prevent unused argument compilation warning */
 212:Middlewares/ST/STM32_USB_Device_Library/Core/Src/usbd_core.c ****   UNUSED(pdev);
 213:Middlewares/ST/STM32_USB_Device_Library/Core/Src/usbd_core.c **** 
 214:Middlewares/ST/STM32_USB_Device_Library/Core/Src/usbd_core.c ****   return USBD_OK;
 215:Middlewares/ST/STM32_USB_Device_Library/Core/Src/usbd_core.c **** }
 263              		.loc 1 215 0
 264 0000 0020     		movs	r0, #0
 265              	.LVL28:
 266 0002 7047     		bx	lr
 267              		.cfi_endproc
 268              	.LFE71:
 270              		.section	.text.USBD_SetClassConfig,"ax",%progbits
 271              		.align	2
 272              		.global	USBD_SetClassConfig
 273              		.thumb
 274              		.thumb_func
 276              	USBD_SetClassConfig:
 277              	.LFB72:
 216:Middlewares/ST/STM32_USB_Device_Library/Core/Src/usbd_core.c **** 
 217:Middlewares/ST/STM32_USB_Device_Library/Core/Src/usbd_core.c **** /**
 218:Middlewares/ST/STM32_USB_Device_Library/Core/Src/usbd_core.c **** * @brief  USBD_SetClassConfig
 219:Middlewares/ST/STM32_USB_Device_Library/Core/Src/usbd_core.c **** *        Configure device and start the interface
 220:Middlewares/ST/STM32_USB_Device_Library/Core/Src/usbd_core.c **** * @param  pdev: device instance
 221:Middlewares/ST/STM32_USB_Device_Library/Core/Src/usbd_core.c **** * @param  cfgidx: configuration index
 222:Middlewares/ST/STM32_USB_Device_Library/Core/Src/usbd_core.c **** * @retval status
 223:Middlewares/ST/STM32_USB_Device_Library/Core/Src/usbd_core.c **** */
 224:Middlewares/ST/STM32_USB_Device_Library/Core/Src/usbd_core.c **** 
 225:Middlewares/ST/STM32_USB_Device_Library/Core/Src/usbd_core.c **** USBD_StatusTypeDef USBD_SetClassConfig(USBD_HandleTypeDef  *pdev, uint8_t cfgidx)
 226:Middlewares/ST/STM32_USB_Device_Library/Core/Src/usbd_core.c **** {
 278              		.loc 1 226 0
 279              		.cfi_startproc
 280              		@ args = 0, pretend = 0, frame = 0
 281              		@ frame_needed = 0, uses_anonymous_args = 0
 282              	.LVL29:
 283 0000 08B5     		push	{r3, lr}
 284              	.LCFI5:
 285              		.cfi_def_cfa_offset 8
 286              		.cfi_offset 3, -8
 287              		.cfi_offset 14, -4
 288              	.LVL30:
 227:Middlewares/ST/STM32_USB_Device_Library/Core/Src/usbd_core.c ****   USBD_StatusTypeDef ret = USBD_FAIL;
 228:Middlewares/ST/STM32_USB_Device_Library/Core/Src/usbd_core.c **** 
 229:Middlewares/ST/STM32_USB_Device_Library/Core/Src/usbd_core.c ****   if (pdev->pClass != NULL)
 289              		.loc 1 229 0
 290 0002 D0F8B432 		ldr	r3, [r0, #692]
 291 0006 23B1     		cbz	r3, .L24
 230:Middlewares/ST/STM32_USB_Device_Library/Core/Src/usbd_core.c ****   {
 231:Middlewares/ST/STM32_USB_Device_Library/Core/Src/usbd_core.c ****     /* Set configuration  and Start the Class*/
 232:Middlewares/ST/STM32_USB_Device_Library/Core/Src/usbd_core.c ****     if (pdev->pClass->Init(pdev, cfgidx) == 0U)
 292              		.loc 1 232 0
 293 0008 1B68     		ldr	r3, [r3]
 294 000a 9847     		blx	r3
ARM GAS  C:\Users\ADMINI~1\AppData\Local\Temp\cc6PPs8u.s 			page 10


 295              	.LVL31:
 296 000c 18B1     		cbz	r0, .L25
 227:Middlewares/ST/STM32_USB_Device_Library/Core/Src/usbd_core.c ****   USBD_StatusTypeDef ret = USBD_FAIL;
 297              		.loc 1 227 0
 298 000e 0220     		movs	r0, #2
 299 0010 08BD     		pop	{r3, pc}
 300              	.LVL32:
 301              	.L24:
 302 0012 0220     		movs	r0, #2
 303              	.LVL33:
 304 0014 08BD     		pop	{r3, pc}
 305              	.LVL34:
 306              	.L25:
 233:Middlewares/ST/STM32_USB_Device_Library/Core/Src/usbd_core.c ****     {
 234:Middlewares/ST/STM32_USB_Device_Library/Core/Src/usbd_core.c ****       ret = USBD_OK;
 307              		.loc 1 234 0
 308 0016 0020     		movs	r0, #0
 309              	.LVL35:
 235:Middlewares/ST/STM32_USB_Device_Library/Core/Src/usbd_core.c ****     }
 236:Middlewares/ST/STM32_USB_Device_Library/Core/Src/usbd_core.c ****   }
 237:Middlewares/ST/STM32_USB_Device_Library/Core/Src/usbd_core.c **** 
 238:Middlewares/ST/STM32_USB_Device_Library/Core/Src/usbd_core.c ****   return ret;
 239:Middlewares/ST/STM32_USB_Device_Library/Core/Src/usbd_core.c **** }
 310              		.loc 1 239 0
 311 0018 08BD     		pop	{r3, pc}
 312              		.cfi_endproc
 313              	.LFE72:
 315 001a 00BF     		.section	.text.USBD_ClrClassConfig,"ax",%progbits
 316              		.align	2
 317              		.global	USBD_ClrClassConfig
 318              		.thumb
 319              		.thumb_func
 321              	USBD_ClrClassConfig:
 322              	.LFB73:
 240:Middlewares/ST/STM32_USB_Device_Library/Core/Src/usbd_core.c **** 
 241:Middlewares/ST/STM32_USB_Device_Library/Core/Src/usbd_core.c **** /**
 242:Middlewares/ST/STM32_USB_Device_Library/Core/Src/usbd_core.c **** * @brief  USBD_ClrClassConfig
 243:Middlewares/ST/STM32_USB_Device_Library/Core/Src/usbd_core.c **** *         Clear current configuration
 244:Middlewares/ST/STM32_USB_Device_Library/Core/Src/usbd_core.c **** * @param  pdev: device instance
 245:Middlewares/ST/STM32_USB_Device_Library/Core/Src/usbd_core.c **** * @param  cfgidx: configuration index
 246:Middlewares/ST/STM32_USB_Device_Library/Core/Src/usbd_core.c **** * @retval status: USBD_StatusTypeDef
 247:Middlewares/ST/STM32_USB_Device_Library/Core/Src/usbd_core.c **** */
 248:Middlewares/ST/STM32_USB_Device_Library/Core/Src/usbd_core.c **** USBD_StatusTypeDef USBD_ClrClassConfig(USBD_HandleTypeDef  *pdev, uint8_t cfgidx)
 249:Middlewares/ST/STM32_USB_Device_Library/Core/Src/usbd_core.c **** {
 323              		.loc 1 249 0
 324              		.cfi_startproc
 325              		@ args = 0, pretend = 0, frame = 0
 326              		@ frame_needed = 0, uses_anonymous_args = 0
 327              	.LVL36:
 328 0000 08B5     		push	{r3, lr}
 329              	.LCFI6:
 330              		.cfi_def_cfa_offset 8
 331              		.cfi_offset 3, -8
 332              		.cfi_offset 14, -4
 250:Middlewares/ST/STM32_USB_Device_Library/Core/Src/usbd_core.c ****   /* Clear configuration  and De-initialize the Class process*/
 251:Middlewares/ST/STM32_USB_Device_Library/Core/Src/usbd_core.c ****   pdev->pClass->DeInit(pdev, cfgidx);
 333              		.loc 1 251 0
ARM GAS  C:\Users\ADMINI~1\AppData\Local\Temp\cc6PPs8u.s 			page 11


 334 0002 D0F8B432 		ldr	r3, [r0, #692]
 335 0006 5B68     		ldr	r3, [r3, #4]
 336 0008 9847     		blx	r3
 337              	.LVL37:
 252:Middlewares/ST/STM32_USB_Device_Library/Core/Src/usbd_core.c **** 
 253:Middlewares/ST/STM32_USB_Device_Library/Core/Src/usbd_core.c ****   return USBD_OK;
 254:Middlewares/ST/STM32_USB_Device_Library/Core/Src/usbd_core.c **** }
 338              		.loc 1 254 0
 339 000a 0020     		movs	r0, #0
 340 000c 08BD     		pop	{r3, pc}
 341              		.cfi_endproc
 342              	.LFE73:
 344 000e 00BF     		.section	.text.USBD_LL_SetupStage,"ax",%progbits
 345              		.align	2
 346              		.global	USBD_LL_SetupStage
 347              		.thumb
 348              		.thumb_func
 350              	USBD_LL_SetupStage:
 351              	.LFB74:
 255:Middlewares/ST/STM32_USB_Device_Library/Core/Src/usbd_core.c **** 
 256:Middlewares/ST/STM32_USB_Device_Library/Core/Src/usbd_core.c **** 
 257:Middlewares/ST/STM32_USB_Device_Library/Core/Src/usbd_core.c **** /**
 258:Middlewares/ST/STM32_USB_Device_Library/Core/Src/usbd_core.c **** * @brief  USBD_SetupStage
 259:Middlewares/ST/STM32_USB_Device_Library/Core/Src/usbd_core.c **** *         Handle the setup stage
 260:Middlewares/ST/STM32_USB_Device_Library/Core/Src/usbd_core.c **** * @param  pdev: device instance
 261:Middlewares/ST/STM32_USB_Device_Library/Core/Src/usbd_core.c **** * @retval status
 262:Middlewares/ST/STM32_USB_Device_Library/Core/Src/usbd_core.c **** */
 263:Middlewares/ST/STM32_USB_Device_Library/Core/Src/usbd_core.c **** USBD_StatusTypeDef USBD_LL_SetupStage(USBD_HandleTypeDef *pdev, uint8_t *psetup)
 264:Middlewares/ST/STM32_USB_Device_Library/Core/Src/usbd_core.c **** {
 352              		.loc 1 264 0
 353              		.cfi_startproc
 354              		@ args = 0, pretend = 0, frame = 0
 355              		@ frame_needed = 0, uses_anonymous_args = 0
 356              	.LVL38:
 357 0000 38B5     		push	{r3, r4, r5, lr}
 358              	.LCFI7:
 359              		.cfi_def_cfa_offset 16
 360              		.cfi_offset 3, -16
 361              		.cfi_offset 4, -12
 362              		.cfi_offset 5, -8
 363              		.cfi_offset 14, -4
 364 0002 0446     		mov	r4, r0
 265:Middlewares/ST/STM32_USB_Device_Library/Core/Src/usbd_core.c ****   USBD_ParseSetupRequest(&pdev->request, psetup);
 365              		.loc 1 265 0
 366 0004 00F52A75 		add	r5, r0, #680
 367 0008 2846     		mov	r0, r5
 368              	.LVL39:
 369 000a FFF7FEFF 		bl	USBD_ParseSetupRequest
 370              	.LVL40:
 266:Middlewares/ST/STM32_USB_Device_Library/Core/Src/usbd_core.c **** 
 267:Middlewares/ST/STM32_USB_Device_Library/Core/Src/usbd_core.c ****   pdev->ep0_state = USBD_EP0_SETUP;
 371              		.loc 1 267 0
 372 000e 0123     		movs	r3, #1
 373 0010 C4F89432 		str	r3, [r4, #660]
 268:Middlewares/ST/STM32_USB_Device_Library/Core/Src/usbd_core.c **** 
 269:Middlewares/ST/STM32_USB_Device_Library/Core/Src/usbd_core.c ****   pdev->ep0_data_len = pdev->request.wLength;
 374              		.loc 1 269 0
ARM GAS  C:\Users\ADMINI~1\AppData\Local\Temp\cc6PPs8u.s 			page 12


 375 0014 B4F8AE32 		ldrh	r3, [r4, #686]
 376 0018 C4F89832 		str	r3, [r4, #664]
 270:Middlewares/ST/STM32_USB_Device_Library/Core/Src/usbd_core.c **** 
 271:Middlewares/ST/STM32_USB_Device_Library/Core/Src/usbd_core.c ****   switch (pdev->request.bmRequest & 0x1FU)
 377              		.loc 1 271 0
 378 001c 94F8A812 		ldrb	r1, [r4, #680]	@ zero_extendqisi2
 379 0020 01F01F03 		and	r3, r1, #31
 380 0024 012B     		cmp	r3, #1
 381 0026 08D0     		beq	.L31
 382 0028 13B1     		cbz	r3, .L32
 383 002a 022B     		cmp	r3, #2
 384 002c 0AD0     		beq	.L33
 385 002e 0EE0     		b	.L35
 386              	.L32:
 272:Middlewares/ST/STM32_USB_Device_Library/Core/Src/usbd_core.c ****   {
 273:Middlewares/ST/STM32_USB_Device_Library/Core/Src/usbd_core.c ****     case USB_REQ_RECIPIENT_DEVICE:
 274:Middlewares/ST/STM32_USB_Device_Library/Core/Src/usbd_core.c ****       USBD_StdDevReq(pdev, &pdev->request);
 387              		.loc 1 274 0
 388 0030 2946     		mov	r1, r5
 389 0032 2046     		mov	r0, r4
 390 0034 FFF7FEFF 		bl	USBD_StdDevReq
 391              	.LVL41:
 275:Middlewares/ST/STM32_USB_Device_Library/Core/Src/usbd_core.c ****       break;
 392              		.loc 1 275 0
 393 0038 0EE0     		b	.L34
 394              	.L31:
 276:Middlewares/ST/STM32_USB_Device_Library/Core/Src/usbd_core.c **** 
 277:Middlewares/ST/STM32_USB_Device_Library/Core/Src/usbd_core.c ****     case USB_REQ_RECIPIENT_INTERFACE:
 278:Middlewares/ST/STM32_USB_Device_Library/Core/Src/usbd_core.c ****       USBD_StdItfReq(pdev, &pdev->request);
 395              		.loc 1 278 0
 396 003a 2946     		mov	r1, r5
 397 003c 2046     		mov	r0, r4
 398 003e FFF7FEFF 		bl	USBD_StdItfReq
 399              	.LVL42:
 279:Middlewares/ST/STM32_USB_Device_Library/Core/Src/usbd_core.c ****       break;
 400              		.loc 1 279 0
 401 0042 09E0     		b	.L34
 402              	.L33:
 280:Middlewares/ST/STM32_USB_Device_Library/Core/Src/usbd_core.c **** 
 281:Middlewares/ST/STM32_USB_Device_Library/Core/Src/usbd_core.c ****     case USB_REQ_RECIPIENT_ENDPOINT:
 282:Middlewares/ST/STM32_USB_Device_Library/Core/Src/usbd_core.c ****       USBD_StdEPReq(pdev, &pdev->request);
 403              		.loc 1 282 0
 404 0044 2946     		mov	r1, r5
 405 0046 2046     		mov	r0, r4
 406 0048 FFF7FEFF 		bl	USBD_StdEPReq
 407              	.LVL43:
 283:Middlewares/ST/STM32_USB_Device_Library/Core/Src/usbd_core.c ****       break;
 408              		.loc 1 283 0
 409 004c 04E0     		b	.L34
 410              	.L35:
 284:Middlewares/ST/STM32_USB_Device_Library/Core/Src/usbd_core.c **** 
 285:Middlewares/ST/STM32_USB_Device_Library/Core/Src/usbd_core.c ****     default:
 286:Middlewares/ST/STM32_USB_Device_Library/Core/Src/usbd_core.c ****       USBD_LL_StallEP(pdev, (pdev->request.bmRequest & 0x80U));
 411              		.loc 1 286 0
 412 004e 01F08001 		and	r1, r1, #128
 413 0052 2046     		mov	r0, r4
 414 0054 FFF7FEFF 		bl	USBD_LL_StallEP
ARM GAS  C:\Users\ADMINI~1\AppData\Local\Temp\cc6PPs8u.s 			page 13


 415              	.LVL44:
 416              	.L34:
 287:Middlewares/ST/STM32_USB_Device_Library/Core/Src/usbd_core.c ****       break;
 288:Middlewares/ST/STM32_USB_Device_Library/Core/Src/usbd_core.c ****   }
 289:Middlewares/ST/STM32_USB_Device_Library/Core/Src/usbd_core.c **** 
 290:Middlewares/ST/STM32_USB_Device_Library/Core/Src/usbd_core.c ****   return USBD_OK;
 291:Middlewares/ST/STM32_USB_Device_Library/Core/Src/usbd_core.c **** }
 417              		.loc 1 291 0
 418 0058 0020     		movs	r0, #0
 419 005a 38BD     		pop	{r3, r4, r5, pc}
 420              		.cfi_endproc
 421              	.LFE74:
 423              		.section	.text.USBD_LL_DataOutStage,"ax",%progbits
 424              		.align	2
 425              		.global	USBD_LL_DataOutStage
 426              		.thumb
 427              		.thumb_func
 429              	USBD_LL_DataOutStage:
 430              	.LFB75:
 292:Middlewares/ST/STM32_USB_Device_Library/Core/Src/usbd_core.c **** 
 293:Middlewares/ST/STM32_USB_Device_Library/Core/Src/usbd_core.c **** /**
 294:Middlewares/ST/STM32_USB_Device_Library/Core/Src/usbd_core.c **** * @brief  USBD_DataOutStage
 295:Middlewares/ST/STM32_USB_Device_Library/Core/Src/usbd_core.c **** *         Handle data OUT stage
 296:Middlewares/ST/STM32_USB_Device_Library/Core/Src/usbd_core.c **** * @param  pdev: device instance
 297:Middlewares/ST/STM32_USB_Device_Library/Core/Src/usbd_core.c **** * @param  epnum: endpoint index
 298:Middlewares/ST/STM32_USB_Device_Library/Core/Src/usbd_core.c **** * @retval status
 299:Middlewares/ST/STM32_USB_Device_Library/Core/Src/usbd_core.c **** */
 300:Middlewares/ST/STM32_USB_Device_Library/Core/Src/usbd_core.c **** USBD_StatusTypeDef USBD_LL_DataOutStage(USBD_HandleTypeDef *pdev,
 301:Middlewares/ST/STM32_USB_Device_Library/Core/Src/usbd_core.c ****                                         uint8_t epnum, uint8_t *pdata)
 302:Middlewares/ST/STM32_USB_Device_Library/Core/Src/usbd_core.c **** {
 431              		.loc 1 302 0
 432              		.cfi_startproc
 433              		@ args = 0, pretend = 0, frame = 0
 434              		@ frame_needed = 0, uses_anonymous_args = 0
 435              	.LVL45:
 436 0000 38B5     		push	{r3, r4, r5, lr}
 437              	.LCFI8:
 438              		.cfi_def_cfa_offset 16
 439              		.cfi_offset 3, -16
 440              		.cfi_offset 4, -12
 441              		.cfi_offset 5, -8
 442              		.cfi_offset 14, -4
 443 0002 0446     		mov	r4, r0
 303:Middlewares/ST/STM32_USB_Device_Library/Core/Src/usbd_core.c ****   USBD_EndpointTypeDef *pep;
 304:Middlewares/ST/STM32_USB_Device_Library/Core/Src/usbd_core.c **** 
 305:Middlewares/ST/STM32_USB_Device_Library/Core/Src/usbd_core.c ****   if (epnum == 0U)
 444              		.loc 1 305 0
 445 0004 91BB     		cbnz	r1, .L38
 446 0006 1046     		mov	r0, r2
 447              	.LVL46:
 306:Middlewares/ST/STM32_USB_Device_Library/Core/Src/usbd_core.c ****   {
 307:Middlewares/ST/STM32_USB_Device_Library/Core/Src/usbd_core.c ****     pep = &pdev->ep_out[0];
 308:Middlewares/ST/STM32_USB_Device_Library/Core/Src/usbd_core.c **** 
 309:Middlewares/ST/STM32_USB_Device_Library/Core/Src/usbd_core.c ****     if (pdev->ep0_state == USBD_EP0_DATA_OUT)
 448              		.loc 1 309 0
 449 0008 D4F89432 		ldr	r3, [r4, #660]
 450 000c 032B     		cmp	r3, #3
ARM GAS  C:\Users\ADMINI~1\AppData\Local\Temp\cc6PPs8u.s 			page 14


 451 000e 22D1     		bne	.L39
 310:Middlewares/ST/STM32_USB_Device_Library/Core/Src/usbd_core.c ****     {
 311:Middlewares/ST/STM32_USB_Device_Library/Core/Src/usbd_core.c ****       if (pep->rem_length > pep->maxpacket)
 452              		.loc 1 311 0
 453 0010 D4F86021 		ldr	r2, [r4, #352]
 454              	.LVL47:
 455 0014 D4F86431 		ldr	r3, [r4, #356]
 456 0018 9A42     		cmp	r2, r3
 457 001a 0DD9     		bls	.L40
 312:Middlewares/ST/STM32_USB_Device_Library/Core/Src/usbd_core.c ****       {
 313:Middlewares/ST/STM32_USB_Device_Library/Core/Src/usbd_core.c ****         pep->rem_length -= pep->maxpacket;
 458              		.loc 1 313 0
 459 001c D21A     		subs	r2, r2, r3
 460 001e C4F86021 		str	r2, [r4, #352]
 314:Middlewares/ST/STM32_USB_Device_Library/Core/Src/usbd_core.c **** 
 315:Middlewares/ST/STM32_USB_Device_Library/Core/Src/usbd_core.c ****         USBD_CtlContinueRx(pdev, pdata,
 461              		.loc 1 315 0
 462 0022 9342     		cmp	r3, r2
 463 0024 01D9     		bls	.L41
 464              		.loc 1 315 0 is_stmt 0 discriminator 1
 465 0026 92B2     		uxth	r2, r2
 466 0028 00E0     		b	.L42
 467              	.L41:
 468              		.loc 1 315 0 discriminator 2
 469 002a 9AB2     		uxth	r2, r3
 470              	.L42:
 471              		.loc 1 315 0 discriminator 4
 472 002c 0146     		mov	r1, r0
 473              	.LVL48:
 474 002e 2046     		mov	r0, r4
 475              	.LVL49:
 476 0030 FFF7FEFF 		bl	USBD_CtlContinueRx
 477              	.LVL50:
 316:Middlewares/ST/STM32_USB_Device_Library/Core/Src/usbd_core.c ****                            (uint16_t)MIN(pep->rem_length, pep->maxpacket));
 317:Middlewares/ST/STM32_USB_Device_Library/Core/Src/usbd_core.c ****       }
 318:Middlewares/ST/STM32_USB_Device_Library/Core/Src/usbd_core.c ****       else
 319:Middlewares/ST/STM32_USB_Device_Library/Core/Src/usbd_core.c ****       {
 320:Middlewares/ST/STM32_USB_Device_Library/Core/Src/usbd_core.c ****         if ((pdev->pClass->EP0_RxReady != NULL) &&
 321:Middlewares/ST/STM32_USB_Device_Library/Core/Src/usbd_core.c ****             (pdev->dev_state == USBD_STATE_CONFIGURED))
 322:Middlewares/ST/STM32_USB_Device_Library/Core/Src/usbd_core.c ****         {
 323:Middlewares/ST/STM32_USB_Device_Library/Core/Src/usbd_core.c ****           pdev->pClass->EP0_RxReady(pdev);
 324:Middlewares/ST/STM32_USB_Device_Library/Core/Src/usbd_core.c ****         }
 325:Middlewares/ST/STM32_USB_Device_Library/Core/Src/usbd_core.c ****         USBD_CtlSendStatus(pdev);
 326:Middlewares/ST/STM32_USB_Device_Library/Core/Src/usbd_core.c ****       }
 327:Middlewares/ST/STM32_USB_Device_Library/Core/Src/usbd_core.c ****     }
 328:Middlewares/ST/STM32_USB_Device_Library/Core/Src/usbd_core.c ****     else
 329:Middlewares/ST/STM32_USB_Device_Library/Core/Src/usbd_core.c ****     {
 330:Middlewares/ST/STM32_USB_Device_Library/Core/Src/usbd_core.c ****       if (pdev->ep0_state == USBD_EP0_STATUS_OUT)
 331:Middlewares/ST/STM32_USB_Device_Library/Core/Src/usbd_core.c ****       {
 332:Middlewares/ST/STM32_USB_Device_Library/Core/Src/usbd_core.c ****         /*
 333:Middlewares/ST/STM32_USB_Device_Library/Core/Src/usbd_core.c ****          * STATUS PHASE completed, update ep0_state to idle
 334:Middlewares/ST/STM32_USB_Device_Library/Core/Src/usbd_core.c ****          */
 335:Middlewares/ST/STM32_USB_Device_Library/Core/Src/usbd_core.c ****         pdev->ep0_state = USBD_EP0_IDLE;
 336:Middlewares/ST/STM32_USB_Device_Library/Core/Src/usbd_core.c ****         USBD_LL_StallEP(pdev, 0U);
 337:Middlewares/ST/STM32_USB_Device_Library/Core/Src/usbd_core.c ****       }
 338:Middlewares/ST/STM32_USB_Device_Library/Core/Src/usbd_core.c ****     }
 339:Middlewares/ST/STM32_USB_Device_Library/Core/Src/usbd_core.c ****   }
ARM GAS  C:\Users\ADMINI~1\AppData\Local\Temp\cc6PPs8u.s 			page 15


 340:Middlewares/ST/STM32_USB_Device_Library/Core/Src/usbd_core.c ****   else if ((pdev->pClass->DataOut != NULL) &&
 341:Middlewares/ST/STM32_USB_Device_Library/Core/Src/usbd_core.c ****            (pdev->dev_state == USBD_STATE_CONFIGURED))
 342:Middlewares/ST/STM32_USB_Device_Library/Core/Src/usbd_core.c ****   {
 343:Middlewares/ST/STM32_USB_Device_Library/Core/Src/usbd_core.c ****     pdev->pClass->DataOut(pdev, epnum);
 344:Middlewares/ST/STM32_USB_Device_Library/Core/Src/usbd_core.c ****   }
 345:Middlewares/ST/STM32_USB_Device_Library/Core/Src/usbd_core.c ****   else
 346:Middlewares/ST/STM32_USB_Device_Library/Core/Src/usbd_core.c ****   {
 347:Middlewares/ST/STM32_USB_Device_Library/Core/Src/usbd_core.c ****     /* should never be in this condition */
 348:Middlewares/ST/STM32_USB_Device_Library/Core/Src/usbd_core.c ****     return USBD_FAIL;
 349:Middlewares/ST/STM32_USB_Device_Library/Core/Src/usbd_core.c ****   }
 350:Middlewares/ST/STM32_USB_Device_Library/Core/Src/usbd_core.c **** 
 351:Middlewares/ST/STM32_USB_Device_Library/Core/Src/usbd_core.c ****   return USBD_OK;
 478              		.loc 1 351 0 is_stmt 1 discriminator 4
 479 0034 0020     		movs	r0, #0
 480 0036 38BD     		pop	{r3, r4, r5, pc}
 481              	.LVL51:
 482              	.L40:
 320:Middlewares/ST/STM32_USB_Device_Library/Core/Src/usbd_core.c ****             (pdev->dev_state == USBD_STATE_CONFIGURED))
 483              		.loc 1 320 0
 484 0038 D4F8B432 		ldr	r3, [r4, #692]
 485 003c 1B69     		ldr	r3, [r3, #16]
 486 003e 2BB1     		cbz	r3, .L44
 321:Middlewares/ST/STM32_USB_Device_Library/Core/Src/usbd_core.c ****         {
 487              		.loc 1 321 0 discriminator 1
 488 0040 94F89C22 		ldrb	r2, [r4, #668]	@ zero_extendqisi2
 320:Middlewares/ST/STM32_USB_Device_Library/Core/Src/usbd_core.c ****             (pdev->dev_state == USBD_STATE_CONFIGURED))
 489              		.loc 1 320 0 discriminator 1
 490 0044 032A     		cmp	r2, #3
 491 0046 01D1     		bne	.L44
 323:Middlewares/ST/STM32_USB_Device_Library/Core/Src/usbd_core.c ****         }
 492              		.loc 1 323 0
 493 0048 2046     		mov	r0, r4
 494              	.LVL52:
 495 004a 9847     		blx	r3
 496              	.LVL53:
 497              	.L44:
 325:Middlewares/ST/STM32_USB_Device_Library/Core/Src/usbd_core.c ****       }
 498              		.loc 1 325 0
 499 004c 2046     		mov	r0, r4
 500 004e FFF7FEFF 		bl	USBD_CtlSendStatus
 501              	.LVL54:
 502              		.loc 1 351 0
 503 0052 0020     		movs	r0, #0
 504 0054 38BD     		pop	{r3, r4, r5, pc}
 505              	.LVL55:
 506              	.L39:
 330:Middlewares/ST/STM32_USB_Device_Library/Core/Src/usbd_core.c ****       {
 507              		.loc 1 330 0
 508 0056 052B     		cmp	r3, #5
 509 0058 15D1     		bne	.L45
 335:Middlewares/ST/STM32_USB_Device_Library/Core/Src/usbd_core.c ****         USBD_LL_StallEP(pdev, 0U);
 510              		.loc 1 335 0
 511 005a 0025     		movs	r5, #0
 512 005c C4F89452 		str	r5, [r4, #660]
 336:Middlewares/ST/STM32_USB_Device_Library/Core/Src/usbd_core.c ****       }
 513              		.loc 1 336 0
 514 0060 2946     		mov	r1, r5
ARM GAS  C:\Users\ADMINI~1\AppData\Local\Temp\cc6PPs8u.s 			page 16


 515              	.LVL56:
 516 0062 2046     		mov	r0, r4
 517              	.LVL57:
 518 0064 FFF7FEFF 		bl	USBD_LL_StallEP
 519              	.LVL58:
 520              		.loc 1 351 0
 521 0068 2846     		mov	r0, r5
 522 006a 38BD     		pop	{r3, r4, r5, pc}
 523              	.LVL59:
 524              	.L38:
 525 006c 0A46     		mov	r2, r1
 526              	.LVL60:
 340:Middlewares/ST/STM32_USB_Device_Library/Core/Src/usbd_core.c ****            (pdev->dev_state == USBD_STATE_CONFIGURED))
 527              		.loc 1 340 0
 528 006e D0F8B432 		ldr	r3, [r0, #692]
 529 0072 9B69     		ldr	r3, [r3, #24]
 530 0074 4BB1     		cbz	r3, .L46
 341:Middlewares/ST/STM32_USB_Device_Library/Core/Src/usbd_core.c ****   {
 531              		.loc 1 341 0 discriminator 1
 532 0076 90F89C12 		ldrb	r1, [r0, #668]	@ zero_extendqisi2
 533              	.LVL61:
 340:Middlewares/ST/STM32_USB_Device_Library/Core/Src/usbd_core.c ****            (pdev->dev_state == USBD_STATE_CONFIGURED))
 534              		.loc 1 340 0 discriminator 1
 535 007a 0329     		cmp	r1, #3
 536 007c 07D1     		bne	.L47
 343:Middlewares/ST/STM32_USB_Device_Library/Core/Src/usbd_core.c ****   }
 537              		.loc 1 343 0
 538 007e 1146     		mov	r1, r2
 539 0080 9847     		blx	r3
 540              	.LVL62:
 541              		.loc 1 351 0
 542 0082 0020     		movs	r0, #0
 343:Middlewares/ST/STM32_USB_Device_Library/Core/Src/usbd_core.c ****   }
 543              		.loc 1 343 0
 544 0084 38BD     		pop	{r3, r4, r5, pc}
 545              	.LVL63:
 546              	.L45:
 547              		.loc 1 351 0
 548 0086 0020     		movs	r0, #0
 549              	.LVL64:
 550 0088 38BD     		pop	{r3, r4, r5, pc}
 551              	.LVL65:
 552              	.L46:
 348:Middlewares/ST/STM32_USB_Device_Library/Core/Src/usbd_core.c ****   }
 553              		.loc 1 348 0
 554 008a 0220     		movs	r0, #2
 555              	.LVL66:
 556 008c 38BD     		pop	{r3, r4, r5, pc}
 557              	.LVL67:
 558              	.L47:
 559 008e 0220     		movs	r0, #2
 560              	.LVL68:
 352:Middlewares/ST/STM32_USB_Device_Library/Core/Src/usbd_core.c **** }
 561              		.loc 1 352 0
 562 0090 38BD     		pop	{r3, r4, r5, pc}
 563              		.cfi_endproc
 564              	.LFE75:
ARM GAS  C:\Users\ADMINI~1\AppData\Local\Temp\cc6PPs8u.s 			page 17


 566 0092 00BF     		.section	.text.USBD_LL_DataInStage,"ax",%progbits
 567              		.align	2
 568              		.global	USBD_LL_DataInStage
 569              		.thumb
 570              		.thumb_func
 572              	USBD_LL_DataInStage:
 573              	.LFB76:
 353:Middlewares/ST/STM32_USB_Device_Library/Core/Src/usbd_core.c **** 
 354:Middlewares/ST/STM32_USB_Device_Library/Core/Src/usbd_core.c **** /**
 355:Middlewares/ST/STM32_USB_Device_Library/Core/Src/usbd_core.c **** * @brief  USBD_DataInStage
 356:Middlewares/ST/STM32_USB_Device_Library/Core/Src/usbd_core.c **** *         Handle data in stage
 357:Middlewares/ST/STM32_USB_Device_Library/Core/Src/usbd_core.c **** * @param  pdev: device instance
 358:Middlewares/ST/STM32_USB_Device_Library/Core/Src/usbd_core.c **** * @param  epnum: endpoint index
 359:Middlewares/ST/STM32_USB_Device_Library/Core/Src/usbd_core.c **** * @retval status
 360:Middlewares/ST/STM32_USB_Device_Library/Core/Src/usbd_core.c **** */
 361:Middlewares/ST/STM32_USB_Device_Library/Core/Src/usbd_core.c **** USBD_StatusTypeDef USBD_LL_DataInStage(USBD_HandleTypeDef *pdev,
 362:Middlewares/ST/STM32_USB_Device_Library/Core/Src/usbd_core.c ****                                        uint8_t epnum, uint8_t *pdata)
 363:Middlewares/ST/STM32_USB_Device_Library/Core/Src/usbd_core.c **** {
 574              		.loc 1 363 0
 575              		.cfi_startproc
 576              		@ args = 0, pretend = 0, frame = 0
 577              		@ frame_needed = 0, uses_anonymous_args = 0
 578              	.LVL69:
 579 0000 10B5     		push	{r4, lr}
 580              	.LCFI9:
 581              		.cfi_def_cfa_offset 8
 582              		.cfi_offset 4, -8
 583              		.cfi_offset 14, -4
 584 0002 0446     		mov	r4, r0
 364:Middlewares/ST/STM32_USB_Device_Library/Core/Src/usbd_core.c ****   USBD_EndpointTypeDef *pep;
 365:Middlewares/ST/STM32_USB_Device_Library/Core/Src/usbd_core.c **** 
 366:Middlewares/ST/STM32_USB_Device_Library/Core/Src/usbd_core.c ****   if (epnum == 0U)
 585              		.loc 1 366 0
 586 0004 0029     		cmp	r1, #0
 587 0006 50D1     		bne	.L50
 588 0008 1046     		mov	r0, r2
 589              	.LVL70:
 367:Middlewares/ST/STM32_USB_Device_Library/Core/Src/usbd_core.c ****   {
 368:Middlewares/ST/STM32_USB_Device_Library/Core/Src/usbd_core.c ****     pep = &pdev->ep_in[0];
 369:Middlewares/ST/STM32_USB_Device_Library/Core/Src/usbd_core.c **** 
 370:Middlewares/ST/STM32_USB_Device_Library/Core/Src/usbd_core.c ****     if (pdev->ep0_state == USBD_EP0_DATA_IN)
 590              		.loc 1 370 0
 591 000a D4F89432 		ldr	r3, [r4, #660]
 592 000e 022B     		cmp	r3, #2
 593 0010 3CD1     		bne	.L51
 371:Middlewares/ST/STM32_USB_Device_Library/Core/Src/usbd_core.c ****     {
 372:Middlewares/ST/STM32_USB_Device_Library/Core/Src/usbd_core.c ****       if (pep->rem_length > pep->maxpacket)
 594              		.loc 1 372 0
 595 0012 226A     		ldr	r2, [r4, #32]
 596              	.LVL71:
 597 0014 636A     		ldr	r3, [r4, #36]
 598 0016 9A42     		cmp	r2, r3
 599 0018 0DD9     		bls	.L52
 373:Middlewares/ST/STM32_USB_Device_Library/Core/Src/usbd_core.c ****       {
 374:Middlewares/ST/STM32_USB_Device_Library/Core/Src/usbd_core.c ****         pep->rem_length -= pep->maxpacket;
 600              		.loc 1 374 0
 601 001a D21A     		subs	r2, r2, r3
ARM GAS  C:\Users\ADMINI~1\AppData\Local\Temp\cc6PPs8u.s 			page 18


 602 001c 2262     		str	r2, [r4, #32]
 375:Middlewares/ST/STM32_USB_Device_Library/Core/Src/usbd_core.c **** 
 376:Middlewares/ST/STM32_USB_Device_Library/Core/Src/usbd_core.c ****         USBD_CtlContinueSendData(pdev, pdata, (uint16_t)pep->rem_length);
 603              		.loc 1 376 0
 604 001e 92B2     		uxth	r2, r2
 605 0020 0146     		mov	r1, r0
 606              	.LVL72:
 607 0022 2046     		mov	r0, r4
 608              	.LVL73:
 609 0024 FFF7FEFF 		bl	USBD_CtlContinueSendData
 610              	.LVL74:
 377:Middlewares/ST/STM32_USB_Device_Library/Core/Src/usbd_core.c **** 
 378:Middlewares/ST/STM32_USB_Device_Library/Core/Src/usbd_core.c ****         /* Prepare endpoint for premature end of transfer */
 379:Middlewares/ST/STM32_USB_Device_Library/Core/Src/usbd_core.c ****         USBD_LL_PrepareReceive(pdev, 0U, NULL, 0U);
 611              		.loc 1 379 0
 612 0028 0023     		movs	r3, #0
 613 002a 1A46     		mov	r2, r3
 614 002c 1946     		mov	r1, r3
 615 002e 2046     		mov	r0, r4
 616 0030 FFF7FEFF 		bl	USBD_LL_PrepareReceive
 617              	.LVL75:
 618 0034 31E0     		b	.L53
 619              	.LVL76:
 620              	.L52:
 380:Middlewares/ST/STM32_USB_Device_Library/Core/Src/usbd_core.c ****       }
 381:Middlewares/ST/STM32_USB_Device_Library/Core/Src/usbd_core.c ****       else
 382:Middlewares/ST/STM32_USB_Device_Library/Core/Src/usbd_core.c ****       {
 383:Middlewares/ST/STM32_USB_Device_Library/Core/Src/usbd_core.c ****         /* last packet is MPS multiple, so send ZLP packet */
 384:Middlewares/ST/STM32_USB_Device_Library/Core/Src/usbd_core.c ****         if ((pep->total_length % pep->maxpacket == 0U) &&
 621              		.loc 1 384 0
 622 0036 E169     		ldr	r1, [r4, #28]
 623              	.LVL77:
 624 0038 B1FBF3F2 		udiv	r2, r1, r3
 625 003c 03FB1212 		mls	r2, r3, r2, r1
 626 0040 92B9     		cbnz	r2, .L54
 627              		.loc 1 384 0 is_stmt 0 discriminator 1
 628 0042 8B42     		cmp	r3, r1
 629 0044 10D8     		bhi	.L54
 385:Middlewares/ST/STM32_USB_Device_Library/Core/Src/usbd_core.c ****             (pep->total_length >= pep->maxpacket) &&
 386:Middlewares/ST/STM32_USB_Device_Library/Core/Src/usbd_core.c ****             (pep->total_length < pdev->ep0_data_len))
 630              		.loc 1 386 0 is_stmt 1
 631 0046 D4F89832 		ldr	r3, [r4, #664]
 385:Middlewares/ST/STM32_USB_Device_Library/Core/Src/usbd_core.c ****             (pep->total_length >= pep->maxpacket) &&
 632              		.loc 1 385 0
 633 004a 9942     		cmp	r1, r3
 634 004c 0CD2     		bcs	.L54
 387:Middlewares/ST/STM32_USB_Device_Library/Core/Src/usbd_core.c ****         {
 388:Middlewares/ST/STM32_USB_Device_Library/Core/Src/usbd_core.c ****           USBD_CtlContinueSendData(pdev, NULL, 0U);
 635              		.loc 1 388 0
 636 004e 1146     		mov	r1, r2
 637 0050 2046     		mov	r0, r4
 638              	.LVL78:
 639 0052 FFF7FEFF 		bl	USBD_CtlContinueSendData
 640              	.LVL79:
 389:Middlewares/ST/STM32_USB_Device_Library/Core/Src/usbd_core.c ****           pdev->ep0_data_len = 0U;
 641              		.loc 1 389 0
 642 0056 0021     		movs	r1, #0
ARM GAS  C:\Users\ADMINI~1\AppData\Local\Temp\cc6PPs8u.s 			page 19


 643 0058 C4F89812 		str	r1, [r4, #664]
 390:Middlewares/ST/STM32_USB_Device_Library/Core/Src/usbd_core.c **** 
 391:Middlewares/ST/STM32_USB_Device_Library/Core/Src/usbd_core.c ****           /* Prepare endpoint for premature end of transfer */
 392:Middlewares/ST/STM32_USB_Device_Library/Core/Src/usbd_core.c ****           USBD_LL_PrepareReceive(pdev, 0U, NULL, 0U);
 644              		.loc 1 392 0
 645 005c 0B46     		mov	r3, r1
 646 005e 0A46     		mov	r2, r1
 647 0060 2046     		mov	r0, r4
 648 0062 FFF7FEFF 		bl	USBD_LL_PrepareReceive
 649              	.LVL80:
 650 0066 18E0     		b	.L53
 651              	.LVL81:
 652              	.L54:
 393:Middlewares/ST/STM32_USB_Device_Library/Core/Src/usbd_core.c ****         }
 394:Middlewares/ST/STM32_USB_Device_Library/Core/Src/usbd_core.c ****         else
 395:Middlewares/ST/STM32_USB_Device_Library/Core/Src/usbd_core.c ****         {
 396:Middlewares/ST/STM32_USB_Device_Library/Core/Src/usbd_core.c ****           if ((pdev->pClass->EP0_TxSent != NULL) &&
 653              		.loc 1 396 0
 654 0068 D4F8B432 		ldr	r3, [r4, #692]
 655 006c DB68     		ldr	r3, [r3, #12]
 656 006e 2BB1     		cbz	r3, .L55
 397:Middlewares/ST/STM32_USB_Device_Library/Core/Src/usbd_core.c ****               (pdev->dev_state == USBD_STATE_CONFIGURED))
 657              		.loc 1 397 0 discriminator 1
 658 0070 94F89C22 		ldrb	r2, [r4, #668]	@ zero_extendqisi2
 396:Middlewares/ST/STM32_USB_Device_Library/Core/Src/usbd_core.c ****               (pdev->dev_state == USBD_STATE_CONFIGURED))
 659              		.loc 1 396 0 discriminator 1
 660 0074 032A     		cmp	r2, #3
 661 0076 01D1     		bne	.L55
 398:Middlewares/ST/STM32_USB_Device_Library/Core/Src/usbd_core.c ****           {
 399:Middlewares/ST/STM32_USB_Device_Library/Core/Src/usbd_core.c ****             pdev->pClass->EP0_TxSent(pdev);
 662              		.loc 1 399 0
 663 0078 2046     		mov	r0, r4
 664              	.LVL82:
 665 007a 9847     		blx	r3
 666              	.LVL83:
 667              	.L55:
 400:Middlewares/ST/STM32_USB_Device_Library/Core/Src/usbd_core.c ****           }
 401:Middlewares/ST/STM32_USB_Device_Library/Core/Src/usbd_core.c ****           USBD_LL_StallEP(pdev, 0x80U);
 668              		.loc 1 401 0
 669 007c 8021     		movs	r1, #128
 670 007e 2046     		mov	r0, r4
 671 0080 FFF7FEFF 		bl	USBD_LL_StallEP
 672              	.LVL84:
 402:Middlewares/ST/STM32_USB_Device_Library/Core/Src/usbd_core.c ****           USBD_CtlReceiveStatus(pdev);
 673              		.loc 1 402 0
 674 0084 2046     		mov	r0, r4
 675 0086 FFF7FEFF 		bl	USBD_CtlReceiveStatus
 676              	.LVL85:
 677 008a 06E0     		b	.L53
 678              	.LVL86:
 679              	.L51:
 403:Middlewares/ST/STM32_USB_Device_Library/Core/Src/usbd_core.c ****         }
 404:Middlewares/ST/STM32_USB_Device_Library/Core/Src/usbd_core.c ****       }
 405:Middlewares/ST/STM32_USB_Device_Library/Core/Src/usbd_core.c ****     }
 406:Middlewares/ST/STM32_USB_Device_Library/Core/Src/usbd_core.c ****     else
 407:Middlewares/ST/STM32_USB_Device_Library/Core/Src/usbd_core.c ****     {
 408:Middlewares/ST/STM32_USB_Device_Library/Core/Src/usbd_core.c ****       if ((pdev->ep0_state == USBD_EP0_STATUS_IN) ||
ARM GAS  C:\Users\ADMINI~1\AppData\Local\Temp\cc6PPs8u.s 			page 20


 680              		.loc 1 408 0
 681 008c 042B     		cmp	r3, #4
 682 008e 00D0     		beq	.L56
 683              		.loc 1 408 0 is_stmt 0 discriminator 1
 684 0090 1BB9     		cbnz	r3, .L53
 685              	.L56:
 409:Middlewares/ST/STM32_USB_Device_Library/Core/Src/usbd_core.c ****           (pdev->ep0_state == USBD_EP0_IDLE))
 410:Middlewares/ST/STM32_USB_Device_Library/Core/Src/usbd_core.c ****       {
 411:Middlewares/ST/STM32_USB_Device_Library/Core/Src/usbd_core.c ****         USBD_LL_StallEP(pdev, 0x80U);
 686              		.loc 1 411 0 is_stmt 1
 687 0092 8021     		movs	r1, #128
 688              	.LVL87:
 689 0094 2046     		mov	r0, r4
 690              	.LVL88:
 691 0096 FFF7FEFF 		bl	USBD_LL_StallEP
 692              	.LVL89:
 693              	.L53:
 412:Middlewares/ST/STM32_USB_Device_Library/Core/Src/usbd_core.c ****       }
 413:Middlewares/ST/STM32_USB_Device_Library/Core/Src/usbd_core.c ****     }
 414:Middlewares/ST/STM32_USB_Device_Library/Core/Src/usbd_core.c **** 
 415:Middlewares/ST/STM32_USB_Device_Library/Core/Src/usbd_core.c ****     if (pdev->dev_test_mode == 1U)
 694              		.loc 1 415 0
 695 009a 94F8A032 		ldrb	r3, [r4, #672]	@ zero_extendqisi2
 696 009e 012B     		cmp	r3, #1
 697 00a0 10D1     		bne	.L58
 416:Middlewares/ST/STM32_USB_Device_Library/Core/Src/usbd_core.c ****     {
 417:Middlewares/ST/STM32_USB_Device_Library/Core/Src/usbd_core.c ****       USBD_RunTestMode(pdev);
 418:Middlewares/ST/STM32_USB_Device_Library/Core/Src/usbd_core.c ****       pdev->dev_test_mode = 0U;
 698              		.loc 1 418 0
 699 00a2 0020     		movs	r0, #0
 700 00a4 84F8A002 		strb	r0, [r4, #672]
 701 00a8 10BD     		pop	{r4, pc}
 702              	.LVL90:
 703              	.L50:
 704 00aa 0A46     		mov	r2, r1
 705              	.LVL91:
 419:Middlewares/ST/STM32_USB_Device_Library/Core/Src/usbd_core.c ****     }
 420:Middlewares/ST/STM32_USB_Device_Library/Core/Src/usbd_core.c ****   }
 421:Middlewares/ST/STM32_USB_Device_Library/Core/Src/usbd_core.c ****   else if ((pdev->pClass->DataIn != NULL) &&
 706              		.loc 1 421 0
 707 00ac D0F8B432 		ldr	r3, [r0, #692]
 708 00b0 5B69     		ldr	r3, [r3, #20]
 709 00b2 4BB1     		cbz	r3, .L59
 422:Middlewares/ST/STM32_USB_Device_Library/Core/Src/usbd_core.c ****            (pdev->dev_state == USBD_STATE_CONFIGURED))
 710              		.loc 1 422 0 discriminator 1
 711 00b4 90F89C12 		ldrb	r1, [r0, #668]	@ zero_extendqisi2
 712              	.LVL92:
 421:Middlewares/ST/STM32_USB_Device_Library/Core/Src/usbd_core.c ****            (pdev->dev_state == USBD_STATE_CONFIGURED))
 713              		.loc 1 421 0 discriminator 1
 714 00b8 0329     		cmp	r1, #3
 715 00ba 07D1     		bne	.L60
 423:Middlewares/ST/STM32_USB_Device_Library/Core/Src/usbd_core.c ****   {
 424:Middlewares/ST/STM32_USB_Device_Library/Core/Src/usbd_core.c ****     pdev->pClass->DataIn(pdev, epnum);
 716              		.loc 1 424 0
 717 00bc 1146     		mov	r1, r2
 718 00be 9847     		blx	r3
 719              	.LVL93:
ARM GAS  C:\Users\ADMINI~1\AppData\Local\Temp\cc6PPs8u.s 			page 21


 425:Middlewares/ST/STM32_USB_Device_Library/Core/Src/usbd_core.c ****   }
 426:Middlewares/ST/STM32_USB_Device_Library/Core/Src/usbd_core.c ****   else
 427:Middlewares/ST/STM32_USB_Device_Library/Core/Src/usbd_core.c ****   {
 428:Middlewares/ST/STM32_USB_Device_Library/Core/Src/usbd_core.c ****     /* should never be in this condition */
 429:Middlewares/ST/STM32_USB_Device_Library/Core/Src/usbd_core.c ****     return USBD_FAIL;
 430:Middlewares/ST/STM32_USB_Device_Library/Core/Src/usbd_core.c ****   }
 431:Middlewares/ST/STM32_USB_Device_Library/Core/Src/usbd_core.c **** 
 432:Middlewares/ST/STM32_USB_Device_Library/Core/Src/usbd_core.c ****   return USBD_OK;
 720              		.loc 1 432 0
 721 00c0 0020     		movs	r0, #0
 424:Middlewares/ST/STM32_USB_Device_Library/Core/Src/usbd_core.c ****   }
 722              		.loc 1 424 0
 723 00c2 10BD     		pop	{r4, pc}
 724              	.LVL94:
 725              	.L58:
 726              		.loc 1 432 0
 727 00c4 0020     		movs	r0, #0
 728 00c6 10BD     		pop	{r4, pc}
 729              	.LVL95:
 730              	.L59:
 429:Middlewares/ST/STM32_USB_Device_Library/Core/Src/usbd_core.c ****   }
 731              		.loc 1 429 0
 732 00c8 0220     		movs	r0, #2
 733              	.LVL96:
 734 00ca 10BD     		pop	{r4, pc}
 735              	.LVL97:
 736              	.L60:
 737 00cc 0220     		movs	r0, #2
 738              	.LVL98:
 433:Middlewares/ST/STM32_USB_Device_Library/Core/Src/usbd_core.c **** }
 739              		.loc 1 433 0
 740 00ce 10BD     		pop	{r4, pc}
 741              		.cfi_endproc
 742              	.LFE76:
 744              		.section	.text.USBD_LL_Reset,"ax",%progbits
 745              		.align	2
 746              		.global	USBD_LL_Reset
 747              		.thumb
 748              		.thumb_func
 750              	USBD_LL_Reset:
 751              	.LFB77:
 434:Middlewares/ST/STM32_USB_Device_Library/Core/Src/usbd_core.c **** 
 435:Middlewares/ST/STM32_USB_Device_Library/Core/Src/usbd_core.c **** /**
 436:Middlewares/ST/STM32_USB_Device_Library/Core/Src/usbd_core.c **** * @brief  USBD_LL_Reset
 437:Middlewares/ST/STM32_USB_Device_Library/Core/Src/usbd_core.c **** *         Handle Reset event
 438:Middlewares/ST/STM32_USB_Device_Library/Core/Src/usbd_core.c **** * @param  pdev: device instance
 439:Middlewares/ST/STM32_USB_Device_Library/Core/Src/usbd_core.c **** * @retval status
 440:Middlewares/ST/STM32_USB_Device_Library/Core/Src/usbd_core.c **** */
 441:Middlewares/ST/STM32_USB_Device_Library/Core/Src/usbd_core.c **** 
 442:Middlewares/ST/STM32_USB_Device_Library/Core/Src/usbd_core.c **** USBD_StatusTypeDef USBD_LL_Reset(USBD_HandleTypeDef *pdev)
 443:Middlewares/ST/STM32_USB_Device_Library/Core/Src/usbd_core.c **** {
 752              		.loc 1 443 0
 753              		.cfi_startproc
 754              		@ args = 0, pretend = 0, frame = 0
 755              		@ frame_needed = 0, uses_anonymous_args = 0
 756              	.LVL99:
 757 0000 70B5     		push	{r4, r5, r6, lr}
ARM GAS  C:\Users\ADMINI~1\AppData\Local\Temp\cc6PPs8u.s 			page 22


 758              	.LCFI10:
 759              		.cfi_def_cfa_offset 16
 760              		.cfi_offset 4, -16
 761              		.cfi_offset 5, -12
 762              		.cfi_offset 6, -8
 763              		.cfi_offset 14, -4
 764 0002 0446     		mov	r4, r0
 444:Middlewares/ST/STM32_USB_Device_Library/Core/Src/usbd_core.c ****   /* Open EP0 OUT */
 445:Middlewares/ST/STM32_USB_Device_Library/Core/Src/usbd_core.c ****   USBD_LL_OpenEP(pdev, 0x00U, USBD_EP_TYPE_CTRL, USB_MAX_EP0_SIZE);
 765              		.loc 1 445 0
 766 0004 4023     		movs	r3, #64
 767 0006 0022     		movs	r2, #0
 768 0008 1146     		mov	r1, r2
 769 000a FFF7FEFF 		bl	USBD_LL_OpenEP
 770              	.LVL100:
 446:Middlewares/ST/STM32_USB_Device_Library/Core/Src/usbd_core.c ****   pdev->ep_out[0x00U & 0xFU].is_used = 1U;
 771              		.loc 1 446 0
 772 000e 0125     		movs	r5, #1
 773 0010 C4F85851 		str	r5, [r4, #344]
 447:Middlewares/ST/STM32_USB_Device_Library/Core/Src/usbd_core.c **** 
 448:Middlewares/ST/STM32_USB_Device_Library/Core/Src/usbd_core.c ****   pdev->ep_out[0].maxpacket = USB_MAX_EP0_SIZE;
 774              		.loc 1 448 0
 775 0014 4026     		movs	r6, #64
 776 0016 C4F86461 		str	r6, [r4, #356]
 449:Middlewares/ST/STM32_USB_Device_Library/Core/Src/usbd_core.c **** 
 450:Middlewares/ST/STM32_USB_Device_Library/Core/Src/usbd_core.c ****   /* Open EP0 IN */
 451:Middlewares/ST/STM32_USB_Device_Library/Core/Src/usbd_core.c ****   USBD_LL_OpenEP(pdev, 0x80U, USBD_EP_TYPE_CTRL, USB_MAX_EP0_SIZE);
 777              		.loc 1 451 0
 778 001a 3346     		mov	r3, r6
 779 001c 0022     		movs	r2, #0
 780 001e 8021     		movs	r1, #128
 781 0020 2046     		mov	r0, r4
 782 0022 FFF7FEFF 		bl	USBD_LL_OpenEP
 783              	.LVL101:
 452:Middlewares/ST/STM32_USB_Device_Library/Core/Src/usbd_core.c ****   pdev->ep_in[0x80U & 0xFU].is_used = 1U;
 784              		.loc 1 452 0
 785 0026 A561     		str	r5, [r4, #24]
 453:Middlewares/ST/STM32_USB_Device_Library/Core/Src/usbd_core.c **** 
 454:Middlewares/ST/STM32_USB_Device_Library/Core/Src/usbd_core.c ****   pdev->ep_in[0].maxpacket = USB_MAX_EP0_SIZE;
 786              		.loc 1 454 0
 787 0028 6662     		str	r6, [r4, #36]
 455:Middlewares/ST/STM32_USB_Device_Library/Core/Src/usbd_core.c **** 
 456:Middlewares/ST/STM32_USB_Device_Library/Core/Src/usbd_core.c ****   /* Upon Reset call user call back */
 457:Middlewares/ST/STM32_USB_Device_Library/Core/Src/usbd_core.c ****   pdev->dev_state = USBD_STATE_DEFAULT;
 788              		.loc 1 457 0
 789 002a 84F89C52 		strb	r5, [r4, #668]
 458:Middlewares/ST/STM32_USB_Device_Library/Core/Src/usbd_core.c ****   pdev->ep0_state = USBD_EP0_IDLE;
 790              		.loc 1 458 0
 791 002e 0023     		movs	r3, #0
 792 0030 C4F89432 		str	r3, [r4, #660]
 459:Middlewares/ST/STM32_USB_Device_Library/Core/Src/usbd_core.c ****   pdev->dev_config = 0U;
 793              		.loc 1 459 0
 794 0034 6360     		str	r3, [r4, #4]
 460:Middlewares/ST/STM32_USB_Device_Library/Core/Src/usbd_core.c ****   pdev->dev_remote_wakeup = 0U;
 795              		.loc 1 460 0
 796 0036 C4F8A432 		str	r3, [r4, #676]
 461:Middlewares/ST/STM32_USB_Device_Library/Core/Src/usbd_core.c **** 
ARM GAS  C:\Users\ADMINI~1\AppData\Local\Temp\cc6PPs8u.s 			page 23


 462:Middlewares/ST/STM32_USB_Device_Library/Core/Src/usbd_core.c ****   if (pdev->pClassData)
 797              		.loc 1 462 0
 798 003a D4F8B832 		ldr	r3, [r4, #696]
 799 003e 2BB1     		cbz	r3, .L63
 463:Middlewares/ST/STM32_USB_Device_Library/Core/Src/usbd_core.c ****   {
 464:Middlewares/ST/STM32_USB_Device_Library/Core/Src/usbd_core.c ****     pdev->pClass->DeInit(pdev, (uint8_t)pdev->dev_config);
 800              		.loc 1 464 0
 801 0040 D4F8B432 		ldr	r3, [r4, #692]
 802 0044 5B68     		ldr	r3, [r3, #4]
 803 0046 0021     		movs	r1, #0
 804 0048 2046     		mov	r0, r4
 805 004a 9847     		blx	r3
 806              	.LVL102:
 807              	.L63:
 465:Middlewares/ST/STM32_USB_Device_Library/Core/Src/usbd_core.c ****   }
 466:Middlewares/ST/STM32_USB_Device_Library/Core/Src/usbd_core.c **** 
 467:Middlewares/ST/STM32_USB_Device_Library/Core/Src/usbd_core.c ****   return USBD_OK;
 468:Middlewares/ST/STM32_USB_Device_Library/Core/Src/usbd_core.c **** }
 808              		.loc 1 468 0
 809 004c 0020     		movs	r0, #0
 810 004e 70BD     		pop	{r4, r5, r6, pc}
 811              		.cfi_endproc
 812              	.LFE77:
 814              		.section	.text.USBD_LL_SetSpeed,"ax",%progbits
 815              		.align	2
 816              		.global	USBD_LL_SetSpeed
 817              		.thumb
 818              		.thumb_func
 820              	USBD_LL_SetSpeed:
 821              	.LFB78:
 469:Middlewares/ST/STM32_USB_Device_Library/Core/Src/usbd_core.c **** 
 470:Middlewares/ST/STM32_USB_Device_Library/Core/Src/usbd_core.c **** /**
 471:Middlewares/ST/STM32_USB_Device_Library/Core/Src/usbd_core.c **** * @brief  USBD_LL_Reset
 472:Middlewares/ST/STM32_USB_Device_Library/Core/Src/usbd_core.c **** *         Handle Reset event
 473:Middlewares/ST/STM32_USB_Device_Library/Core/Src/usbd_core.c **** * @param  pdev: device instance
 474:Middlewares/ST/STM32_USB_Device_Library/Core/Src/usbd_core.c **** * @retval status
 475:Middlewares/ST/STM32_USB_Device_Library/Core/Src/usbd_core.c **** */
 476:Middlewares/ST/STM32_USB_Device_Library/Core/Src/usbd_core.c **** USBD_StatusTypeDef USBD_LL_SetSpeed(USBD_HandleTypeDef *pdev,
 477:Middlewares/ST/STM32_USB_Device_Library/Core/Src/usbd_core.c ****                                     USBD_SpeedTypeDef speed)
 478:Middlewares/ST/STM32_USB_Device_Library/Core/Src/usbd_core.c **** {
 822              		.loc 1 478 0
 823              		.cfi_startproc
 824              		@ args = 0, pretend = 0, frame = 0
 825              		@ frame_needed = 0, uses_anonymous_args = 0
 826              		@ link register save eliminated.
 827              	.LVL103:
 479:Middlewares/ST/STM32_USB_Device_Library/Core/Src/usbd_core.c ****   pdev->dev_speed = speed;
 828              		.loc 1 479 0
 829 0000 0174     		strb	r1, [r0, #16]
 480:Middlewares/ST/STM32_USB_Device_Library/Core/Src/usbd_core.c **** 
 481:Middlewares/ST/STM32_USB_Device_Library/Core/Src/usbd_core.c ****   return USBD_OK;
 482:Middlewares/ST/STM32_USB_Device_Library/Core/Src/usbd_core.c **** }
 830              		.loc 1 482 0
 831 0002 0020     		movs	r0, #0
 832              	.LVL104:
 833 0004 7047     		bx	lr
 834              		.cfi_endproc
ARM GAS  C:\Users\ADMINI~1\AppData\Local\Temp\cc6PPs8u.s 			page 24


 835              	.LFE78:
 837 0006 00BF     		.section	.text.USBD_LL_Suspend,"ax",%progbits
 838              		.align	2
 839              		.global	USBD_LL_Suspend
 840              		.thumb
 841              		.thumb_func
 843              	USBD_LL_Suspend:
 844              	.LFB79:
 483:Middlewares/ST/STM32_USB_Device_Library/Core/Src/usbd_core.c **** 
 484:Middlewares/ST/STM32_USB_Device_Library/Core/Src/usbd_core.c **** /**
 485:Middlewares/ST/STM32_USB_Device_Library/Core/Src/usbd_core.c **** * @brief  USBD_Suspend
 486:Middlewares/ST/STM32_USB_Device_Library/Core/Src/usbd_core.c **** *         Handle Suspend event
 487:Middlewares/ST/STM32_USB_Device_Library/Core/Src/usbd_core.c **** * @param  pdev: device instance
 488:Middlewares/ST/STM32_USB_Device_Library/Core/Src/usbd_core.c **** * @retval status
 489:Middlewares/ST/STM32_USB_Device_Library/Core/Src/usbd_core.c **** */
 490:Middlewares/ST/STM32_USB_Device_Library/Core/Src/usbd_core.c **** 
 491:Middlewares/ST/STM32_USB_Device_Library/Core/Src/usbd_core.c **** USBD_StatusTypeDef USBD_LL_Suspend(USBD_HandleTypeDef *pdev)
 492:Middlewares/ST/STM32_USB_Device_Library/Core/Src/usbd_core.c **** {
 845              		.loc 1 492 0
 846              		.cfi_startproc
 847              		@ args = 0, pretend = 0, frame = 0
 848              		@ frame_needed = 0, uses_anonymous_args = 0
 849              		@ link register save eliminated.
 850              	.LVL105:
 493:Middlewares/ST/STM32_USB_Device_Library/Core/Src/usbd_core.c ****   pdev->dev_old_state =  pdev->dev_state;
 851              		.loc 1 493 0
 852 0000 90F89C32 		ldrb	r3, [r0, #668]	@ zero_extendqisi2
 853 0004 80F89D32 		strb	r3, [r0, #669]
 494:Middlewares/ST/STM32_USB_Device_Library/Core/Src/usbd_core.c ****   pdev->dev_state  = USBD_STATE_SUSPENDED;
 854              		.loc 1 494 0
 855 0008 0423     		movs	r3, #4
 856 000a 80F89C32 		strb	r3, [r0, #668]
 495:Middlewares/ST/STM32_USB_Device_Library/Core/Src/usbd_core.c **** 
 496:Middlewares/ST/STM32_USB_Device_Library/Core/Src/usbd_core.c ****   return USBD_OK;
 497:Middlewares/ST/STM32_USB_Device_Library/Core/Src/usbd_core.c **** }
 857              		.loc 1 497 0
 858 000e 0020     		movs	r0, #0
 859              	.LVL106:
 860 0010 7047     		bx	lr
 861              		.cfi_endproc
 862              	.LFE79:
 864 0012 00BF     		.section	.text.USBD_LL_Resume,"ax",%progbits
 865              		.align	2
 866              		.global	USBD_LL_Resume
 867              		.thumb
 868              		.thumb_func
 870              	USBD_LL_Resume:
 871              	.LFB80:
 498:Middlewares/ST/STM32_USB_Device_Library/Core/Src/usbd_core.c **** 
 499:Middlewares/ST/STM32_USB_Device_Library/Core/Src/usbd_core.c **** /**
 500:Middlewares/ST/STM32_USB_Device_Library/Core/Src/usbd_core.c **** * @brief  USBD_Resume
 501:Middlewares/ST/STM32_USB_Device_Library/Core/Src/usbd_core.c **** *         Handle Resume event
 502:Middlewares/ST/STM32_USB_Device_Library/Core/Src/usbd_core.c **** * @param  pdev: device instance
 503:Middlewares/ST/STM32_USB_Device_Library/Core/Src/usbd_core.c **** * @retval status
 504:Middlewares/ST/STM32_USB_Device_Library/Core/Src/usbd_core.c **** */
 505:Middlewares/ST/STM32_USB_Device_Library/Core/Src/usbd_core.c **** 
 506:Middlewares/ST/STM32_USB_Device_Library/Core/Src/usbd_core.c **** USBD_StatusTypeDef USBD_LL_Resume(USBD_HandleTypeDef *pdev)
ARM GAS  C:\Users\ADMINI~1\AppData\Local\Temp\cc6PPs8u.s 			page 25


 507:Middlewares/ST/STM32_USB_Device_Library/Core/Src/usbd_core.c **** {
 872              		.loc 1 507 0
 873              		.cfi_startproc
 874              		@ args = 0, pretend = 0, frame = 0
 875              		@ frame_needed = 0, uses_anonymous_args = 0
 876              		@ link register save eliminated.
 877              	.LVL107:
 508:Middlewares/ST/STM32_USB_Device_Library/Core/Src/usbd_core.c ****   if (pdev->dev_state == USBD_STATE_SUSPENDED)
 878              		.loc 1 508 0
 879 0000 90F89C32 		ldrb	r3, [r0, #668]	@ zero_extendqisi2
 880 0004 042B     		cmp	r3, #4
 881 0006 03D1     		bne	.L68
 509:Middlewares/ST/STM32_USB_Device_Library/Core/Src/usbd_core.c ****   {
 510:Middlewares/ST/STM32_USB_Device_Library/Core/Src/usbd_core.c ****     pdev->dev_state = pdev->dev_old_state;
 882              		.loc 1 510 0
 883 0008 90F89D32 		ldrb	r3, [r0, #669]	@ zero_extendqisi2
 884 000c 80F89C32 		strb	r3, [r0, #668]
 885              	.L68:
 511:Middlewares/ST/STM32_USB_Device_Library/Core/Src/usbd_core.c ****   }
 512:Middlewares/ST/STM32_USB_Device_Library/Core/Src/usbd_core.c **** 
 513:Middlewares/ST/STM32_USB_Device_Library/Core/Src/usbd_core.c ****   return USBD_OK;
 514:Middlewares/ST/STM32_USB_Device_Library/Core/Src/usbd_core.c **** }
 886              		.loc 1 514 0
 887 0010 0020     		movs	r0, #0
 888              	.LVL108:
 889 0012 7047     		bx	lr
 890              		.cfi_endproc
 891              	.LFE80:
 893              		.section	.text.USBD_LL_SOF,"ax",%progbits
 894              		.align	2
 895              		.global	USBD_LL_SOF
 896              		.thumb
 897              		.thumb_func
 899              	USBD_LL_SOF:
 900              	.LFB81:
 515:Middlewares/ST/STM32_USB_Device_Library/Core/Src/usbd_core.c **** 
 516:Middlewares/ST/STM32_USB_Device_Library/Core/Src/usbd_core.c **** /**
 517:Middlewares/ST/STM32_USB_Device_Library/Core/Src/usbd_core.c **** * @brief  USBD_SOF
 518:Middlewares/ST/STM32_USB_Device_Library/Core/Src/usbd_core.c **** *         Handle SOF event
 519:Middlewares/ST/STM32_USB_Device_Library/Core/Src/usbd_core.c **** * @param  pdev: device instance
 520:Middlewares/ST/STM32_USB_Device_Library/Core/Src/usbd_core.c **** * @retval status
 521:Middlewares/ST/STM32_USB_Device_Library/Core/Src/usbd_core.c **** */
 522:Middlewares/ST/STM32_USB_Device_Library/Core/Src/usbd_core.c **** 
 523:Middlewares/ST/STM32_USB_Device_Library/Core/Src/usbd_core.c **** USBD_StatusTypeDef USBD_LL_SOF(USBD_HandleTypeDef *pdev)
 524:Middlewares/ST/STM32_USB_Device_Library/Core/Src/usbd_core.c **** {
 901              		.loc 1 524 0
 902              		.cfi_startproc
 903              		@ args = 0, pretend = 0, frame = 0
 904              		@ frame_needed = 0, uses_anonymous_args = 0
 905              	.LVL109:
 906 0000 08B5     		push	{r3, lr}
 907              	.LCFI11:
 908              		.cfi_def_cfa_offset 8
 909              		.cfi_offset 3, -8
 910              		.cfi_offset 14, -4
 525:Middlewares/ST/STM32_USB_Device_Library/Core/Src/usbd_core.c ****   if (pdev->dev_state == USBD_STATE_CONFIGURED)
 911              		.loc 1 525 0
ARM GAS  C:\Users\ADMINI~1\AppData\Local\Temp\cc6PPs8u.s 			page 26


 912 0002 90F89C32 		ldrb	r3, [r0, #668]	@ zero_extendqisi2
 913 0006 032B     		cmp	r3, #3
 914 0008 04D1     		bne	.L70
 526:Middlewares/ST/STM32_USB_Device_Library/Core/Src/usbd_core.c ****   {
 527:Middlewares/ST/STM32_USB_Device_Library/Core/Src/usbd_core.c ****     if (pdev->pClass->SOF != NULL)
 915              		.loc 1 527 0
 916 000a D0F8B432 		ldr	r3, [r0, #692]
 917 000e DB69     		ldr	r3, [r3, #28]
 918 0010 03B1     		cbz	r3, .L70
 528:Middlewares/ST/STM32_USB_Device_Library/Core/Src/usbd_core.c ****     {
 529:Middlewares/ST/STM32_USB_Device_Library/Core/Src/usbd_core.c ****       pdev->pClass->SOF(pdev);
 919              		.loc 1 529 0
 920 0012 9847     		blx	r3
 921              	.LVL110:
 922              	.L70:
 530:Middlewares/ST/STM32_USB_Device_Library/Core/Src/usbd_core.c ****     }
 531:Middlewares/ST/STM32_USB_Device_Library/Core/Src/usbd_core.c ****   }
 532:Middlewares/ST/STM32_USB_Device_Library/Core/Src/usbd_core.c **** 
 533:Middlewares/ST/STM32_USB_Device_Library/Core/Src/usbd_core.c ****   return USBD_OK;
 534:Middlewares/ST/STM32_USB_Device_Library/Core/Src/usbd_core.c **** }
 923              		.loc 1 534 0
 924 0014 0020     		movs	r0, #0
 925 0016 08BD     		pop	{r3, pc}
 926              		.cfi_endproc
 927              	.LFE81:
 929              		.section	.text.USBD_LL_IsoINIncomplete,"ax",%progbits
 930              		.align	2
 931              		.global	USBD_LL_IsoINIncomplete
 932              		.thumb
 933              		.thumb_func
 935              	USBD_LL_IsoINIncomplete:
 936              	.LFB82:
 535:Middlewares/ST/STM32_USB_Device_Library/Core/Src/usbd_core.c **** 
 536:Middlewares/ST/STM32_USB_Device_Library/Core/Src/usbd_core.c **** /**
 537:Middlewares/ST/STM32_USB_Device_Library/Core/Src/usbd_core.c **** * @brief  USBD_IsoINIncomplete
 538:Middlewares/ST/STM32_USB_Device_Library/Core/Src/usbd_core.c **** *         Handle iso in incomplete event
 539:Middlewares/ST/STM32_USB_Device_Library/Core/Src/usbd_core.c **** * @param  pdev: device instance
 540:Middlewares/ST/STM32_USB_Device_Library/Core/Src/usbd_core.c **** * @retval status
 541:Middlewares/ST/STM32_USB_Device_Library/Core/Src/usbd_core.c **** */
 542:Middlewares/ST/STM32_USB_Device_Library/Core/Src/usbd_core.c **** USBD_StatusTypeDef USBD_LL_IsoINIncomplete(USBD_HandleTypeDef *pdev,
 543:Middlewares/ST/STM32_USB_Device_Library/Core/Src/usbd_core.c ****                                            uint8_t epnum)
 544:Middlewares/ST/STM32_USB_Device_Library/Core/Src/usbd_core.c **** {
 937              		.loc 1 544 0
 938              		.cfi_startproc
 939              		@ args = 0, pretend = 0, frame = 0
 940              		@ frame_needed = 0, uses_anonymous_args = 0
 941              		@ link register save eliminated.
 942              	.LVL111:
 545:Middlewares/ST/STM32_USB_Device_Library/Core/Src/usbd_core.c ****   /* Prevent unused arguments compilation warning */
 546:Middlewares/ST/STM32_USB_Device_Library/Core/Src/usbd_core.c ****   UNUSED(pdev);
 547:Middlewares/ST/STM32_USB_Device_Library/Core/Src/usbd_core.c ****   UNUSED(epnum);
 548:Middlewares/ST/STM32_USB_Device_Library/Core/Src/usbd_core.c **** 
 549:Middlewares/ST/STM32_USB_Device_Library/Core/Src/usbd_core.c ****   return USBD_OK;
 550:Middlewares/ST/STM32_USB_Device_Library/Core/Src/usbd_core.c **** }
 943              		.loc 1 550 0
 944 0000 0020     		movs	r0, #0
 945              	.LVL112:
ARM GAS  C:\Users\ADMINI~1\AppData\Local\Temp\cc6PPs8u.s 			page 27


 946 0002 7047     		bx	lr
 947              		.cfi_endproc
 948              	.LFE82:
 950              		.section	.text.USBD_LL_IsoOUTIncomplete,"ax",%progbits
 951              		.align	2
 952              		.global	USBD_LL_IsoOUTIncomplete
 953              		.thumb
 954              		.thumb_func
 956              	USBD_LL_IsoOUTIncomplete:
 957              	.LFB83:
 551:Middlewares/ST/STM32_USB_Device_Library/Core/Src/usbd_core.c **** 
 552:Middlewares/ST/STM32_USB_Device_Library/Core/Src/usbd_core.c **** /**
 553:Middlewares/ST/STM32_USB_Device_Library/Core/Src/usbd_core.c **** * @brief  USBD_IsoOUTIncomplete
 554:Middlewares/ST/STM32_USB_Device_Library/Core/Src/usbd_core.c **** *         Handle iso out incomplete event
 555:Middlewares/ST/STM32_USB_Device_Library/Core/Src/usbd_core.c **** * @param  pdev: device instance
 556:Middlewares/ST/STM32_USB_Device_Library/Core/Src/usbd_core.c **** * @retval status
 557:Middlewares/ST/STM32_USB_Device_Library/Core/Src/usbd_core.c **** */
 558:Middlewares/ST/STM32_USB_Device_Library/Core/Src/usbd_core.c **** USBD_StatusTypeDef USBD_LL_IsoOUTIncomplete(USBD_HandleTypeDef *pdev,
 559:Middlewares/ST/STM32_USB_Device_Library/Core/Src/usbd_core.c ****                                             uint8_t epnum)
 560:Middlewares/ST/STM32_USB_Device_Library/Core/Src/usbd_core.c **** {
 958              		.loc 1 560 0
 959              		.cfi_startproc
 960              		@ args = 0, pretend = 0, frame = 0
 961              		@ frame_needed = 0, uses_anonymous_args = 0
 962              		@ link register save eliminated.
 963              	.LVL113:
 561:Middlewares/ST/STM32_USB_Device_Library/Core/Src/usbd_core.c ****   /* Prevent unused arguments compilation warning */
 562:Middlewares/ST/STM32_USB_Device_Library/Core/Src/usbd_core.c ****   UNUSED(pdev);
 563:Middlewares/ST/STM32_USB_Device_Library/Core/Src/usbd_core.c ****   UNUSED(epnum);
 564:Middlewares/ST/STM32_USB_Device_Library/Core/Src/usbd_core.c **** 
 565:Middlewares/ST/STM32_USB_Device_Library/Core/Src/usbd_core.c ****   return USBD_OK;
 566:Middlewares/ST/STM32_USB_Device_Library/Core/Src/usbd_core.c **** }
 964              		.loc 1 566 0
 965 0000 0020     		movs	r0, #0
 966              	.LVL114:
 967 0002 7047     		bx	lr
 968              		.cfi_endproc
 969              	.LFE83:
 971              		.section	.text.USBD_LL_DevConnected,"ax",%progbits
 972              		.align	2
 973              		.global	USBD_LL_DevConnected
 974              		.thumb
 975              		.thumb_func
 977              	USBD_LL_DevConnected:
 978              	.LFB84:
 567:Middlewares/ST/STM32_USB_Device_Library/Core/Src/usbd_core.c **** 
 568:Middlewares/ST/STM32_USB_Device_Library/Core/Src/usbd_core.c **** /**
 569:Middlewares/ST/STM32_USB_Device_Library/Core/Src/usbd_core.c **** * @brief  USBD_DevConnected
 570:Middlewares/ST/STM32_USB_Device_Library/Core/Src/usbd_core.c **** *         Handle device connection event
 571:Middlewares/ST/STM32_USB_Device_Library/Core/Src/usbd_core.c **** * @param  pdev: device instance
 572:Middlewares/ST/STM32_USB_Device_Library/Core/Src/usbd_core.c **** * @retval status
 573:Middlewares/ST/STM32_USB_Device_Library/Core/Src/usbd_core.c **** */
 574:Middlewares/ST/STM32_USB_Device_Library/Core/Src/usbd_core.c **** USBD_StatusTypeDef USBD_LL_DevConnected(USBD_HandleTypeDef *pdev)
 575:Middlewares/ST/STM32_USB_Device_Library/Core/Src/usbd_core.c **** {
 979              		.loc 1 575 0
 980              		.cfi_startproc
 981              		@ args = 0, pretend = 0, frame = 0
ARM GAS  C:\Users\ADMINI~1\AppData\Local\Temp\cc6PPs8u.s 			page 28


 982              		@ frame_needed = 0, uses_anonymous_args = 0
 983              		@ link register save eliminated.
 984              	.LVL115:
 576:Middlewares/ST/STM32_USB_Device_Library/Core/Src/usbd_core.c ****   /* Prevent unused argument compilation warning */
 577:Middlewares/ST/STM32_USB_Device_Library/Core/Src/usbd_core.c ****   UNUSED(pdev);
 578:Middlewares/ST/STM32_USB_Device_Library/Core/Src/usbd_core.c **** 
 579:Middlewares/ST/STM32_USB_Device_Library/Core/Src/usbd_core.c ****   return USBD_OK;
 580:Middlewares/ST/STM32_USB_Device_Library/Core/Src/usbd_core.c **** }
 985              		.loc 1 580 0
 986 0000 0020     		movs	r0, #0
 987              	.LVL116:
 988 0002 7047     		bx	lr
 989              		.cfi_endproc
 990              	.LFE84:
 992              		.section	.text.USBD_LL_DevDisconnected,"ax",%progbits
 993              		.align	2
 994              		.global	USBD_LL_DevDisconnected
 995              		.thumb
 996              		.thumb_func
 998              	USBD_LL_DevDisconnected:
 999              	.LFB85:
 581:Middlewares/ST/STM32_USB_Device_Library/Core/Src/usbd_core.c **** 
 582:Middlewares/ST/STM32_USB_Device_Library/Core/Src/usbd_core.c **** /**
 583:Middlewares/ST/STM32_USB_Device_Library/Core/Src/usbd_core.c **** * @brief  USBD_DevDisconnected
 584:Middlewares/ST/STM32_USB_Device_Library/Core/Src/usbd_core.c **** *         Handle device disconnection event
 585:Middlewares/ST/STM32_USB_Device_Library/Core/Src/usbd_core.c **** * @param  pdev: device instance
 586:Middlewares/ST/STM32_USB_Device_Library/Core/Src/usbd_core.c **** * @retval status
 587:Middlewares/ST/STM32_USB_Device_Library/Core/Src/usbd_core.c **** */
 588:Middlewares/ST/STM32_USB_Device_Library/Core/Src/usbd_core.c **** USBD_StatusTypeDef USBD_LL_DevDisconnected(USBD_HandleTypeDef *pdev)
 589:Middlewares/ST/STM32_USB_Device_Library/Core/Src/usbd_core.c **** {
 1000              		.loc 1 589 0
 1001              		.cfi_startproc
 1002              		@ args = 0, pretend = 0, frame = 0
 1003              		@ frame_needed = 0, uses_anonymous_args = 0
 1004              	.LVL117:
 1005 0000 08B5     		push	{r3, lr}
 1006              	.LCFI12:
 1007              		.cfi_def_cfa_offset 8
 1008              		.cfi_offset 3, -8
 1009              		.cfi_offset 14, -4
 590:Middlewares/ST/STM32_USB_Device_Library/Core/Src/usbd_core.c ****   /* Free Class Resources */
 591:Middlewares/ST/STM32_USB_Device_Library/Core/Src/usbd_core.c ****   pdev->dev_state = USBD_STATE_DEFAULT;
 1010              		.loc 1 591 0
 1011 0002 0122     		movs	r2, #1
 1012 0004 80F89C22 		strb	r2, [r0, #668]
 592:Middlewares/ST/STM32_USB_Device_Library/Core/Src/usbd_core.c ****   pdev->pClass->DeInit(pdev, (uint8_t)pdev->dev_config);
 1013              		.loc 1 592 0
 1014 0008 D0F8B422 		ldr	r2, [r0, #692]
 1015 000c 5268     		ldr	r2, [r2, #4]
 1016 000e 0179     		ldrb	r1, [r0, #4]	@ zero_extendqisi2
 1017 0010 9047     		blx	r2
 1018              	.LVL118:
 593:Middlewares/ST/STM32_USB_Device_Library/Core/Src/usbd_core.c **** 
 594:Middlewares/ST/STM32_USB_Device_Library/Core/Src/usbd_core.c ****   return USBD_OK;
 595:Middlewares/ST/STM32_USB_Device_Library/Core/Src/usbd_core.c **** }
 1019              		.loc 1 595 0
 1020 0012 0020     		movs	r0, #0
ARM GAS  C:\Users\ADMINI~1\AppData\Local\Temp\cc6PPs8u.s 			page 29


 1021 0014 08BD     		pop	{r3, pc}
 1022              		.cfi_endproc
 1023              	.LFE85:
 1025 0016 00BF     		.section	.rodata.str1.4,"aMS",%progbits,1
 1026              		.align	2
 1027              	.LC0:
 1028 0000 4552524F 		.ascii	"ERROR: \000"
 1028      523A2000 
 1029              	.LC1:
 1030 0008 496E7661 		.ascii	"Invalid Device handle\000"
 1030      6C696420 
 1030      44657669 
 1030      63652068 
 1030      616E646C 
 1031 001e 0000     		.space	2
 1032              	.LC2:
 1033 0020 496E7661 		.ascii	"Invalid Class handle\000"
 1033      6C696420 
 1033      436C6173 
 1033      73206861 
 1033      6E646C65 
 1034              		.text
 1035              	.Letext0:
 1036              		.file 2 "d:\\devtools\\gcc-arm\\arm-none-eabi\\include\\machine\\_default_types.h"
 1037              		.file 3 "d:\\devtools\\gcc-arm\\arm-none-eabi\\include\\sys\\_stdint.h"
 1038              		.file 4 "Middlewares/ST/STM32_USB_Device_Library/Core/Inc/usbd_def.h"
 1039              		.file 5 "d:\\devtools\\gcc-arm\\arm-none-eabi\\include\\stdio.h"
 1040              		.file 6 "Middlewares/ST/STM32_USB_Device_Library/Core/Inc/usbd_core.h"
 1041              		.file 7 "Middlewares/ST/STM32_USB_Device_Library/Core/Inc/usbd_ctlreq.h"
 1042              		.file 8 "Middlewares/ST/STM32_USB_Device_Library/Core/Inc/usbd_ioreq.h"
 1043              		.file 9 "Drivers/CMSIS/Include/core_cm3.h"
 1044              		.file 10 "<built-in>"
ARM GAS  C:\Users\ADMINI~1\AppData\Local\Temp\cc6PPs8u.s 			page 30


DEFINED SYMBOLS
                            *ABS*:00000000 usbd_core.c
C:\Users\ADMINI~1\AppData\Local\Temp\cc6PPs8u.s:20     .text.USBD_Init:00000000 $t
C:\Users\ADMINI~1\AppData\Local\Temp\cc6PPs8u.s:25     .text.USBD_Init:00000000 USBD_Init
C:\Users\ADMINI~1\AppData\Local\Temp\cc6PPs8u.s:87     .text.USBD_Init:00000040 $d
C:\Users\ADMINI~1\AppData\Local\Temp\cc6PPs8u.s:93     .text.USBD_DeInit:00000000 $t
C:\Users\ADMINI~1\AppData\Local\Temp\cc6PPs8u.s:98     .text.USBD_DeInit:00000000 USBD_DeInit
C:\Users\ADMINI~1\AppData\Local\Temp\cc6PPs8u.s:135    .text.USBD_RegisterClass:00000000 $t
C:\Users\ADMINI~1\AppData\Local\Temp\cc6PPs8u.s:140    .text.USBD_RegisterClass:00000000 USBD_RegisterClass
C:\Users\ADMINI~1\AppData\Local\Temp\cc6PPs8u.s:182    .text.USBD_RegisterClass:00000024 $d
C:\Users\ADMINI~1\AppData\Local\Temp\cc6PPs8u.s:188    .text.USBD_Start:00000000 $t
C:\Users\ADMINI~1\AppData\Local\Temp\cc6PPs8u.s:193    .text.USBD_Start:00000000 USBD_Start
C:\Users\ADMINI~1\AppData\Local\Temp\cc6PPs8u.s:215    .text.USBD_Stop:00000000 $t
C:\Users\ADMINI~1\AppData\Local\Temp\cc6PPs8u.s:220    .text.USBD_Stop:00000000 USBD_Stop
C:\Users\ADMINI~1\AppData\Local\Temp\cc6PPs8u.s:250    .text.USBD_RunTestMode:00000000 $t
C:\Users\ADMINI~1\AppData\Local\Temp\cc6PPs8u.s:255    .text.USBD_RunTestMode:00000000 USBD_RunTestMode
C:\Users\ADMINI~1\AppData\Local\Temp\cc6PPs8u.s:271    .text.USBD_SetClassConfig:00000000 $t
C:\Users\ADMINI~1\AppData\Local\Temp\cc6PPs8u.s:276    .text.USBD_SetClassConfig:00000000 USBD_SetClassConfig
C:\Users\ADMINI~1\AppData\Local\Temp\cc6PPs8u.s:316    .text.USBD_ClrClassConfig:00000000 $t
C:\Users\ADMINI~1\AppData\Local\Temp\cc6PPs8u.s:321    .text.USBD_ClrClassConfig:00000000 USBD_ClrClassConfig
C:\Users\ADMINI~1\AppData\Local\Temp\cc6PPs8u.s:345    .text.USBD_LL_SetupStage:00000000 $t
C:\Users\ADMINI~1\AppData\Local\Temp\cc6PPs8u.s:350    .text.USBD_LL_SetupStage:00000000 USBD_LL_SetupStage
C:\Users\ADMINI~1\AppData\Local\Temp\cc6PPs8u.s:424    .text.USBD_LL_DataOutStage:00000000 $t
C:\Users\ADMINI~1\AppData\Local\Temp\cc6PPs8u.s:429    .text.USBD_LL_DataOutStage:00000000 USBD_LL_DataOutStage
C:\Users\ADMINI~1\AppData\Local\Temp\cc6PPs8u.s:567    .text.USBD_LL_DataInStage:00000000 $t
C:\Users\ADMINI~1\AppData\Local\Temp\cc6PPs8u.s:572    .text.USBD_LL_DataInStage:00000000 USBD_LL_DataInStage
C:\Users\ADMINI~1\AppData\Local\Temp\cc6PPs8u.s:745    .text.USBD_LL_Reset:00000000 $t
C:\Users\ADMINI~1\AppData\Local\Temp\cc6PPs8u.s:750    .text.USBD_LL_Reset:00000000 USBD_LL_Reset
C:\Users\ADMINI~1\AppData\Local\Temp\cc6PPs8u.s:815    .text.USBD_LL_SetSpeed:00000000 $t
C:\Users\ADMINI~1\AppData\Local\Temp\cc6PPs8u.s:820    .text.USBD_LL_SetSpeed:00000000 USBD_LL_SetSpeed
C:\Users\ADMINI~1\AppData\Local\Temp\cc6PPs8u.s:838    .text.USBD_LL_Suspend:00000000 $t
C:\Users\ADMINI~1\AppData\Local\Temp\cc6PPs8u.s:843    .text.USBD_LL_Suspend:00000000 USBD_LL_Suspend
C:\Users\ADMINI~1\AppData\Local\Temp\cc6PPs8u.s:865    .text.USBD_LL_Resume:00000000 $t
C:\Users\ADMINI~1\AppData\Local\Temp\cc6PPs8u.s:870    .text.USBD_LL_Resume:00000000 USBD_LL_Resume
C:\Users\ADMINI~1\AppData\Local\Temp\cc6PPs8u.s:894    .text.USBD_LL_SOF:00000000 $t
C:\Users\ADMINI~1\AppData\Local\Temp\cc6PPs8u.s:899    .text.USBD_LL_SOF:00000000 USBD_LL_SOF
C:\Users\ADMINI~1\AppData\Local\Temp\cc6PPs8u.s:930    .text.USBD_LL_IsoINIncomplete:00000000 $t
C:\Users\ADMINI~1\AppData\Local\Temp\cc6PPs8u.s:935    .text.USBD_LL_IsoINIncomplete:00000000 USBD_LL_IsoINIncomplete
C:\Users\ADMINI~1\AppData\Local\Temp\cc6PPs8u.s:951    .text.USBD_LL_IsoOUTIncomplete:00000000 $t
C:\Users\ADMINI~1\AppData\Local\Temp\cc6PPs8u.s:956    .text.USBD_LL_IsoOUTIncomplete:00000000 USBD_LL_IsoOUTIncomplete
C:\Users\ADMINI~1\AppData\Local\Temp\cc6PPs8u.s:972    .text.USBD_LL_DevConnected:00000000 $t
C:\Users\ADMINI~1\AppData\Local\Temp\cc6PPs8u.s:977    .text.USBD_LL_DevConnected:00000000 USBD_LL_DevConnected
C:\Users\ADMINI~1\AppData\Local\Temp\cc6PPs8u.s:993    .text.USBD_LL_DevDisconnected:00000000 $t
C:\Users\ADMINI~1\AppData\Local\Temp\cc6PPs8u.s:998    .text.USBD_LL_DevDisconnected:00000000 USBD_LL_DevDisconnected
C:\Users\ADMINI~1\AppData\Local\Temp\cc6PPs8u.s:1026   .rodata.str1.4:00000000 $d
                     .debug_frame:00000010 $d

UNDEFINED SYMBOLS
printf
putchar
USBD_LL_Init
USBD_LL_Stop
USBD_LL_DeInit
USBD_LL_Start
USBD_ParseSetupRequest
USBD_StdDevReq
USBD_StdItfReq
ARM GAS  C:\Users\ADMINI~1\AppData\Local\Temp\cc6PPs8u.s 			page 31


USBD_StdEPReq
USBD_LL_StallEP
USBD_CtlContinueRx
USBD_CtlSendStatus
USBD_CtlContinueSendData
USBD_LL_PrepareReceive
USBD_CtlReceiveStatus
USBD_LL_OpenEP
