ARM GAS  C:\Users\ADMINI~1\AppData\Local\Temp\ccOxvINk.s 			page 1


   1              		.syntax unified
   2              		.cpu cortex-m3
   3              		.fpu softvfp
   4              		.eabi_attribute 20, 1
   5              		.eabi_attribute 21, 1
   6              		.eabi_attribute 23, 3
   7              		.eabi_attribute 24, 1
   8              		.eabi_attribute 25, 1
   9              		.eabi_attribute 26, 1
  10              		.eabi_attribute 30, 1
  11              		.eabi_attribute 34, 1
  12              		.eabi_attribute 18, 4
  13              		.thumb
  14              		.syntax unified
  15              		.file	"usbd_desc.c"
  16              		.text
  17              	.Ltext0:
  18              		.cfi_sections	.debug_frame
  19              		.section	.text.USBD_FS_DeviceDescriptor,"ax",%progbits
  20              		.align	2
  21              		.global	USBD_FS_DeviceDescriptor
  22              		.thumb
  23              		.thumb_func
  25              	USBD_FS_DeviceDescriptor:
  26              	.LFB66:
  27              		.file 1 "USB_DEVICE/App/usbd_desc.c"
   1:USB_DEVICE/App/usbd_desc.c **** /* USER CODE BEGIN Header */
   2:USB_DEVICE/App/usbd_desc.c **** /**
   3:USB_DEVICE/App/usbd_desc.c ****   ******************************************************************************
   4:USB_DEVICE/App/usbd_desc.c ****   * @file           : App/usbd_desc.c
   5:USB_DEVICE/App/usbd_desc.c ****   * @version        : v2.0_Cube
   6:USB_DEVICE/App/usbd_desc.c ****   * @brief          : This file implements the USB device descriptors.
   7:USB_DEVICE/App/usbd_desc.c ****   ******************************************************************************
   8:USB_DEVICE/App/usbd_desc.c ****   * @attention
   9:USB_DEVICE/App/usbd_desc.c ****   *
  10:USB_DEVICE/App/usbd_desc.c ****   * <h2><center>&copy; Copyright (c) 2020 STMicroelectronics.
  11:USB_DEVICE/App/usbd_desc.c ****   * All rights reserved.</center></h2>
  12:USB_DEVICE/App/usbd_desc.c ****   *
  13:USB_DEVICE/App/usbd_desc.c ****   * This software component is licensed by ST under Ultimate Liberty license
  14:USB_DEVICE/App/usbd_desc.c ****   * SLA0044, the "License"; You may not use this file except in compliance with
  15:USB_DEVICE/App/usbd_desc.c ****   * the License. You may obtain a copy of the License at:
  16:USB_DEVICE/App/usbd_desc.c ****   *                             www.st.com/SLA0044
  17:USB_DEVICE/App/usbd_desc.c ****   *
  18:USB_DEVICE/App/usbd_desc.c ****   ******************************************************************************
  19:USB_DEVICE/App/usbd_desc.c ****   */
  20:USB_DEVICE/App/usbd_desc.c **** /* USER CODE END Header */
  21:USB_DEVICE/App/usbd_desc.c **** 
  22:USB_DEVICE/App/usbd_desc.c **** /* Includes ------------------------------------------------------------------*/
  23:USB_DEVICE/App/usbd_desc.c **** #include "usbd_core.h"
  24:USB_DEVICE/App/usbd_desc.c **** #include "usbd_desc.h"
  25:USB_DEVICE/App/usbd_desc.c **** #include "usbd_conf.h"
  26:USB_DEVICE/App/usbd_desc.c **** 
  27:USB_DEVICE/App/usbd_desc.c **** /* USER CODE BEGIN INCLUDE */
  28:USB_DEVICE/App/usbd_desc.c **** 
  29:USB_DEVICE/App/usbd_desc.c **** /* USER CODE END INCLUDE */
  30:USB_DEVICE/App/usbd_desc.c **** 
  31:USB_DEVICE/App/usbd_desc.c **** /* Private typedef -----------------------------------------------------------*/
ARM GAS  C:\Users\ADMINI~1\AppData\Local\Temp\ccOxvINk.s 			page 2


  32:USB_DEVICE/App/usbd_desc.c **** /* Private define ------------------------------------------------------------*/
  33:USB_DEVICE/App/usbd_desc.c **** /* Private macro -------------------------------------------------------------*/
  34:USB_DEVICE/App/usbd_desc.c **** 
  35:USB_DEVICE/App/usbd_desc.c **** /* USER CODE BEGIN PV */
  36:USB_DEVICE/App/usbd_desc.c **** /* Private variables ---------------------------------------------------------*/
  37:USB_DEVICE/App/usbd_desc.c **** 
  38:USB_DEVICE/App/usbd_desc.c **** /* USER CODE END PV */
  39:USB_DEVICE/App/usbd_desc.c **** 
  40:USB_DEVICE/App/usbd_desc.c **** /** @addtogroup STM32_USB_OTG_DEVICE_LIBRARY
  41:USB_DEVICE/App/usbd_desc.c ****   * @{
  42:USB_DEVICE/App/usbd_desc.c ****   */
  43:USB_DEVICE/App/usbd_desc.c **** 
  44:USB_DEVICE/App/usbd_desc.c **** /** @addtogroup USBD_DESC
  45:USB_DEVICE/App/usbd_desc.c ****   * @{
  46:USB_DEVICE/App/usbd_desc.c ****   */
  47:USB_DEVICE/App/usbd_desc.c **** 
  48:USB_DEVICE/App/usbd_desc.c **** /** @defgroup USBD_DESC_Private_TypesDefinitions USBD_DESC_Private_TypesDefinitions
  49:USB_DEVICE/App/usbd_desc.c ****   * @brief Private types.
  50:USB_DEVICE/App/usbd_desc.c ****   * @{
  51:USB_DEVICE/App/usbd_desc.c ****   */
  52:USB_DEVICE/App/usbd_desc.c **** 
  53:USB_DEVICE/App/usbd_desc.c **** /* USER CODE BEGIN PRIVATE_TYPES */
  54:USB_DEVICE/App/usbd_desc.c **** 
  55:USB_DEVICE/App/usbd_desc.c **** /* USER CODE END PRIVATE_TYPES */
  56:USB_DEVICE/App/usbd_desc.c **** 
  57:USB_DEVICE/App/usbd_desc.c **** /**
  58:USB_DEVICE/App/usbd_desc.c ****   * @}
  59:USB_DEVICE/App/usbd_desc.c ****   */
  60:USB_DEVICE/App/usbd_desc.c **** 
  61:USB_DEVICE/App/usbd_desc.c **** /** @defgroup USBD_DESC_Private_Defines USBD_DESC_Private_Defines
  62:USB_DEVICE/App/usbd_desc.c ****   * @brief Private defines.
  63:USB_DEVICE/App/usbd_desc.c ****   * @{
  64:USB_DEVICE/App/usbd_desc.c ****   */
  65:USB_DEVICE/App/usbd_desc.c **** 
  66:USB_DEVICE/App/usbd_desc.c **** #define USBD_VID     1155
  67:USB_DEVICE/App/usbd_desc.c **** #define USBD_LANGID_STRING     1033
  68:USB_DEVICE/App/usbd_desc.c **** #define USBD_MANUFACTURER_STRING     "STMicroelectronics"
  69:USB_DEVICE/App/usbd_desc.c **** #define USBD_PID_FS     22336
  70:USB_DEVICE/App/usbd_desc.c **** #define USBD_PRODUCT_STRING_FS     "STM32 Virtual ComPort"
  71:USB_DEVICE/App/usbd_desc.c **** #define USBD_CONFIGURATION_STRING_FS     "CDC Config"
  72:USB_DEVICE/App/usbd_desc.c **** #define USBD_INTERFACE_STRING_FS     "CDC Interface"
  73:USB_DEVICE/App/usbd_desc.c **** 
  74:USB_DEVICE/App/usbd_desc.c **** /* USER CODE BEGIN PRIVATE_DEFINES */
  75:USB_DEVICE/App/usbd_desc.c **** 
  76:USB_DEVICE/App/usbd_desc.c **** /* USER CODE END PRIVATE_DEFINES */
  77:USB_DEVICE/App/usbd_desc.c **** 
  78:USB_DEVICE/App/usbd_desc.c **** /**
  79:USB_DEVICE/App/usbd_desc.c ****   * @}
  80:USB_DEVICE/App/usbd_desc.c ****   */
  81:USB_DEVICE/App/usbd_desc.c **** 
  82:USB_DEVICE/App/usbd_desc.c **** /* USER CODE BEGIN 0 */
  83:USB_DEVICE/App/usbd_desc.c **** 
  84:USB_DEVICE/App/usbd_desc.c **** /* USER CODE END 0 */
  85:USB_DEVICE/App/usbd_desc.c **** 
  86:USB_DEVICE/App/usbd_desc.c **** /** @defgroup USBD_DESC_Private_Macros USBD_DESC_Private_Macros
  87:USB_DEVICE/App/usbd_desc.c ****   * @brief Private macros.
  88:USB_DEVICE/App/usbd_desc.c ****   * @{
ARM GAS  C:\Users\ADMINI~1\AppData\Local\Temp\ccOxvINk.s 			page 3


  89:USB_DEVICE/App/usbd_desc.c ****   */
  90:USB_DEVICE/App/usbd_desc.c **** 
  91:USB_DEVICE/App/usbd_desc.c **** /* USER CODE BEGIN PRIVATE_MACRO */
  92:USB_DEVICE/App/usbd_desc.c **** 
  93:USB_DEVICE/App/usbd_desc.c **** /* USER CODE END PRIVATE_MACRO */
  94:USB_DEVICE/App/usbd_desc.c **** 
  95:USB_DEVICE/App/usbd_desc.c **** /**
  96:USB_DEVICE/App/usbd_desc.c ****   * @}
  97:USB_DEVICE/App/usbd_desc.c ****   */
  98:USB_DEVICE/App/usbd_desc.c **** 
  99:USB_DEVICE/App/usbd_desc.c **** /** @defgroup USBD_DESC_Private_FunctionPrototypes USBD_DESC_Private_FunctionPrototypes
 100:USB_DEVICE/App/usbd_desc.c ****   * @brief Private functions declaration.
 101:USB_DEVICE/App/usbd_desc.c ****   * @{
 102:USB_DEVICE/App/usbd_desc.c ****   */
 103:USB_DEVICE/App/usbd_desc.c **** 
 104:USB_DEVICE/App/usbd_desc.c **** static void Get_SerialNum(void);
 105:USB_DEVICE/App/usbd_desc.c **** static void IntToUnicode(uint32_t value, uint8_t * pbuf, uint8_t len);
 106:USB_DEVICE/App/usbd_desc.c **** 
 107:USB_DEVICE/App/usbd_desc.c **** /**
 108:USB_DEVICE/App/usbd_desc.c ****   * @}
 109:USB_DEVICE/App/usbd_desc.c ****   */
 110:USB_DEVICE/App/usbd_desc.c **** 
 111:USB_DEVICE/App/usbd_desc.c **** /** @defgroup USBD_DESC_Private_FunctionPrototypes USBD_DESC_Private_FunctionPrototypes
 112:USB_DEVICE/App/usbd_desc.c ****   * @brief Private functions declaration for FS.
 113:USB_DEVICE/App/usbd_desc.c ****   * @{
 114:USB_DEVICE/App/usbd_desc.c ****   */
 115:USB_DEVICE/App/usbd_desc.c **** 
 116:USB_DEVICE/App/usbd_desc.c **** uint8_t * USBD_FS_DeviceDescriptor(USBD_SpeedTypeDef speed, uint16_t *length);
 117:USB_DEVICE/App/usbd_desc.c **** uint8_t * USBD_FS_LangIDStrDescriptor(USBD_SpeedTypeDef speed, uint16_t *length);
 118:USB_DEVICE/App/usbd_desc.c **** uint8_t * USBD_FS_ManufacturerStrDescriptor(USBD_SpeedTypeDef speed, uint16_t *length);
 119:USB_DEVICE/App/usbd_desc.c **** uint8_t * USBD_FS_ProductStrDescriptor(USBD_SpeedTypeDef speed, uint16_t *length);
 120:USB_DEVICE/App/usbd_desc.c **** uint8_t * USBD_FS_SerialStrDescriptor(USBD_SpeedTypeDef speed, uint16_t *length);
 121:USB_DEVICE/App/usbd_desc.c **** uint8_t * USBD_FS_ConfigStrDescriptor(USBD_SpeedTypeDef speed, uint16_t *length);
 122:USB_DEVICE/App/usbd_desc.c **** uint8_t * USBD_FS_InterfaceStrDescriptor(USBD_SpeedTypeDef speed, uint16_t *length);
 123:USB_DEVICE/App/usbd_desc.c **** 
 124:USB_DEVICE/App/usbd_desc.c **** /**
 125:USB_DEVICE/App/usbd_desc.c ****   * @}
 126:USB_DEVICE/App/usbd_desc.c ****   */
 127:USB_DEVICE/App/usbd_desc.c **** 
 128:USB_DEVICE/App/usbd_desc.c **** /** @defgroup USBD_DESC_Private_Variables USBD_DESC_Private_Variables
 129:USB_DEVICE/App/usbd_desc.c ****   * @brief Private variables.
 130:USB_DEVICE/App/usbd_desc.c ****   * @{
 131:USB_DEVICE/App/usbd_desc.c ****   */
 132:USB_DEVICE/App/usbd_desc.c **** 
 133:USB_DEVICE/App/usbd_desc.c **** USBD_DescriptorsTypeDef FS_Desc =
 134:USB_DEVICE/App/usbd_desc.c **** {
 135:USB_DEVICE/App/usbd_desc.c ****   USBD_FS_DeviceDescriptor
 136:USB_DEVICE/App/usbd_desc.c **** , USBD_FS_LangIDStrDescriptor
 137:USB_DEVICE/App/usbd_desc.c **** , USBD_FS_ManufacturerStrDescriptor
 138:USB_DEVICE/App/usbd_desc.c **** , USBD_FS_ProductStrDescriptor
 139:USB_DEVICE/App/usbd_desc.c **** , USBD_FS_SerialStrDescriptor
 140:USB_DEVICE/App/usbd_desc.c **** , USBD_FS_ConfigStrDescriptor
 141:USB_DEVICE/App/usbd_desc.c **** , USBD_FS_InterfaceStrDescriptor
 142:USB_DEVICE/App/usbd_desc.c **** };
 143:USB_DEVICE/App/usbd_desc.c **** 
 144:USB_DEVICE/App/usbd_desc.c **** #if defined ( __ICCARM__ ) /* IAR Compiler */
 145:USB_DEVICE/App/usbd_desc.c ****   #pragma data_alignment=4
ARM GAS  C:\Users\ADMINI~1\AppData\Local\Temp\ccOxvINk.s 			page 4


 146:USB_DEVICE/App/usbd_desc.c **** #endif /* defined ( __ICCARM__ ) */
 147:USB_DEVICE/App/usbd_desc.c **** /** USB standard device descriptor. */
 148:USB_DEVICE/App/usbd_desc.c **** __ALIGN_BEGIN uint8_t USBD_FS_DeviceDesc[USB_LEN_DEV_DESC] __ALIGN_END =
 149:USB_DEVICE/App/usbd_desc.c **** {
 150:USB_DEVICE/App/usbd_desc.c ****   0x12,                       /*bLength */
 151:USB_DEVICE/App/usbd_desc.c ****   USB_DESC_TYPE_DEVICE,       /*bDescriptorType*/
 152:USB_DEVICE/App/usbd_desc.c ****   0x00,                       /*bcdUSB */
 153:USB_DEVICE/App/usbd_desc.c ****   0x02,
 154:USB_DEVICE/App/usbd_desc.c ****   0x02,                       /*bDeviceClass*/
 155:USB_DEVICE/App/usbd_desc.c ****   0x02,                       /*bDeviceSubClass*/
 156:USB_DEVICE/App/usbd_desc.c ****   0x00,                       /*bDeviceProtocol*/
 157:USB_DEVICE/App/usbd_desc.c ****   USB_MAX_EP0_SIZE,           /*bMaxPacketSize*/
 158:USB_DEVICE/App/usbd_desc.c ****   LOBYTE(USBD_VID),           /*idVendor*/
 159:USB_DEVICE/App/usbd_desc.c ****   HIBYTE(USBD_VID),           /*idVendor*/
 160:USB_DEVICE/App/usbd_desc.c ****   LOBYTE(USBD_PID_FS),        /*idProduct*/
 161:USB_DEVICE/App/usbd_desc.c ****   HIBYTE(USBD_PID_FS),        /*idProduct*/
 162:USB_DEVICE/App/usbd_desc.c ****   0x00,                       /*bcdDevice rel. 2.00*/
 163:USB_DEVICE/App/usbd_desc.c ****   0x02,
 164:USB_DEVICE/App/usbd_desc.c ****   USBD_IDX_MFC_STR,           /*Index of manufacturer  string*/
 165:USB_DEVICE/App/usbd_desc.c ****   USBD_IDX_PRODUCT_STR,       /*Index of product string*/
 166:USB_DEVICE/App/usbd_desc.c ****   USBD_IDX_SERIAL_STR,        /*Index of serial number string*/
 167:USB_DEVICE/App/usbd_desc.c ****   USBD_MAX_NUM_CONFIGURATION  /*bNumConfigurations*/
 168:USB_DEVICE/App/usbd_desc.c **** };
 169:USB_DEVICE/App/usbd_desc.c **** 
 170:USB_DEVICE/App/usbd_desc.c **** /* USB_DeviceDescriptor */
 171:USB_DEVICE/App/usbd_desc.c **** 
 172:USB_DEVICE/App/usbd_desc.c **** /**
 173:USB_DEVICE/App/usbd_desc.c ****   * @}
 174:USB_DEVICE/App/usbd_desc.c ****   */
 175:USB_DEVICE/App/usbd_desc.c **** 
 176:USB_DEVICE/App/usbd_desc.c **** /** @defgroup USBD_DESC_Private_Variables USBD_DESC_Private_Variables
 177:USB_DEVICE/App/usbd_desc.c ****   * @brief Private variables.
 178:USB_DEVICE/App/usbd_desc.c ****   * @{
 179:USB_DEVICE/App/usbd_desc.c ****   */
 180:USB_DEVICE/App/usbd_desc.c **** 
 181:USB_DEVICE/App/usbd_desc.c **** #if defined ( __ICCARM__ ) /* IAR Compiler */
 182:USB_DEVICE/App/usbd_desc.c ****   #pragma data_alignment=4
 183:USB_DEVICE/App/usbd_desc.c **** #endif /* defined ( __ICCARM__ ) */
 184:USB_DEVICE/App/usbd_desc.c **** 
 185:USB_DEVICE/App/usbd_desc.c **** /** USB lang indentifier descriptor. */
 186:USB_DEVICE/App/usbd_desc.c **** __ALIGN_BEGIN uint8_t USBD_LangIDDesc[USB_LEN_LANGID_STR_DESC] __ALIGN_END =
 187:USB_DEVICE/App/usbd_desc.c **** {
 188:USB_DEVICE/App/usbd_desc.c ****      USB_LEN_LANGID_STR_DESC,
 189:USB_DEVICE/App/usbd_desc.c ****      USB_DESC_TYPE_STRING,
 190:USB_DEVICE/App/usbd_desc.c ****      LOBYTE(USBD_LANGID_STRING),
 191:USB_DEVICE/App/usbd_desc.c ****      HIBYTE(USBD_LANGID_STRING)
 192:USB_DEVICE/App/usbd_desc.c **** };
 193:USB_DEVICE/App/usbd_desc.c **** 
 194:USB_DEVICE/App/usbd_desc.c **** #if defined ( __ICCARM__ ) /* IAR Compiler */
 195:USB_DEVICE/App/usbd_desc.c ****   #pragma data_alignment=4
 196:USB_DEVICE/App/usbd_desc.c **** #endif /* defined ( __ICCARM__ ) */
 197:USB_DEVICE/App/usbd_desc.c **** /* Internal string descriptor. */
 198:USB_DEVICE/App/usbd_desc.c **** __ALIGN_BEGIN uint8_t USBD_StrDesc[USBD_MAX_STR_DESC_SIZ] __ALIGN_END;
 199:USB_DEVICE/App/usbd_desc.c **** 
 200:USB_DEVICE/App/usbd_desc.c **** #if defined ( __ICCARM__ ) /*!< IAR Compiler */
 201:USB_DEVICE/App/usbd_desc.c ****   #pragma data_alignment=4
 202:USB_DEVICE/App/usbd_desc.c **** #endif
ARM GAS  C:\Users\ADMINI~1\AppData\Local\Temp\ccOxvINk.s 			page 5


 203:USB_DEVICE/App/usbd_desc.c **** __ALIGN_BEGIN uint8_t USBD_StringSerial[USB_SIZ_STRING_SERIAL] __ALIGN_END = {
 204:USB_DEVICE/App/usbd_desc.c ****   USB_SIZ_STRING_SERIAL,
 205:USB_DEVICE/App/usbd_desc.c ****   USB_DESC_TYPE_STRING,
 206:USB_DEVICE/App/usbd_desc.c **** };
 207:USB_DEVICE/App/usbd_desc.c **** 
 208:USB_DEVICE/App/usbd_desc.c **** /**
 209:USB_DEVICE/App/usbd_desc.c ****   * @}
 210:USB_DEVICE/App/usbd_desc.c ****   */
 211:USB_DEVICE/App/usbd_desc.c **** 
 212:USB_DEVICE/App/usbd_desc.c **** /** @defgroup USBD_DESC_Private_Functions USBD_DESC_Private_Functions
 213:USB_DEVICE/App/usbd_desc.c ****   * @brief Private functions.
 214:USB_DEVICE/App/usbd_desc.c ****   * @{
 215:USB_DEVICE/App/usbd_desc.c ****   */
 216:USB_DEVICE/App/usbd_desc.c **** 
 217:USB_DEVICE/App/usbd_desc.c **** /**
 218:USB_DEVICE/App/usbd_desc.c ****   * @brief  Return the device descriptor
 219:USB_DEVICE/App/usbd_desc.c ****   * @param  speed : Current device speed
 220:USB_DEVICE/App/usbd_desc.c ****   * @param  length : Pointer to data length variable
 221:USB_DEVICE/App/usbd_desc.c ****   * @retval Pointer to descriptor buffer
 222:USB_DEVICE/App/usbd_desc.c ****   */
 223:USB_DEVICE/App/usbd_desc.c **** uint8_t * USBD_FS_DeviceDescriptor(USBD_SpeedTypeDef speed, uint16_t *length)
 224:USB_DEVICE/App/usbd_desc.c **** {
  28              		.loc 1 224 0
  29              		.cfi_startproc
  30              		@ args = 0, pretend = 0, frame = 0
  31              		@ frame_needed = 0, uses_anonymous_args = 0
  32              		@ link register save eliminated.
  33              	.LVL0:
 225:USB_DEVICE/App/usbd_desc.c ****   UNUSED(speed);
 226:USB_DEVICE/App/usbd_desc.c ****   *length = sizeof(USBD_FS_DeviceDesc);
  34              		.loc 1 226 0
  35 0000 1223     		movs	r3, #18
  36 0002 0B80     		strh	r3, [r1]	@ movhi
 227:USB_DEVICE/App/usbd_desc.c ****   return USBD_FS_DeviceDesc;
 228:USB_DEVICE/App/usbd_desc.c **** }
  37              		.loc 1 228 0
  38 0004 0048     		ldr	r0, .L2
  39              	.LVL1:
  40 0006 7047     		bx	lr
  41              	.L3:
  42              		.align	2
  43              	.L2:
  44 0008 00000000 		.word	.LANCHOR0
  45              		.cfi_endproc
  46              	.LFE66:
  48              		.section	.text.USBD_FS_LangIDStrDescriptor,"ax",%progbits
  49              		.align	2
  50              		.global	USBD_FS_LangIDStrDescriptor
  51              		.thumb
  52              		.thumb_func
  54              	USBD_FS_LangIDStrDescriptor:
  55              	.LFB67:
 229:USB_DEVICE/App/usbd_desc.c **** 
 230:USB_DEVICE/App/usbd_desc.c **** /**
 231:USB_DEVICE/App/usbd_desc.c ****   * @brief  Return the LangID string descriptor
 232:USB_DEVICE/App/usbd_desc.c ****   * @param  speed : Current device speed
 233:USB_DEVICE/App/usbd_desc.c ****   * @param  length : Pointer to data length variable
ARM GAS  C:\Users\ADMINI~1\AppData\Local\Temp\ccOxvINk.s 			page 6


 234:USB_DEVICE/App/usbd_desc.c ****   * @retval Pointer to descriptor buffer
 235:USB_DEVICE/App/usbd_desc.c ****   */
 236:USB_DEVICE/App/usbd_desc.c **** uint8_t * USBD_FS_LangIDStrDescriptor(USBD_SpeedTypeDef speed, uint16_t *length)
 237:USB_DEVICE/App/usbd_desc.c **** {
  56              		.loc 1 237 0
  57              		.cfi_startproc
  58              		@ args = 0, pretend = 0, frame = 0
  59              		@ frame_needed = 0, uses_anonymous_args = 0
  60              		@ link register save eliminated.
  61              	.LVL2:
 238:USB_DEVICE/App/usbd_desc.c ****   UNUSED(speed);
 239:USB_DEVICE/App/usbd_desc.c ****   *length = sizeof(USBD_LangIDDesc);
  62              		.loc 1 239 0
  63 0000 0423     		movs	r3, #4
  64 0002 0B80     		strh	r3, [r1]	@ movhi
 240:USB_DEVICE/App/usbd_desc.c ****   return USBD_LangIDDesc;
 241:USB_DEVICE/App/usbd_desc.c **** }
  65              		.loc 1 241 0
  66 0004 0048     		ldr	r0, .L5
  67              	.LVL3:
  68 0006 7047     		bx	lr
  69              	.L6:
  70              		.align	2
  71              	.L5:
  72 0008 00000000 		.word	.LANCHOR1
  73              		.cfi_endproc
  74              	.LFE67:
  76              		.section	.text.IntToUnicode,"ax",%progbits
  77              		.align	2
  78              		.thumb
  79              		.thumb_func
  81              	IntToUnicode:
  82              	.LFB74:
 242:USB_DEVICE/App/usbd_desc.c **** 
 243:USB_DEVICE/App/usbd_desc.c **** /**
 244:USB_DEVICE/App/usbd_desc.c ****   * @brief  Return the product string descriptor
 245:USB_DEVICE/App/usbd_desc.c ****   * @param  speed : Current device speed
 246:USB_DEVICE/App/usbd_desc.c ****   * @param  length : Pointer to data length variable
 247:USB_DEVICE/App/usbd_desc.c ****   * @retval Pointer to descriptor buffer
 248:USB_DEVICE/App/usbd_desc.c ****   */
 249:USB_DEVICE/App/usbd_desc.c **** uint8_t * USBD_FS_ProductStrDescriptor(USBD_SpeedTypeDef speed, uint16_t *length)
 250:USB_DEVICE/App/usbd_desc.c **** {
 251:USB_DEVICE/App/usbd_desc.c ****   if(speed == 0)
 252:USB_DEVICE/App/usbd_desc.c ****   {
 253:USB_DEVICE/App/usbd_desc.c ****     USBD_GetString((uint8_t *)USBD_PRODUCT_STRING_FS, USBD_StrDesc, length);
 254:USB_DEVICE/App/usbd_desc.c ****   }
 255:USB_DEVICE/App/usbd_desc.c ****   else
 256:USB_DEVICE/App/usbd_desc.c ****   {
 257:USB_DEVICE/App/usbd_desc.c ****     USBD_GetString((uint8_t *)USBD_PRODUCT_STRING_FS, USBD_StrDesc, length);
 258:USB_DEVICE/App/usbd_desc.c ****   }
 259:USB_DEVICE/App/usbd_desc.c ****   return USBD_StrDesc;
 260:USB_DEVICE/App/usbd_desc.c **** }
 261:USB_DEVICE/App/usbd_desc.c **** 
 262:USB_DEVICE/App/usbd_desc.c **** /**
 263:USB_DEVICE/App/usbd_desc.c ****   * @brief  Return the manufacturer string descriptor
 264:USB_DEVICE/App/usbd_desc.c ****   * @param  speed : Current device speed
 265:USB_DEVICE/App/usbd_desc.c ****   * @param  length : Pointer to data length variable
ARM GAS  C:\Users\ADMINI~1\AppData\Local\Temp\ccOxvINk.s 			page 7


 266:USB_DEVICE/App/usbd_desc.c ****   * @retval Pointer to descriptor buffer
 267:USB_DEVICE/App/usbd_desc.c ****   */
 268:USB_DEVICE/App/usbd_desc.c **** uint8_t * USBD_FS_ManufacturerStrDescriptor(USBD_SpeedTypeDef speed, uint16_t *length)
 269:USB_DEVICE/App/usbd_desc.c **** {
 270:USB_DEVICE/App/usbd_desc.c ****   UNUSED(speed);
 271:USB_DEVICE/App/usbd_desc.c ****   USBD_GetString((uint8_t *)USBD_MANUFACTURER_STRING, USBD_StrDesc, length);
 272:USB_DEVICE/App/usbd_desc.c ****   return USBD_StrDesc;
 273:USB_DEVICE/App/usbd_desc.c **** }
 274:USB_DEVICE/App/usbd_desc.c **** 
 275:USB_DEVICE/App/usbd_desc.c **** /**
 276:USB_DEVICE/App/usbd_desc.c ****   * @brief  Return the serial number string descriptor
 277:USB_DEVICE/App/usbd_desc.c ****   * @param  speed : Current device speed
 278:USB_DEVICE/App/usbd_desc.c ****   * @param  length : Pointer to data length variable
 279:USB_DEVICE/App/usbd_desc.c ****   * @retval Pointer to descriptor buffer
 280:USB_DEVICE/App/usbd_desc.c ****   */
 281:USB_DEVICE/App/usbd_desc.c **** uint8_t * USBD_FS_SerialStrDescriptor(USBD_SpeedTypeDef speed, uint16_t *length)
 282:USB_DEVICE/App/usbd_desc.c **** {
 283:USB_DEVICE/App/usbd_desc.c ****   UNUSED(speed);
 284:USB_DEVICE/App/usbd_desc.c ****   *length = USB_SIZ_STRING_SERIAL;
 285:USB_DEVICE/App/usbd_desc.c **** 
 286:USB_DEVICE/App/usbd_desc.c ****   /* Update the serial number string descriptor with the data from the unique
 287:USB_DEVICE/App/usbd_desc.c ****    * ID */
 288:USB_DEVICE/App/usbd_desc.c ****   Get_SerialNum();
 289:USB_DEVICE/App/usbd_desc.c ****   /* USER CODE BEGIN USBD_FS_SerialStrDescriptor */
 290:USB_DEVICE/App/usbd_desc.c **** 
 291:USB_DEVICE/App/usbd_desc.c ****   /* USER CODE END USBD_FS_SerialStrDescriptor */
 292:USB_DEVICE/App/usbd_desc.c ****   return (uint8_t *) USBD_StringSerial;
 293:USB_DEVICE/App/usbd_desc.c **** }
 294:USB_DEVICE/App/usbd_desc.c **** 
 295:USB_DEVICE/App/usbd_desc.c **** /**
 296:USB_DEVICE/App/usbd_desc.c ****   * @brief  Return the configuration string descriptor
 297:USB_DEVICE/App/usbd_desc.c ****   * @param  speed : Current device speed
 298:USB_DEVICE/App/usbd_desc.c ****   * @param  length : Pointer to data length variable
 299:USB_DEVICE/App/usbd_desc.c ****   * @retval Pointer to descriptor buffer
 300:USB_DEVICE/App/usbd_desc.c ****   */
 301:USB_DEVICE/App/usbd_desc.c **** uint8_t * USBD_FS_ConfigStrDescriptor(USBD_SpeedTypeDef speed, uint16_t *length)
 302:USB_DEVICE/App/usbd_desc.c **** {
 303:USB_DEVICE/App/usbd_desc.c ****   if(speed == USBD_SPEED_HIGH)
 304:USB_DEVICE/App/usbd_desc.c ****   {
 305:USB_DEVICE/App/usbd_desc.c ****     USBD_GetString((uint8_t *)USBD_CONFIGURATION_STRING_FS, USBD_StrDesc, length);
 306:USB_DEVICE/App/usbd_desc.c ****   }
 307:USB_DEVICE/App/usbd_desc.c ****   else
 308:USB_DEVICE/App/usbd_desc.c ****   {
 309:USB_DEVICE/App/usbd_desc.c ****     USBD_GetString((uint8_t *)USBD_CONFIGURATION_STRING_FS, USBD_StrDesc, length);
 310:USB_DEVICE/App/usbd_desc.c ****   }
 311:USB_DEVICE/App/usbd_desc.c ****   return USBD_StrDesc;
 312:USB_DEVICE/App/usbd_desc.c **** }
 313:USB_DEVICE/App/usbd_desc.c **** 
 314:USB_DEVICE/App/usbd_desc.c **** /**
 315:USB_DEVICE/App/usbd_desc.c ****   * @brief  Return the interface string descriptor
 316:USB_DEVICE/App/usbd_desc.c ****   * @param  speed : Current device speed
 317:USB_DEVICE/App/usbd_desc.c ****   * @param  length : Pointer to data length variable
 318:USB_DEVICE/App/usbd_desc.c ****   * @retval Pointer to descriptor buffer
 319:USB_DEVICE/App/usbd_desc.c ****   */
 320:USB_DEVICE/App/usbd_desc.c **** uint8_t * USBD_FS_InterfaceStrDescriptor(USBD_SpeedTypeDef speed, uint16_t *length)
 321:USB_DEVICE/App/usbd_desc.c **** {
 322:USB_DEVICE/App/usbd_desc.c ****   if(speed == 0)
ARM GAS  C:\Users\ADMINI~1\AppData\Local\Temp\ccOxvINk.s 			page 8


 323:USB_DEVICE/App/usbd_desc.c ****   {
 324:USB_DEVICE/App/usbd_desc.c ****     USBD_GetString((uint8_t *)USBD_INTERFACE_STRING_FS, USBD_StrDesc, length);
 325:USB_DEVICE/App/usbd_desc.c ****   }
 326:USB_DEVICE/App/usbd_desc.c ****   else
 327:USB_DEVICE/App/usbd_desc.c ****   {
 328:USB_DEVICE/App/usbd_desc.c ****     USBD_GetString((uint8_t *)USBD_INTERFACE_STRING_FS, USBD_StrDesc, length);
 329:USB_DEVICE/App/usbd_desc.c ****   }
 330:USB_DEVICE/App/usbd_desc.c ****   return USBD_StrDesc;
 331:USB_DEVICE/App/usbd_desc.c **** }
 332:USB_DEVICE/App/usbd_desc.c **** 
 333:USB_DEVICE/App/usbd_desc.c **** /**
 334:USB_DEVICE/App/usbd_desc.c ****   * @brief  Create the serial number string descriptor
 335:USB_DEVICE/App/usbd_desc.c ****   * @param  None
 336:USB_DEVICE/App/usbd_desc.c ****   * @retval None
 337:USB_DEVICE/App/usbd_desc.c ****   */
 338:USB_DEVICE/App/usbd_desc.c **** static void Get_SerialNum(void)
 339:USB_DEVICE/App/usbd_desc.c **** {
 340:USB_DEVICE/App/usbd_desc.c ****   uint32_t deviceserial0, deviceserial1, deviceserial2;
 341:USB_DEVICE/App/usbd_desc.c **** 
 342:USB_DEVICE/App/usbd_desc.c ****   deviceserial0 = *(uint32_t *) DEVICE_ID1;
 343:USB_DEVICE/App/usbd_desc.c ****   deviceserial1 = *(uint32_t *) DEVICE_ID2;
 344:USB_DEVICE/App/usbd_desc.c ****   deviceserial2 = *(uint32_t *) DEVICE_ID3;
 345:USB_DEVICE/App/usbd_desc.c **** 
 346:USB_DEVICE/App/usbd_desc.c ****   deviceserial0 += deviceserial2;
 347:USB_DEVICE/App/usbd_desc.c **** 
 348:USB_DEVICE/App/usbd_desc.c ****   if (deviceserial0 != 0)
 349:USB_DEVICE/App/usbd_desc.c ****   {
 350:USB_DEVICE/App/usbd_desc.c ****     IntToUnicode(deviceserial0, &USBD_StringSerial[2], 8);
 351:USB_DEVICE/App/usbd_desc.c ****     IntToUnicode(deviceserial1, &USBD_StringSerial[18], 4);
 352:USB_DEVICE/App/usbd_desc.c ****   }
 353:USB_DEVICE/App/usbd_desc.c **** }
 354:USB_DEVICE/App/usbd_desc.c **** 
 355:USB_DEVICE/App/usbd_desc.c **** /**
 356:USB_DEVICE/App/usbd_desc.c ****   * @brief  Convert Hex 32Bits value into char
 357:USB_DEVICE/App/usbd_desc.c ****   * @param  value: value to convert
 358:USB_DEVICE/App/usbd_desc.c ****   * @param  pbuf: pointer to the buffer
 359:USB_DEVICE/App/usbd_desc.c ****   * @param  len: buffer length
 360:USB_DEVICE/App/usbd_desc.c ****   * @retval None
 361:USB_DEVICE/App/usbd_desc.c ****   */
 362:USB_DEVICE/App/usbd_desc.c **** static void IntToUnicode(uint32_t value, uint8_t * pbuf, uint8_t len)
 363:USB_DEVICE/App/usbd_desc.c **** {
  83              		.loc 1 363 0
  84              		.cfi_startproc
  85              		@ args = 0, pretend = 0, frame = 0
  86              		@ frame_needed = 0, uses_anonymous_args = 0
  87              		@ link register save eliminated.
  88              	.LVL4:
  89 0000 30B4     		push	{r4, r5}
  90              	.LCFI0:
  91              		.cfi_def_cfa_offset 8
  92              		.cfi_offset 4, -8
  93              		.cfi_offset 5, -4
  94              	.LVL5:
 364:USB_DEVICE/App/usbd_desc.c ****   uint8_t idx = 0;
 365:USB_DEVICE/App/usbd_desc.c **** 
 366:USB_DEVICE/App/usbd_desc.c ****   for (idx = 0; idx < len; idx++)
  95              		.loc 1 366 0
ARM GAS  C:\Users\ADMINI~1\AppData\Local\Temp\ccOxvINk.s 			page 9


  96 0002 0023     		movs	r3, #0
  97 0004 10E0     		b	.L8
  98              	.LVL6:
  99              	.L11:
 367:USB_DEVICE/App/usbd_desc.c ****   {
 368:USB_DEVICE/App/usbd_desc.c ****     if (((value >> 28)) < 0xA)
 100              		.loc 1 368 0
 101 0006 040F     		lsrs	r4, r0, #28
 102 0008 092C     		cmp	r4, #9
 103 000a 03D8     		bhi	.L9
 369:USB_DEVICE/App/usbd_desc.c ****     {
 370:USB_DEVICE/App/usbd_desc.c ****       pbuf[2 * idx] = (value >> 28) + '0';
 104              		.loc 1 370 0
 105 000c 3034     		adds	r4, r4, #48
 106 000e 01F81340 		strb	r4, [r1, r3, lsl #1]
 107 0012 02E0     		b	.L10
 108              	.L9:
 371:USB_DEVICE/App/usbd_desc.c ****     }
 372:USB_DEVICE/App/usbd_desc.c ****     else
 373:USB_DEVICE/App/usbd_desc.c ****     {
 374:USB_DEVICE/App/usbd_desc.c ****       pbuf[2 * idx] = (value >> 28) + 'A' - 10;
 109              		.loc 1 374 0
 110 0014 3734     		adds	r4, r4, #55
 111 0016 01F81340 		strb	r4, [r1, r3, lsl #1]
 112              	.L10:
 375:USB_DEVICE/App/usbd_desc.c ****     }
 376:USB_DEVICE/App/usbd_desc.c **** 
 377:USB_DEVICE/App/usbd_desc.c ****     value = value << 4;
 113              		.loc 1 377 0 discriminator 2
 114 001a 0001     		lsls	r0, r0, #4
 115              	.LVL7:
 378:USB_DEVICE/App/usbd_desc.c **** 
 379:USB_DEVICE/App/usbd_desc.c ****     pbuf[2 * idx + 1] = 0;
 116              		.loc 1 379 0 discriminator 2
 117 001c 5C00     		lsls	r4, r3, #1
 118 001e 0134     		adds	r4, r4, #1
 119 0020 0025     		movs	r5, #0
 120 0022 0D55     		strb	r5, [r1, r4]
 366:USB_DEVICE/App/usbd_desc.c ****   {
 121              		.loc 1 366 0 discriminator 2
 122 0024 0133     		adds	r3, r3, #1
 123              	.LVL8:
 124 0026 DBB2     		uxtb	r3, r3
 125              	.LVL9:
 126              	.L8:
 366:USB_DEVICE/App/usbd_desc.c ****   {
 127              		.loc 1 366 0 is_stmt 0 discriminator 1
 128 0028 9342     		cmp	r3, r2
 129 002a ECD3     		bcc	.L11
 380:USB_DEVICE/App/usbd_desc.c ****   }
 381:USB_DEVICE/App/usbd_desc.c **** }
 130              		.loc 1 381 0 is_stmt 1
 131 002c 30BC     		pop	{r4, r5}
 132              	.LCFI1:
 133              		.cfi_restore 5
 134              		.cfi_restore 4
 135              		.cfi_def_cfa_offset 0
ARM GAS  C:\Users\ADMINI~1\AppData\Local\Temp\ccOxvINk.s 			page 10


 136 002e 7047     		bx	lr
 137              		.cfi_endproc
 138              	.LFE74:
 140              		.section	.text.Get_SerialNum,"ax",%progbits
 141              		.align	2
 142              		.thumb
 143              		.thumb_func
 145              	Get_SerialNum:
 146              	.LFB73:
 339:USB_DEVICE/App/usbd_desc.c ****   uint32_t deviceserial0, deviceserial1, deviceserial2;
 147              		.loc 1 339 0
 148              		.cfi_startproc
 149              		@ args = 0, pretend = 0, frame = 0
 150              		@ frame_needed = 0, uses_anonymous_args = 0
 151 0000 38B5     		push	{r3, r4, r5, lr}
 152              	.LCFI2:
 153              		.cfi_def_cfa_offset 16
 154              		.cfi_offset 3, -16
 155              		.cfi_offset 4, -12
 156              		.cfi_offset 5, -8
 157              		.cfi_offset 14, -4
 342:USB_DEVICE/App/usbd_desc.c ****   deviceserial1 = *(uint32_t *) DEVICE_ID2;
 158              		.loc 1 342 0
 159 0002 0A4B     		ldr	r3, .L16
 160 0004 1B68     		ldr	r3, [r3]
 161              	.LVL10:
 343:USB_DEVICE/App/usbd_desc.c ****   deviceserial2 = *(uint32_t *) DEVICE_ID3;
 162              		.loc 1 343 0
 163 0006 0A4A     		ldr	r2, .L16+4
 164 0008 1468     		ldr	r4, [r2]
 165              	.LVL11:
 344:USB_DEVICE/App/usbd_desc.c **** 
 166              		.loc 1 344 0
 167 000a 0432     		adds	r2, r2, #4
 168 000c 1068     		ldr	r0, [r2]
 169              	.LVL12:
 348:USB_DEVICE/App/usbd_desc.c ****   {
 170              		.loc 1 348 0
 171 000e 1818     		adds	r0, r3, r0
 172              	.LVL13:
 173 0010 0AD0     		beq	.L13
 350:USB_DEVICE/App/usbd_desc.c ****     IntToUnicode(deviceserial1, &USBD_StringSerial[18], 4);
 174              		.loc 1 350 0
 175 0012 084D     		ldr	r5, .L16+8
 176 0014 0822     		movs	r2, #8
 177              	.LVL14:
 178 0016 A91C     		adds	r1, r5, #2
 179 0018 FFF7FEFF 		bl	IntToUnicode
 180              	.LVL15:
 351:USB_DEVICE/App/usbd_desc.c ****   }
 181              		.loc 1 351 0
 182 001c 0422     		movs	r2, #4
 183 001e 05F11201 		add	r1, r5, #18
 184 0022 2046     		mov	r0, r4
 185 0024 FFF7FEFF 		bl	IntToUnicode
 186              	.LVL16:
 187              	.L13:
ARM GAS  C:\Users\ADMINI~1\AppData\Local\Temp\ccOxvINk.s 			page 11


 188 0028 38BD     		pop	{r3, r4, r5, pc}
 189              	.LVL17:
 190              	.L17:
 191 002a 00BF     		.align	2
 192              	.L16:
 193 002c E8F7FF1F 		.word	536868840
 194 0030 ECF7FF1F 		.word	536868844
 195 0034 00000000 		.word	.LANCHOR2
 196              		.cfi_endproc
 197              	.LFE73:
 199              		.section	.text.USBD_FS_SerialStrDescriptor,"ax",%progbits
 200              		.align	2
 201              		.global	USBD_FS_SerialStrDescriptor
 202              		.thumb
 203              		.thumb_func
 205              	USBD_FS_SerialStrDescriptor:
 206              	.LFB70:
 282:USB_DEVICE/App/usbd_desc.c ****   UNUSED(speed);
 207              		.loc 1 282 0
 208              		.cfi_startproc
 209              		@ args = 0, pretend = 0, frame = 0
 210              		@ frame_needed = 0, uses_anonymous_args = 0
 211              	.LVL18:
 212 0000 08B5     		push	{r3, lr}
 213              	.LCFI3:
 214              		.cfi_def_cfa_offset 8
 215              		.cfi_offset 3, -8
 216              		.cfi_offset 14, -4
 284:USB_DEVICE/App/usbd_desc.c **** 
 217              		.loc 1 284 0
 218 0002 1A23     		movs	r3, #26
 219 0004 0B80     		strh	r3, [r1]	@ movhi
 288:USB_DEVICE/App/usbd_desc.c ****   /* USER CODE BEGIN USBD_FS_SerialStrDescriptor */
 220              		.loc 1 288 0
 221 0006 FFF7FEFF 		bl	Get_SerialNum
 222              	.LVL19:
 293:USB_DEVICE/App/usbd_desc.c **** 
 223              		.loc 1 293 0
 224 000a 0148     		ldr	r0, .L20
 225 000c 08BD     		pop	{r3, pc}
 226              	.L21:
 227 000e 00BF     		.align	2
 228              	.L20:
 229 0010 00000000 		.word	.LANCHOR2
 230              		.cfi_endproc
 231              	.LFE70:
 233              		.section	.text.USBD_FS_ProductStrDescriptor,"ax",%progbits
 234              		.align	2
 235              		.global	USBD_FS_ProductStrDescriptor
 236              		.thumb
 237              		.thumb_func
 239              	USBD_FS_ProductStrDescriptor:
 240              	.LFB68:
 250:USB_DEVICE/App/usbd_desc.c ****   if(speed == 0)
 241              		.loc 1 250 0
 242              		.cfi_startproc
 243              		@ args = 0, pretend = 0, frame = 0
ARM GAS  C:\Users\ADMINI~1\AppData\Local\Temp\ccOxvINk.s 			page 12


 244              		@ frame_needed = 0, uses_anonymous_args = 0
 245              	.LVL20:
 246 0000 08B5     		push	{r3, lr}
 247              	.LCFI4:
 248              		.cfi_def_cfa_offset 8
 249              		.cfi_offset 3, -8
 250              		.cfi_offset 14, -4
 251 0002 0A46     		mov	r2, r1
 251:USB_DEVICE/App/usbd_desc.c ****   {
 252              		.loc 1 251 0
 253 0004 20B9     		cbnz	r0, .L23
 253:USB_DEVICE/App/usbd_desc.c ****   }
 254              		.loc 1 253 0
 255 0006 0549     		ldr	r1, .L26
 256              	.LVL21:
 257 0008 0548     		ldr	r0, .L26+4
 258              	.LVL22:
 259 000a FFF7FEFF 		bl	USBD_GetString
 260              	.LVL23:
 261 000e 03E0     		b	.L24
 262              	.LVL24:
 263              	.L23:
 257:USB_DEVICE/App/usbd_desc.c ****   }
 264              		.loc 1 257 0
 265 0010 0249     		ldr	r1, .L26
 266              	.LVL25:
 267 0012 0348     		ldr	r0, .L26+4
 268              	.LVL26:
 269 0014 FFF7FEFF 		bl	USBD_GetString
 270              	.LVL27:
 271              	.L24:
 260:USB_DEVICE/App/usbd_desc.c **** 
 272              		.loc 1 260 0
 273 0018 0048     		ldr	r0, .L26
 274 001a 08BD     		pop	{r3, pc}
 275              	.L27:
 276              		.align	2
 277              	.L26:
 278 001c 00000000 		.word	USBD_StrDesc
 279 0020 00000000 		.word	.LC0
 280              		.cfi_endproc
 281              	.LFE68:
 283              		.section	.text.USBD_FS_ManufacturerStrDescriptor,"ax",%progbits
 284              		.align	2
 285              		.global	USBD_FS_ManufacturerStrDescriptor
 286              		.thumb
 287              		.thumb_func
 289              	USBD_FS_ManufacturerStrDescriptor:
 290              	.LFB69:
 269:USB_DEVICE/App/usbd_desc.c ****   UNUSED(speed);
 291              		.loc 1 269 0
 292              		.cfi_startproc
 293              		@ args = 0, pretend = 0, frame = 0
 294              		@ frame_needed = 0, uses_anonymous_args = 0
 295              	.LVL28:
 296 0000 10B5     		push	{r4, lr}
 297              	.LCFI5:
ARM GAS  C:\Users\ADMINI~1\AppData\Local\Temp\ccOxvINk.s 			page 13


 298              		.cfi_def_cfa_offset 8
 299              		.cfi_offset 4, -8
 300              		.cfi_offset 14, -4
 271:USB_DEVICE/App/usbd_desc.c ****   return USBD_StrDesc;
 301              		.loc 1 271 0
 302 0002 044C     		ldr	r4, .L30
 303 0004 0A46     		mov	r2, r1
 304 0006 2146     		mov	r1, r4
 305              	.LVL29:
 306 0008 0348     		ldr	r0, .L30+4
 307              	.LVL30:
 308 000a FFF7FEFF 		bl	USBD_GetString
 309              	.LVL31:
 273:USB_DEVICE/App/usbd_desc.c **** 
 310              		.loc 1 273 0
 311 000e 2046     		mov	r0, r4
 312 0010 10BD     		pop	{r4, pc}
 313              	.L31:
 314 0012 00BF     		.align	2
 315              	.L30:
 316 0014 00000000 		.word	USBD_StrDesc
 317 0018 18000000 		.word	.LC1
 318              		.cfi_endproc
 319              	.LFE69:
 321              		.section	.text.USBD_FS_ConfigStrDescriptor,"ax",%progbits
 322              		.align	2
 323              		.global	USBD_FS_ConfigStrDescriptor
 324              		.thumb
 325              		.thumb_func
 327              	USBD_FS_ConfigStrDescriptor:
 328              	.LFB71:
 302:USB_DEVICE/App/usbd_desc.c ****   if(speed == USBD_SPEED_HIGH)
 329              		.loc 1 302 0
 330              		.cfi_startproc
 331              		@ args = 0, pretend = 0, frame = 0
 332              		@ frame_needed = 0, uses_anonymous_args = 0
 333              	.LVL32:
 334 0000 08B5     		push	{r3, lr}
 335              	.LCFI6:
 336              		.cfi_def_cfa_offset 8
 337              		.cfi_offset 3, -8
 338              		.cfi_offset 14, -4
 339 0002 0A46     		mov	r2, r1
 303:USB_DEVICE/App/usbd_desc.c ****   {
 340              		.loc 1 303 0
 341 0004 20B9     		cbnz	r0, .L33
 305:USB_DEVICE/App/usbd_desc.c ****   }
 342              		.loc 1 305 0
 343 0006 0549     		ldr	r1, .L36
 344              	.LVL33:
 345 0008 0548     		ldr	r0, .L36+4
 346              	.LVL34:
 347 000a FFF7FEFF 		bl	USBD_GetString
 348              	.LVL35:
 349 000e 03E0     		b	.L34
 350              	.LVL36:
 351              	.L33:
ARM GAS  C:\Users\ADMINI~1\AppData\Local\Temp\ccOxvINk.s 			page 14


 309:USB_DEVICE/App/usbd_desc.c ****   }
 352              		.loc 1 309 0
 353 0010 0249     		ldr	r1, .L36
 354              	.LVL37:
 355 0012 0348     		ldr	r0, .L36+4
 356              	.LVL38:
 357 0014 FFF7FEFF 		bl	USBD_GetString
 358              	.LVL39:
 359              	.L34:
 312:USB_DEVICE/App/usbd_desc.c **** 
 360              		.loc 1 312 0
 361 0018 0048     		ldr	r0, .L36
 362 001a 08BD     		pop	{r3, pc}
 363              	.L37:
 364              		.align	2
 365              	.L36:
 366 001c 00000000 		.word	USBD_StrDesc
 367 0020 2C000000 		.word	.LC2
 368              		.cfi_endproc
 369              	.LFE71:
 371              		.section	.text.USBD_FS_InterfaceStrDescriptor,"ax",%progbits
 372              		.align	2
 373              		.global	USBD_FS_InterfaceStrDescriptor
 374              		.thumb
 375              		.thumb_func
 377              	USBD_FS_InterfaceStrDescriptor:
 378              	.LFB72:
 321:USB_DEVICE/App/usbd_desc.c ****   if(speed == 0)
 379              		.loc 1 321 0
 380              		.cfi_startproc
 381              		@ args = 0, pretend = 0, frame = 0
 382              		@ frame_needed = 0, uses_anonymous_args = 0
 383              	.LVL40:
 384 0000 08B5     		push	{r3, lr}
 385              	.LCFI7:
 386              		.cfi_def_cfa_offset 8
 387              		.cfi_offset 3, -8
 388              		.cfi_offset 14, -4
 389 0002 0A46     		mov	r2, r1
 322:USB_DEVICE/App/usbd_desc.c ****   {
 390              		.loc 1 322 0
 391 0004 20B9     		cbnz	r0, .L39
 324:USB_DEVICE/App/usbd_desc.c ****   }
 392              		.loc 1 324 0
 393 0006 0549     		ldr	r1, .L42
 394              	.LVL41:
 395 0008 0548     		ldr	r0, .L42+4
 396              	.LVL42:
 397 000a FFF7FEFF 		bl	USBD_GetString
 398              	.LVL43:
 399 000e 03E0     		b	.L40
 400              	.LVL44:
 401              	.L39:
 328:USB_DEVICE/App/usbd_desc.c ****   }
 402              		.loc 1 328 0
 403 0010 0249     		ldr	r1, .L42
 404              	.LVL45:
ARM GAS  C:\Users\ADMINI~1\AppData\Local\Temp\ccOxvINk.s 			page 15


 405 0012 0348     		ldr	r0, .L42+4
 406              	.LVL46:
 407 0014 FFF7FEFF 		bl	USBD_GetString
 408              	.LVL47:
 409              	.L40:
 331:USB_DEVICE/App/usbd_desc.c **** 
 410              		.loc 1 331 0
 411 0018 0048     		ldr	r0, .L42
 412 001a 08BD     		pop	{r3, pc}
 413              	.L43:
 414              		.align	2
 415              	.L42:
 416 001c 00000000 		.word	USBD_StrDesc
 417 0020 38000000 		.word	.LC3
 418              		.cfi_endproc
 419              	.LFE72:
 421              		.global	USBD_StringSerial
 422              		.comm	USBD_StrDesc,512,4
 423              		.global	USBD_LangIDDesc
 424              		.global	USBD_FS_DeviceDesc
 425              		.global	FS_Desc
 426              		.section	.data.FS_Desc,"aw",%progbits
 427              		.align	2
 430              	FS_Desc:
 431 0000 00000000 		.word	USBD_FS_DeviceDescriptor
 432 0004 00000000 		.word	USBD_FS_LangIDStrDescriptor
 433 0008 00000000 		.word	USBD_FS_ManufacturerStrDescriptor
 434 000c 00000000 		.word	USBD_FS_ProductStrDescriptor
 435 0010 00000000 		.word	USBD_FS_SerialStrDescriptor
 436 0014 00000000 		.word	USBD_FS_ConfigStrDescriptor
 437 0018 00000000 		.word	USBD_FS_InterfaceStrDescriptor
 438              		.section	.rodata.str1.4,"aMS",%progbits,1
 439              		.align	2
 440              	.LC0:
 441 0000 53544D33 		.ascii	"STM32 Virtual ComPort\000"
 441      32205669 
 441      72747561 
 441      6C20436F 
 441      6D506F72 
 442 0016 0000     		.space	2
 443              	.LC1:
 444 0018 53544D69 		.ascii	"STMicroelectronics\000"
 444      63726F65 
 444      6C656374 
 444      726F6E69 
 444      637300
 445 002b 00       		.space	1
 446              	.LC2:
 447 002c 43444320 		.ascii	"CDC Config\000"
 447      436F6E66 
 447      696700
 448 0037 00       		.space	1
 449              	.LC3:
 450 0038 43444320 		.ascii	"CDC Interface\000"
 450      496E7465 
 450      72666163 
 450      6500
ARM GAS  C:\Users\ADMINI~1\AppData\Local\Temp\ccOxvINk.s 			page 16


 451              		.section	.data.USBD_LangIDDesc,"aw",%progbits
 452              		.align	2
 453              		.set	.LANCHOR1,. + 0
 456              	USBD_LangIDDesc:
 457 0000 04       		.byte	4
 458 0001 03       		.byte	3
 459 0002 09       		.byte	9
 460 0003 04       		.byte	4
 461              		.section	.data.USBD_StringSerial,"aw",%progbits
 462              		.align	2
 463              		.set	.LANCHOR2,. + 0
 466              	USBD_StringSerial:
 467 0000 1A       		.byte	26
 468 0001 03       		.byte	3
 469 0002 00000000 		.space	24
 469      00000000 
 469      00000000 
 469      00000000 
 469      00000000 
 470              		.section	.data.USBD_FS_DeviceDesc,"aw",%progbits
 471              		.align	2
 472              		.set	.LANCHOR0,. + 0
 475              	USBD_FS_DeviceDesc:
 476 0000 12       		.byte	18
 477 0001 01       		.byte	1
 478 0002 00       		.byte	0
 479 0003 02       		.byte	2
 480 0004 02       		.byte	2
 481 0005 02       		.byte	2
 482 0006 00       		.byte	0
 483 0007 40       		.byte	64
 484 0008 83       		.byte	-125
 485 0009 04       		.byte	4
 486 000a 40       		.byte	64
 487 000b 57       		.byte	87
 488 000c 00       		.byte	0
 489 000d 02       		.byte	2
 490 000e 01       		.byte	1
 491 000f 02       		.byte	2
 492 0010 03       		.byte	3
 493 0011 01       		.byte	1
 494              		.text
 495              	.Letext0:
 496              		.file 2 "d:\\devtools\\gcc-arm\\arm-none-eabi\\include\\machine\\_default_types.h"
 497              		.file 3 "d:\\devtools\\gcc-arm\\arm-none-eabi\\include\\sys\\_stdint.h"
 498              		.file 4 "Middlewares/ST/STM32_USB_Device_Library/Core/Inc/usbd_def.h"
 499              		.file 5 "Drivers/CMSIS/Include/core_cm3.h"
 500              		.file 6 "Middlewares/ST/STM32_USB_Device_Library/Core/Inc/usbd_ctlreq.h"
ARM GAS  C:\Users\ADMINI~1\AppData\Local\Temp\ccOxvINk.s 			page 17


DEFINED SYMBOLS
                            *ABS*:00000000 usbd_desc.c
C:\Users\ADMINI~1\AppData\Local\Temp\ccOxvINk.s:20     .text.USBD_FS_DeviceDescriptor:00000000 $t
C:\Users\ADMINI~1\AppData\Local\Temp\ccOxvINk.s:25     .text.USBD_FS_DeviceDescriptor:00000000 USBD_FS_DeviceDescriptor
C:\Users\ADMINI~1\AppData\Local\Temp\ccOxvINk.s:44     .text.USBD_FS_DeviceDescriptor:00000008 $d
C:\Users\ADMINI~1\AppData\Local\Temp\ccOxvINk.s:49     .text.USBD_FS_LangIDStrDescriptor:00000000 $t
C:\Users\ADMINI~1\AppData\Local\Temp\ccOxvINk.s:54     .text.USBD_FS_LangIDStrDescriptor:00000000 USBD_FS_LangIDStrDescriptor
C:\Users\ADMINI~1\AppData\Local\Temp\ccOxvINk.s:72     .text.USBD_FS_LangIDStrDescriptor:00000008 $d
C:\Users\ADMINI~1\AppData\Local\Temp\ccOxvINk.s:77     .text.IntToUnicode:00000000 $t
C:\Users\ADMINI~1\AppData\Local\Temp\ccOxvINk.s:81     .text.IntToUnicode:00000000 IntToUnicode
C:\Users\ADMINI~1\AppData\Local\Temp\ccOxvINk.s:141    .text.Get_SerialNum:00000000 $t
C:\Users\ADMINI~1\AppData\Local\Temp\ccOxvINk.s:145    .text.Get_SerialNum:00000000 Get_SerialNum
C:\Users\ADMINI~1\AppData\Local\Temp\ccOxvINk.s:193    .text.Get_SerialNum:0000002c $d
C:\Users\ADMINI~1\AppData\Local\Temp\ccOxvINk.s:200    .text.USBD_FS_SerialStrDescriptor:00000000 $t
C:\Users\ADMINI~1\AppData\Local\Temp\ccOxvINk.s:205    .text.USBD_FS_SerialStrDescriptor:00000000 USBD_FS_SerialStrDescriptor
C:\Users\ADMINI~1\AppData\Local\Temp\ccOxvINk.s:229    .text.USBD_FS_SerialStrDescriptor:00000010 $d
C:\Users\ADMINI~1\AppData\Local\Temp\ccOxvINk.s:234    .text.USBD_FS_ProductStrDescriptor:00000000 $t
C:\Users\ADMINI~1\AppData\Local\Temp\ccOxvINk.s:239    .text.USBD_FS_ProductStrDescriptor:00000000 USBD_FS_ProductStrDescriptor
C:\Users\ADMINI~1\AppData\Local\Temp\ccOxvINk.s:278    .text.USBD_FS_ProductStrDescriptor:0000001c $d
                            *COM*:00000200 USBD_StrDesc
C:\Users\ADMINI~1\AppData\Local\Temp\ccOxvINk.s:284    .text.USBD_FS_ManufacturerStrDescriptor:00000000 $t
C:\Users\ADMINI~1\AppData\Local\Temp\ccOxvINk.s:289    .text.USBD_FS_ManufacturerStrDescriptor:00000000 USBD_FS_ManufacturerStrDescriptor
C:\Users\ADMINI~1\AppData\Local\Temp\ccOxvINk.s:316    .text.USBD_FS_ManufacturerStrDescriptor:00000014 $d
C:\Users\ADMINI~1\AppData\Local\Temp\ccOxvINk.s:322    .text.USBD_FS_ConfigStrDescriptor:00000000 $t
C:\Users\ADMINI~1\AppData\Local\Temp\ccOxvINk.s:327    .text.USBD_FS_ConfigStrDescriptor:00000000 USBD_FS_ConfigStrDescriptor
C:\Users\ADMINI~1\AppData\Local\Temp\ccOxvINk.s:366    .text.USBD_FS_ConfigStrDescriptor:0000001c $d
C:\Users\ADMINI~1\AppData\Local\Temp\ccOxvINk.s:372    .text.USBD_FS_InterfaceStrDescriptor:00000000 $t
C:\Users\ADMINI~1\AppData\Local\Temp\ccOxvINk.s:377    .text.USBD_FS_InterfaceStrDescriptor:00000000 USBD_FS_InterfaceStrDescriptor
C:\Users\ADMINI~1\AppData\Local\Temp\ccOxvINk.s:416    .text.USBD_FS_InterfaceStrDescriptor:0000001c $d
C:\Users\ADMINI~1\AppData\Local\Temp\ccOxvINk.s:466    .data.USBD_StringSerial:00000000 USBD_StringSerial
C:\Users\ADMINI~1\AppData\Local\Temp\ccOxvINk.s:456    .data.USBD_LangIDDesc:00000000 USBD_LangIDDesc
C:\Users\ADMINI~1\AppData\Local\Temp\ccOxvINk.s:475    .data.USBD_FS_DeviceDesc:00000000 USBD_FS_DeviceDesc
C:\Users\ADMINI~1\AppData\Local\Temp\ccOxvINk.s:430    .data.FS_Desc:00000000 FS_Desc
C:\Users\ADMINI~1\AppData\Local\Temp\ccOxvINk.s:427    .data.FS_Desc:00000000 $d
C:\Users\ADMINI~1\AppData\Local\Temp\ccOxvINk.s:439    .rodata.str1.4:00000000 $d
C:\Users\ADMINI~1\AppData\Local\Temp\ccOxvINk.s:452    .data.USBD_LangIDDesc:00000000 $d
C:\Users\ADMINI~1\AppData\Local\Temp\ccOxvINk.s:462    .data.USBD_StringSerial:00000000 $d
C:\Users\ADMINI~1\AppData\Local\Temp\ccOxvINk.s:471    .data.USBD_FS_DeviceDesc:00000000 $d
                     .debug_frame:00000010 $d

UNDEFINED SYMBOLS
USBD_GetString
